   3.47222225E-03   80362934416724.234        147723588771069.28     
   6.94444450E-03   80362945146997.375        147723614324098.72     
   1.04166670E-02   80362963902793.234        147723656788426.97     
   1.38888890E-02   80362990764822.688        147723716164136.00     
   1.73611119E-02   80363025849469.719        147723792438965.44     
   2.08333340E-02   80363069295994.375        147723885604740.56     
   2.43055560E-02   80363121072003.969        147723995657332.41     
   2.77777780E-02   80363181122740.688        147724122583655.38     
   3.12500000E-02   80363249380304.219        147724266373796.38     
   3.47222239E-02   80363325643401.031        147724427018992.66     
   3.81944440E-02   80363409738504.219        147724604504494.38     
   4.16666679E-02   80363501538913.438        147724798814568.50     
   4.51388881E-02   80363600916162.422        147725009932937.00     
   4.86111119E-02   80363707806842.656        147725237834760.44     
   5.20833321E-02   80363822228893.594        147725482499361.56     
   5.55555560E-02   80363944197459.750        147725743904098.03     
   5.90277761E-02   80364073754886.500        147726022022544.66     
   6.25000000E-02   80364210967966.844        147726316827902.94     
   6.59722239E-02   80364355881320.578        147726628291815.75     
   6.94444478E-02   80364508531001.703        147726956385835.53     
   7.29166642E-02   80364668923632.688        147727301077825.38     
   7.63888881E-02   80364837019286.922        147727662335296.62     
   7.98611119E-02   80365012777289.750        147728040124628.91     
   8.33333358E-02   80365196170984.797        147728434408565.19     
   8.68055522E-02   80365387198847.578        147728845149655.44     
   9.02777761E-02   80365585856753.719        147729272312155.03     
   9.37500000E-02   80365792133305.812        147729715856604.50     
   9.72222239E-02   80366006050461.281        147730175740747.88     
  0.100694448       80366227631998.328        147730651922993.25     
  0.104166664       80366456900739.547        147731144358480.53     
  0.107638888       80366693877577.438        147731653002405.28     
  0.111111112       80366938573222.562        147732177807380.38     
  0.114583336       80367190997880.406        147732718722853.34     
  0.118055552       80367451127657.281        147733275700013.47     
  0.121527776       80367718944470.219        147733848687819.44     
  0.125000000       80367994434898.469        147734437631482.97     
  0.128472224       80368277549630.125        147735042476396.28     
  0.131944448       80368568243464.594        147735663167364.41     
  0.135416672       80368866483283.312        147736299647819.72     
  0.138888896       80369172224681.938        147736951862205.78     
  0.142361104       80369485418329.594        147737619751068.41     
  0.145833328       80369806014832.953        147738303255462.84     
  0.149305552       80370133950542.562        147739002318578.50     
  0.152777776       80370469160266.672        147739716877777.22     
  0.156250000       80370811584678.906        147740446871801.25     
  0.159722224       80371161169788.281        147741192235663.94     
  0.163194448       80371517879755.375        147741952903932.06     
  0.166666672       80371881652185.531        147742728810463.78     
  0.170138896       80372252448481.984        147743519886625.31     
  0.173611104       80372630223509.828        147744326063524.41     
  0.177083328       80373014923584.453        147745147269888.84     
  0.180555552       80373406513568.891        147745983435214.38     
  0.184027776       80373804933491.875        147746834487237.00     
  0.187500000       80374210146420.125        147747700353528.75     
  0.190972224       80374622102525.594        147748580962040.88     
  0.194444448       80375040763795.438        147749476239189.62     
  0.197916672       80375466089915.500        147750386111159.28     
  0.201388896       80375898057338.812        147751310503663.12     
  0.204861104       80376336650383.281        147752249339475.81     
  0.208333328       80376781851374.219        147753202539617.91     
  0.211805552       80377233655874.797        147754170024716.56     
  0.215277776       80377692057939.250        147755151714313.12     
  0.218750000       80378157054066.719        147756147527988.88     
  0.222222224       80378628607314.750        147757157382982.69     
  0.225694448       80379106730950.578        147758181198037.62     
  0.229166672       80379591376575.625        147759218885968.00     
  0.232638896       80380082549204.000        147760270368480.97     
  0.236111104       80380580193503.109        147761335560138.34     
  0.239583328       80381084282193.375        147762414379897.00     
  0.243055552       80381594769604.938        147763506744565.22     
  0.246527776       80382111606955.219        147764612568957.16     
  0.250000000       80382634750273.938        147765731765656.53     
  0.253472209       80383164146571.281        147766864251546.72     
  0.256944448       80383699742576.656        147768009943324.50     
  0.260416657       80384241484786.281        147769168753289.72     
  0.263888896       80384789326075.781        147770340592781.69     
  0.267361104       80385343215522.031        147771525375683.47     
  0.270833343       80385903142258.656        147772723014347.75     
  0.274305552       80386469047494.891        147773933419769.19     
  0.277777791       80387040869888.656        147775156510575.41     
  0.281250000       80387618564234.969        147776392190303.72     
  0.284722209       80388202101589.797        147777640370774.84     
  0.288194448       80388791365497.062        147778900971671.97     
  0.291666657       80389386369480.969        147780173906888.12     
  0.295138896       80389987046236.875        147781459095007.94     
  0.298611104       80390593341459.578        147782756444642.25     
  0.302083343       80391205182078.938        147784065866735.59     
  0.305555552       80391822510423.969        147785387266560.19     
  0.309027791       80392445325602.797        147786720560667.75     
  0.312500000       80393073557115.062        147788065648760.25     
  0.315972209       80393707196129.469        147789422445123.94     
  0.319444448       80394346235974.078        147790790856602.19     
  0.322916657       80394990659820.656        147792170792341.12     
  0.326388896       80395640463337.297        147793562186751.34     
  0.329861104       80396295656514.062        147794964938280.28     
  0.333333343       80396956205227.469        147796378958360.06     
  0.336805552       80397622075940.734        147797804139958.09     
  0.340277791       80398293205965.266        147799240400169.09     
  0.343750000       80398969639903.016        147800687661557.06     
  0.347222209       80399651311702.781        147802145826036.53     
  0.350694448       80400338178202.375        147803614800062.09     
  0.354166657       80401030209589.109        147805094516523.34     
  0.357638896       80401727367968.719        147806584884026.56     
  0.361111104       80402429708811.500        147808085829726.75     
  0.364583343       80403137114025.406        147809597249066.41     
  0.368055552       80403849578667.672        147811119008166.72     
  0.371527791       80404567070672.906        147812651037056.06     
  0.375000000       80405289551849.312        147814193267213.94     
  0.378472209       80406017065936.812        147815745595059.97     
  0.381944448       80406749623818.375        147817307963205.81     
  0.385416657       80407486943104.656        147818880275575.38     
  0.388888896       80408229188830.688        147820462443450.91     
  0.392361104       80408976297551.719        147822054374869.66     
  0.395833343       80409728271964.406        147823656000651.31     
  0.399305552       80410484971930.406        147825267212643.97     
  0.402777791       80411246342188.000        147826887939962.31     
  0.406250000       80412012366089.906        147828518083880.41     
  0.409722209       80412782892196.500        147830157560587.75     
  0.413194448       80413557981911.594        147831806290740.12     
  0.416666657       80414337680979.203        147833464205698.66     
  0.420138896       80415121722726.750        147835131179958.38     
  0.423611104       80415910524160.844        147836807158696.62     
  0.427083343       80416703221486.781        147838492020421.41     
  0.430555552       80417500913878.906        147840185817830.69     
  0.434027791       80418300878744.531        147841888487102.12     
  0.437500000       80419105890365.250        147843600061126.50     
  0.440972209       80419907761548.844        147845319788096.81     
  0.444444448       80420741580841.406        147847048974225.53     
  0.447916657       80421553640490.188        147848789871697.00     
  0.451388896       80422376601984.047        147850539840604.22     
  0.454861104       80423132261089.562        147852298216976.09     
  0.458333343       80423941400690.266        147854065149518.94     
  0.461805552       80424725551003.750        147855837589633.47     
  0.465277791       80425537923380.922        147857617255372.44     
  0.468750000       80426330361663.219        147859404630597.00     
  0.472222209       80427172002660.406        147861200228084.81     
  0.475694448       80427981073200.219        147863002291381.94     
  0.479166657       80428835862546.938        147864812287427.28     
  0.482638896       80429661882778.719        147866629289124.31     
  0.486111104       80430527145654.344        147868453555533.44     
  0.489583343       80431364471225.344        147870285431414.59     
  0.493055552       80432240048054.078        147872124744159.03     
  0.496527791       80433088903971.531        147873971228008.62     
  0.500000000       80433972594518.750        147875824782586.09     
  0.503472209       80434830224025.875        147877685600773.69     
  0.506944418       80435721719554.531        147879553157085.19     
  0.510416687       80436588695376.156        147881428213666.97     
  0.513888896       80437487866262.609        147883309617656.81     
  0.517361104       80438363544924.828        147885198288944.19     
  0.520833313       80439269555538.938        147887093436817.88     
  0.524305582       80440153851547.531        147888995588192.09     
  0.527777791       80441066779514.656        147890904233268.25     
  0.531250000       80441958181421.969        147892819583867.28     
  0.534722209       80442877698174.906        147894741114603.84     
  0.538194418       80443776168391.562        147896669411748.16     
  0.541666687       80444702520586.391        147898603729452.75     
  0.545138896       80445606454180.906        147900544767793.97     
  0.548611104       80446537875268.344        147902491788437.19     
  0.552083313       80447446066159.281        147904445424426.94     
  0.555555582       80448383779515.375        147906405254072.00     
  0.559027791       80449292672984.234        147908370677240.25     
  0.562500000       80450235520029.188        147910343028004.12     
  0.565972209       80451144404911.031        147912321131901.94     
  0.569444418       80452090454268.781        147914306352756.66     
  0.572916687       80453014659348.750        147916297163763.28     
  0.576388896       80453967066110.531        147918294890485.12     
  0.579861104       80454868281682.188        147920298434517.03     
  0.583333313       80455793552748.250        147922307046673.50     
  0.586805582       80456701358934.672        147924320120847.50     
  0.590277791       80457646317776.875        147926339217573.72     
  0.593750000       80458562600773.547        147928362395335.50     
  0.597222209       80459523491702.688        147930390925030.78     
  0.600694418       80460455230775.859        147932424298261.22     
  0.604166687       80461422132461.719        147934463276925.44     
  0.607638896       80462360839237.188        147936506788468.00     
  0.611111104       80463338858490.672        147938555444946.97     
  0.614583313       80464282477029.500        147940608820037.00     
  0.618055582       80465268950638.969        147942667047812.31     
  0.621527791       80466217500381.312        147944730195627.50     
  0.625000000       80467211260402.031        147946798012787.38     
  0.628472209       80468166434018.125        147948870810882.78     
  0.631944418       80469165984373.000        147950947983770.06     
  0.635416687       80470125689529.781        147953030003205.66     
  0.638888896       80471133116055.328        147955116392630.25     
  0.642361104       80472093520692.469        147957207555661.78     
  0.645833313       80473103902970.656        147959302800642.44     
  0.649305582       80474070823465.250        147961403083693.81     
  0.652777791       80475085508533.375        147963507073462.81     
  0.656250000       80476055544543.438        147965616776116.56     
  0.659722209       80477071936335.844        147967729508312.00     
  0.663194418       80478048876130.062        147969847246477.75     
  0.666666687       80479067468390.625        147971968538701.69     
  0.670138896       80480049811527.828        147974094547409.22     
  0.673611104       80481070146969.266        147976224178292.78     
  0.677083313       80482057887154.141        147978358401555.47     
  0.680555582       80483079622544.078        147980495965617.47     
  0.684027791       80484101712137.625        147982638113919.06     
  0.687500000       80485095018228.922        147984783650885.72     
  0.690972209       80486118128741.688        147986933506194.00     
  0.694444418       80487116390171.062        147989086223600.03     
  0.697916687       80488146038099.328        147991243507970.00     
  0.701388896       80489162836659.250        147993403873217.81     
  0.704861104       80490177580629.016        147995569627799.91     
  0.708333313       80491201768033.250        147997737176111.25     
  0.711805582       80492196030308.656        147999910444203.19     
  0.715277791       80493218301677.828        148002084928879.19     
  0.718750000       80494221049899.969        148004265507597.12     
  0.722222209       80495263034297.406        148006447872853.69     
  0.725694418       80496233723201.969        148008636952834.41     
  0.729166687       80497266169063.328        148010826417366.12     
  0.732638896       80498289590505.562        148013021639541.59     
  0.736111104       80499250328111.609        148015219776297.06     
  0.739583313       80500277799365.469        148017421394160.81     
  0.743055582       80501270988134.500        148019625264799.84     
  0.746527791       80502303940527.359        148021830425450.19     
  0.750000000       80503301776875.469        148024040292835.12     
  0.753472209       80504344847235.875        148026251782600.16     
  0.756944418       80505352100357.562        148028467158154.25     
  0.760416687       80506404431033.219        148030684279715.00     
  0.763888896       80507417224684.094        148032905220145.91     
  0.767361104       80508477140064.344        148035128230554.06     
  0.770833313       80509492799401.094        148037354916185.19     
  0.774305582       80510562927563.312        148039583864071.66     
  0.777777791       80511588583534.719        148041816382475.75     
  0.781250000       80512652951630.906        148044050636969.97     
  0.784722209       80513670408730.234        148046288832823.69     
  0.788194418       80514739417740.516        148048527482843.34     
  0.791666687       80515765512553.469        148050771560621.91     
  0.795138896       80516833884903.750        148053015696771.38     
  0.798611104       80517855050444.250        148055265147544.75     
  0.802083313       80518929098870.266        148057514775301.81     
  0.805555582       80519956624241.625        148059769539972.50     
  0.809027791       80521030803432.734        148062024701735.81     
  0.812500000       80522089733081.969        148064284915223.97     
  0.815972209       80523139390414.625        148066545208699.25     
  0.819444418       80524216762260.188        148068809533078.94     
  0.822916687       80525252093457.656        148071075293350.38     
  0.826388896       80526320093674.250        148073343546117.44     
  0.829861104       80527368722806.438        148075613472258.84     
  0.833333313       80528441720093.938        148077886909189.12     
  0.836805582       80529492523060.562        148080160703518.94     
  0.840277791       80530559746083.688        148082438945930.88     
  0.843750000       80531619110048.969        148084717489397.75     
  0.847222209       80532679245176.125        148087000466162.97     
  0.850694418       80533745524796.375        148089283351898.22     
  0.854166687       80534806551060.625        148091571277684.50     
  0.857638896       80535880403292.250        148093860091168.22     
  0.861111104       80536912387532.594        148096152691839.78     
  0.864583313       80538013707173.344        148098445768338.25     
  0.868055582       80539043955103.641        148100742719128.19     
  0.871527791       80540129694352.500        148103041102631.28     
  0.875000000       80541152501405.547        148105342394139.41     
  0.878472209       80542269049523.984        148107642843552.31     
  0.881944418       80543272910706.609        148109946649423.41     
  0.885416687       80544370292126.625        148112251295247.62     
  0.888888896       80545396842782.406        148114560402933.59     
  0.892361104       80546505586366.312        148116868618607.66     
  0.895833313       80547511335006.266        148119181118868.94     
  0.899305582       80548615440880.141        148121491749283.38     
  0.902777791       80549628291068.047        148123808380566.81     
  0.906250000       80550743350652.703        148126122683329.94     
  0.909722209       80551754004421.250        148128443735399.22     
  0.913194418       80552876079648.797        148130759657541.12     
  0.916666687       80553890133368.781        148133083477426.88     
  0.920138896       80555019526820.375        148135404451742.50     
  0.923611104       80556028040240.391        148137731967622.59     
  0.927083313       80557145464103.359        148140055899021.59     
  0.930555582       80558161919379.828        148142385951358.72     
  0.934027791       80559290912555.594        148144711252530.94     
  0.937500000       80560310613761.891        148147044245463.88     
  0.940972209       80561432208199.031        148149375444903.41     
  0.944444418       80562459282713.750        148151711479949.69     
  0.947916687       80563607405920.000        148154043052609.88     
  0.951388896       80564622487680.984        148156382026720.34     
  0.954861104       80565755580549.281        148158716962704.94     
  0.958333313       80566796285368.469        148161057930917.34     
  0.961805582       80567923850334.312        148163396031671.72     
  0.965277791       80568979402403.594        148165739122859.88     
  0.968750000       80570105091646.719        148168079601513.09     
  0.972222209       80571173175997.812        148170425572594.22     
  0.975694418       80572291505179.406        148172768620276.34     
  0.979166687       80573363184296.281        148175117179921.28     
  0.982638896       80574483790540.844        148177463008289.56     
  0.986111104       80575563799060.469        148179814236502.72     
  0.989583313       80576678368381.312        148182162467799.56     
  0.993055582       80577757592761.594        148184516215293.91     
  0.996527791       80578874466879.000        148186866994089.56     
   1.00000000       80579950961648.438        148189223414607.69     
