           1   34.840499378300002        29.379393787800002        7.1530009131810259E-005
           2   34.833391531900006        29.363439872899995        7.1513817964353481E-005
           3   34.861503797099999        29.364795839899998        7.1531513030087451E-005
           4   34.905978271199999        29.462238188000001        7.1732702199215845E-005
           5   34.885227042300002        29.463432155500001        7.1713052663811540E-005
           6   34.898343473100006        29.444506370899997        7.1711729505517156E-005
           7   35.002462803699999        29.523741360399995        7.1866671044570747E-005
           8   34.993772075700001        29.522864345900004        7.1859171968647145E-005
           9   34.999940181500001        29.516969941800003        7.1860143241358749E-005
          10   34.857786362200002        29.408500443100003        7.1630058056903120E-005
          11   34.862048133999998        29.424560509700001        7.1639334784552385E-005
          12   34.843737192299997        29.416868518699999        7.1621530489932375E-005
          13   34.914784407500001        29.490433864400000        7.1774393704483844E-005
          14   34.922374538100001        29.472864190300001        7.1772126954391285E-005
          15   34.938081802500001        29.488387881600001        7.1791591700233085E-005
          16   34.972120912000001        29.531493985999997        7.1898953137145729E-005
          17   34.973426131600000        29.544263974799996        7.1908044817933751E-005
          18   34.964239135100001        29.539704961599995        7.1893904967052831E-005
          19   34.961524635099998        29.482908907400002        7.1797405409013113E-005
          20   34.976483756000000        29.501160824900005        7.1823931049007510E-005
          21   34.953047501600004        29.506855106200003        7.1803713352164452E-005
          22   34.960266111899998        29.412482188000002        7.1637868598164726E-005
          23   34.955710785900003        29.427624243499999        7.1641781374618831E-005
          24   34.945800448599996        29.416011789800002        7.1624995013308052E-005
          25   34.922374538100001        29.472864190300001        7.1729201484747605E-005
          26   34.924575834000002        29.449646981400001        7.1721408085039773E-005
          27   34.945468007499997        29.465831320200000        7.1747134960192208E-005
          28   34.924575834000002        29.449646981400001        7.1697775419414132E-005
          29   34.898343473100006        29.444506370899997        7.1672988915665218E-005
          30   34.913361364700002        29.427283272499999        7.1678686681024773E-005
          31   34.940152812299999        29.390130956400004        7.1583126428303775E-005
          32   34.951038013500003        29.400600582400003        7.1603155321372638E-005
          33   34.929002857699999        29.408194695999999        7.1591546921942942E-005
          34   34.958896873699999        29.368197374899992        7.1515061019867025E-005
          35   34.951060112499995        29.361159039000004        7.1504694206021103E-005
          36   34.958662606200001        29.358851159099995        7.1512501165865280E-005
          37   34.819404719200001        29.351329911199997        7.1498881335573978E-005
          38   34.833391531900006        29.363439872899995        7.1515724664975144E-005
          39   34.813590577900001        29.366514865799996        7.1502292255084534E-005
          40   34.840961895800000        29.428572376299993        7.1643782146394558E-005
          41   34.862048133999998        29.424560509700001        7.1652308871079210E-005
          42   34.823779006400009        29.396622450899997        7.1585881226775457E-005
          43   34.815099345299998        29.396593501600005        7.1576974419485645E-005
          44   34.816962723600000        29.388589960499999        7.1577006520477473E-005
          45   34.859353484600000        29.390704386399996        7.1564544476060410E-005
          46   34.887019819900004        29.383269820100004        7.1581989452327937E-005
          47   34.877105577800009        29.406436346300001        7.1590233081761747E-005
          48   34.905978271199999        29.462238188000001        7.1752652790647384E-005
          49   34.899107085600001        29.481437232699996        7.1753975708065059E-005
          50   34.816962723600000        29.388589960499999        7.1572157717090390E-005
          51   34.807311563500001        29.392249752200001        7.1567695330475504E-005
          52   34.808589176900000        29.384565819300004        7.1563636895875305E-005
          53   34.840499378300002        29.379393787800002        7.1556512004896424E-005
          54   34.827522179399999        29.387337108200001        7.1554950283271316E-005
          55   34.820739534399998        29.377985529499998        7.1546141146301687E-005
          56   34.798186699699997        29.368947652199996        7.1521833647909285E-005
          57   34.813590577900001        29.366514865799996        7.1531791878698536E-005
          58   34.807470045199992        29.377926182500001        7.1534490045184698E-005
          59   34.958896873699999        29.368197374899992        7.1522169951438784E-005
          60   34.943934787200000        29.367568354300001        7.1514363325735092E-005
          61   34.935784733600002        29.429566518600002        7.1656429018457051E-005
          62   34.913361364700002        29.427283272499999        7.1632737564803660E-005
          63   34.929002857699999        29.408194695999999        7.1635268746216010E-005
          64   34.860645259899997        29.467591647600003        7.1718325644354832E-005
          65   34.872456337599999        29.445105084800002        7.1713716157385248E-005
          66   34.885227042300002        29.463432155500001        7.1738634304660754E-005
          67   34.843853082599999        29.404062921600001        7.1616610776572019E-005
          68   34.843737192299997        29.416868518699999        7.1625482222186505E-005
          69   34.832740189600010        29.412064927600003        7.1611285094549222E-005
          70   34.935784733600002        29.429566518600002        7.1681217345956046E-005
          71   34.961524635099998        29.482908907400002        7.1783255305101320E-005
          72   34.938081802500001        29.488387881600001        7.1764335043356732E-005
          73   34.945468007499997        29.465831320200000        7.1758264549183300E-005
          74   34.861503797099999        29.364795839899998        7.1535811868776009E-005
          75   34.859353484600000        29.390704386399996        7.1544057185365158E-005
          76   34.966430605299998        29.401174766499999        7.1608545595152468E-005
          77   34.960266111899998        29.412482188000002        7.1607908988187665E-005
          78   34.951038013500003        29.400600582400003        7.1595371905383735E-005
          79   34.891421377999997        29.358080012199999        7.1477562958437090E-005
          80   34.916594122200010        29.353344090899995        7.1472309066755054E-005
          81   34.916594122200010        29.353344090899995        7.1495170098246109E-005
          82   34.955710785900003        29.427624243499999        7.1656806977189397E-005
          83   34.935784733600002        29.429566518600002        7.1643934474707716E-005
          84   34.941969332799999        29.528016177800005        7.1882241433935060E-005
          85   34.957590987800003        29.532649801100003        7.1897411699092494E-005
          86   34.953043169300003        29.541716072800000        7.1892280877385202E-005
          87   34.970791519999999        29.429062637300003        7.1656248435806777E-005
          88   34.955710785900003        29.427624243499999        7.1645769952422440E-005
          89   34.967564652100009        29.419609832899997        7.1647364450964037E-005
          90   34.953047501600004        29.506855106200003        7.1841328032889255E-005
          91   34.972429561500000        29.516867606000005        7.1858202418625348E-005
          92   34.959072489000008        29.522091226500002        7.1847113466818926E-005
          93   34.976483756000000        29.501160824900005        7.1826182732062405E-005
          94   34.995440672300006        29.508887958500001        7.1842312374175809E-005
          95   34.986291610000002        29.515723497800000        7.1833753931884752E-005
          96   34.986322980099999        29.538594259800004        7.1906815004399240E-005
          97   34.972120912000001        29.531493985999997        7.1892675075855387E-005
          98   34.993772075700001        29.522864345900004        7.1874864757380202E-005
          99   34.997389181000003        29.531140272300004        7.1879342652329234E-005
         100   34.984292207999999        29.526907993500004        7.1870177878266168E-005
         101   34.983286983299998        29.479609036199996        7.1793749835838056E-005
         102   34.961524635099998        29.482908907400002        7.1773529419903145E-005
         103   34.970803977300001        29.407188441199995        7.1615212943084455E-005
         104   34.966430605299998        29.401174766499999        7.1602676266487820E-005
         105   34.984292207999999        29.526907993500004        7.1863536844731565E-005
         106   34.972429561500000        29.516867606000005        7.1851150153725635E-005
         107   34.986291610000002        29.515723497800000        7.1862269790446166E-005
         108   34.930543603200000        29.376553416200000        7.1556460411835153E-005
         109   34.940152812299999        29.390130956400004        7.1570539118659757E-005
         110   34.915689877600002        29.389249109200001        7.1555482467394177E-005
         111   34.960266111899998        29.412482188000002        7.1628983888328556E-005
         112   34.929002857699999        29.408194695999999        7.1590569129589780E-005
         113   34.924797799399990        29.340950104500003        7.1476167585078293E-005
         114   34.924797799399990        29.340950104500003        7.1472615997558757E-005
         115   34.937050488499999        29.350142654799999        7.1486365244243798E-005
         116   34.930287344800000        29.362995510200001        7.1500622653160290E-005
         117   34.937050488499999        29.350142654799999        7.1497071449862936E-005
         118   34.820739534399998        29.377985529499998        7.1556339664237184E-005
         119   34.808589176900000        29.384565819300004        7.1551876964799329E-005
         120   34.803898190699996        29.357614386800002        7.1490789315268387E-005
         121   34.803898190699996        29.357614386800002        7.1501895924493697E-005
         122   34.792843495200003        29.359873090099999        7.1493294864616666E-005
         123   34.803898190699996        29.357614386800002        7.1511961551686974E-005
         124   34.798186699699997        29.368947652199996        7.1514466866279191E-005
         125   34.798186699699997        29.368947652199996        7.1522646873925557E-005
         126   34.787011595300001        29.367248070999999        7.1512581722827043E-005
         127   34.803898190699996        29.357614386800002        7.1509263116056052E-005
         128   34.787011595300001        29.367248070999999        7.1508727658208923E-005
         129   34.782529885499997        29.356398440699998        7.1500547146541619E-005
         130   34.837996172599993        29.393495062300008        7.1590695731194305E-005
         131   34.843853082599999        29.404062921600001        7.1602088147262760E-005
         132   34.829121143700000        29.403769848999996        7.1590370771480139E-005
         133   34.823779006400009        29.396622450899997        7.1593838404496575E-005
         134   34.829121143700000        29.403769848999996        7.1604540580313004E-005
         135   34.816129617800001        29.406274831700003        7.1596615878466292E-005
         136   34.816129617800001        29.406274831700003        7.1596583780265485E-005
         137   34.815099345299998        29.396593501600005        7.1581032614159316E-005
         138   34.807470045199992        29.377926182500001        7.1544513535385539E-005
         139   34.808589176900000        29.384565819300004        7.1551811149394892E-005
         140   34.819404719200001        29.351329911199997        7.1479646497605556E-005
         141   34.819404719200001        29.351329911199997        7.1492419304960923E-005
         142   34.804236087299998        29.346100259100009        7.1486618057094381E-005
         143   34.813590577900001        29.366514865799996        7.1531857699939477E-005
         144   34.820739534399998        29.377985529499998        7.1528447226831832E-005
         145   34.915689877600002        29.389249109200001        7.1562930668962635E-005
         146   34.887019819900004        29.383269820100004        7.1542254300552337E-005
         147   34.910839751399998        29.370604773299998        7.1548885474309598E-005
         148   34.861503797099999        29.364795839899998        7.1486926006122543E-005
         149   34.891421377999997        29.358080012199999        7.1479475936923740E-005
         150   34.891421377999997        29.358080012199999        7.1507872837330954E-005
         151   34.916594122200010        29.353344090899995        7.1509063028778115E-005
         152   34.910839751399998        29.370604773299998        7.1514316066136513E-005
         153   34.877105577800009        29.406436346300001        7.1629102686449636E-005
         154   34.886925196500002        29.425762833799997        7.1649194474881150E-005
         155   34.862048133999998        29.424560509700001        7.1627769770294690E-005
         156   34.930543603200000        29.376553416200000        7.1531437770141335E-005
         157   34.943934787200000        29.367568354300001        7.1532630418268416E-005
         158   34.947845060500001        29.377628755300005        7.1542595416729661E-005
         159   34.930287344800000        29.362995510200001        7.1519768159019145E-005
         160   34.930543603200000        29.376553416200000        7.1534805416674662E-005
         161   34.930287344800000        29.362995510200001        7.1526366002920428E-005
         162   34.958896873699999        29.368197374899992        7.1540679240243786E-005
         163   34.961241539699998        29.384257021999996        7.1551138849600715E-005
         164   34.947845060500001        29.377628755300005        7.1533328055972084E-005
         165   34.915689877600002        29.389249109200001        7.1588267585036397E-005
         166   34.901845835800010        29.406119003899999        7.1581637568587163E-005
         167   34.891421377999997        29.358080012199999        7.1528363411422764E-005
         168   34.840499378300002        29.379393787800002        7.1560246184542586E-005
         169   34.859353484600000        29.390704386399996        7.1575883274457134E-005
         170   34.837996172599993        29.393495062300008        7.1563340887995002E-005
         171   34.901845835800010        29.406119003899999        7.1628750876242503E-005
         172   34.877105577800009        29.406436346300001        7.1607324227511884E-005
         173   34.841896986300000        29.340716336300005        7.1487107888578485E-005
         174   34.861503797099999        29.364795839899998        7.1488612072459709E-005
         175   34.827522179399999        29.387337108200001        7.1575617266766758E-005
         176   34.816962723600000        29.388589960499999        7.1566710054196157E-005
         177   34.837996172599993        29.393495062300008        7.1582445571622005E-005
         178   34.827522179399999        29.387337108200001        7.1572149353596560E-005
         179   34.829121143700000        29.403769848999996        7.1610799612604402E-005
         180   34.822652936099999        29.411920117000005        7.1613576877615549E-005
         181   34.832740189600010        29.412064927600003        7.1610960164510454E-005
         182   34.859353484600000        29.390704386399996        7.1587601402993246E-005
         183   34.857786362200002        29.408500443100003        7.1609964561815333E-005
         184   34.859353484600000        29.390704386399996        7.1592521749468121E-005
         185   34.857786362200002        29.408500443100003        7.1607333113349832E-005
         186   34.843737192299997        29.416868518699999        7.1637562871662913E-005
         187   34.827015881500003        29.422962128399998        7.1632237684822881E-005
         188   34.840961895800000        29.428572376299993        7.1650537060257764E-005
         189   34.832740189600010        29.412064927600003        7.1619996204453721E-005
         190   34.849820790099997        29.440018536800000        7.1664996569490447E-005
         191   34.862048133999998        29.424560509700001        7.1670634613831561E-005
         192   34.872456337599999        29.445105084800002        7.1687767772426913E-005
         193   34.872456337599999        29.445105084800002        7.1671967276303324E-005
         194   34.886925196500002        29.425762833799997        7.1671303659596260E-005
         195   34.898343473100006        29.444506370899997        7.1692741692840206E-005
         196   34.860645259899997        29.467591647600003        7.1712688795017734E-005
         197   34.849820790099997        29.440018536800000        7.1669443424534051E-005
         198   34.914784407500001        29.490433864400000        7.1783891553435489E-005
         199   34.899107085600001        29.481437232699996        7.1764426140056903E-005
         200   34.885227042300002        29.463432155500001        7.1753457645970723E-005
         201   34.878631785200000        29.480969667299998        7.1758066317978371E-005
         202   34.927936113500003        29.509026358900005        7.1832643159846100E-005
         203   34.953047501600004        29.506855106200003        7.1853675480718632E-005
         204   34.941969332799999        29.528016177800005        7.1856080142751618E-005
         205   34.905978271199999        29.462238188000001        7.1743153620655687E-005
         206   34.899107085600001        29.481437232699996        7.1773406394500441E-005
         207   34.965937632500001        29.441117208400005        7.1689995929164534E-005
         208   34.949227144600002        29.446016806600003        7.1675041000023330E-005
         209   34.955710785900003        29.427624243499999        7.1669610283861310E-005
         210   34.905978271199999        29.462238188000001        7.1717426289789023E-005
         211   34.886925196500002        29.425762833799997        7.1652212675860034E-005
         212   34.901845835800010        29.406119003899999        7.1630436450785063E-005
         213   34.901845835800010        29.406119003899999        7.1609273736928115E-005
         214   34.929002857699999        29.408194695999999        7.1620241706850141E-005
         215   34.959072489000008        29.522091226500002        7.1870548936951194E-005
         216   34.938081802500001        29.488387881600001        7.1812187750326905E-005
         217   34.927936113500003        29.509026358900005        7.1814454095904068E-005
         218   34.949227144600002        29.446016806600003        7.1677193782078584E-005
         219   34.965937632500001        29.441117208400005        7.1703318295333952E-005
         220   34.972311383600001        29.458037560000001        7.1708748197967773E-005
         221   34.957590987800003        29.532649801100003        7.1875680256457282E-005
         222   34.959072489000008        29.522091226500002        7.1874400306575712E-005
         223   34.972120912000001        29.531493985999997        7.1886092602556085E-005
         224   34.976483756000000        29.501160824900005        7.1835021147349679E-005
         225   34.953047501600004        29.506855106200003        7.1809782617604840E-005
         226   34.972120912000001        29.531493985999997        7.1868615576952419E-005
         227   34.984292207999999        29.526907993500004        7.1879734347089384E-005
         228   34.957590987800003        29.532649801100003        7.1895184805486576E-005
         229   34.964239135100001        29.539704961599995        7.1905223668728568E-005
         230   34.961587341399998        29.548438071500001        7.1914893204375470E-005
         231   34.964239135100001        29.539704961599995        7.1912666484639598E-005
         232   34.984292207999999        29.526907993500004        7.1887596889037570E-005
         233   35.002462803699999        29.523741360399995        7.1875835962075319E-005
         234   34.997389181000003        29.531140272300004        7.1892283403724325E-005
         235   34.973426131600000        29.544263974799996        7.1917714231725340E-005
         236   34.995440672300006        29.508887958500001        7.1843692883841309E-005
         237   34.999940181500001        29.516969941800003        7.1851263492464569E-005
         238   34.993772075700001        29.522864345900004        7.1857791554303765E-005
         239   34.976483756000000        29.501160824900005        7.1811362322456781E-005
         240   34.990594390200002        29.495508251400000        7.1819921619182688E-005
         241   34.972311383600001        29.458037560000001        7.1745972726924655E-005
         242   34.961524635099998        29.482908907400002        7.1749629077879300E-005
         243   34.945468007499997        29.465831320200000        7.1730705983772994E-005
         244   34.983286983299998        29.479609036199996        7.1787487817930726E-005
         245   34.951038013500003        29.400600582400003        7.1576613085550352E-005
         246   34.961241539699998        29.384257021999996        7.1577249780874094E-005
         247   34.961241539699998        29.384257021999996        7.1565003319889106E-005
         248   34.940152812299999        29.390130956400004        7.1557652927770003E-005
         249   34.951038013500003        29.400600582400003        7.1611822284911225E-005
         250   34.970803977300001        29.407188441199995        7.1623115091908973E-005
         251   34.945468007499997        29.465831320200000        7.1717385239986211E-005
         252   34.970791519999999        29.429062637300003        7.1671204613581475E-005
         253   34.924575834000002        29.449646981400001        7.1699449391245657E-005
         254   34.930287344800000        29.362995510200001        7.1516400288247099E-005
         255   34.937050488499999        29.350142654799999        7.1483938123679684E-005
         256   34.951874637199992        29.351156156300000        7.1492778761415732E-005
         257   34.942612150400002        29.358112185400000        7.1491654498631043E-005
         258   34.942612150400002        29.358112185400000        7.1505911573873962E-005
         259   34.951060112499995        29.361159039000004        7.1496158559057968E-005
         260   34.951874637199992        29.351156156300000        7.1493598490894947E-005
         261   34.937050488499999        29.350142654799999        7.1475981383158917E-005
         262   34.949321217100000        29.343983695100000        7.1477105723895384E-005
         263   34.937428190299997        29.339641449300000        7.1471164194444669E-005
         264   34.949321217100000        29.343983695100000        7.1464331408645608E-005
         265   34.951060112499995        29.361159039000004        7.1503874516790157E-005
         266   34.943934787200000        29.367568354300001        7.1510983800388605E-005
         267   34.825409598199997        29.315210191500004        7.1404640759460949E-005
         268   34.855947161299994        29.314618701799997        7.1432943548128765E-005
         269   34.841896986300000        29.340716336300005        7.1433599850260235E-005
         270   34.819404719200001        29.351329911199997        7.1466341701734558E-005
         271   34.814312711200003        29.334107258700005        7.1454566560120945E-005
         272   34.841896986300000        29.340716336300005        7.1473673777680037E-005
         273   34.920030425299998        29.329541546499996        7.1445901376181842E-005
         274   34.903035298900001        29.337472000300000        7.1433517678464297E-005
         275   34.909572264300003        29.318380470400001        7.1424718084397038E-005
         276   34.792109308400001        29.349860510500001        7.1478016415808202E-005
         277   34.804236087299998        29.346100259100009        7.1460539784707543E-005
         278   34.920030425299998        29.329541546499996        7.1437572847311850E-005
         279   34.933220405699998        29.329965665799996        7.1450230902396177E-005
         280   34.924797799399990        29.340950104500003        7.1449760345041635E-005
         281   34.903035298900001        29.337472000300000        7.1458558965311245E-005
         282   34.933220405699998        29.329965665799996        7.1448778955586460E-005
         283   34.937428190299997        29.339641449300000        7.1460965849662900E-005
         284   34.937428190299997        29.339641449300000        7.1452588667592136E-005
         285   34.945478421800004        29.333399417900001        7.1457406251980478E-005
         286   34.792109308400001        29.349860510500001        7.1467602395128190E-005
         287   34.793217613100005        29.336713023600002        7.1463430709141926E-005
         288   34.782529885499997        29.356398440699998        7.1489440471028337E-005
         289   34.782529885499997        29.356398440699998        7.1482360238715883E-005
         290   34.779722068600002        29.343477994199997        7.1475107373236878E-005
         291   34.793217613100005        29.336713023600002        7.1460521478927149E-005
         292   34.825409598199997        29.315210191500004        7.1426266475395871E-005
         293   34.814312711200003        29.334107258700005        7.1450124959222971E-005
         294   34.873320787899999        29.339196409500005        7.1431257066755457E-005
         295   34.885727332999991        29.317795966500000        7.1407510215217639E-005
         296   34.885727332999991        29.317795966500000        7.1434782483877532E-005
         297   34.873320787899999        29.339196409500005        7.1460212752272773E-005
         298   34.873320787899999        29.339196409500005        7.1456613318437163E-005
         299   34.903035298900001        29.337472000300000        7.1432869127376856E-005
         300   34.885727332999991        29.317795966500000        7.1411684615807144E-005
         301   34.945478421800004        29.333399417900001        7.1441853322787887E-005
