           1           1
           2           1
           3           1
           4           1
           5           1
           6           1
           7           1
           8           1
           9           1
          10           1
          11           1
          12           1
          13           1
          14           1
          15           1
          16           1
          17           1
          18           1
          19           1
          20           1
          21           1
          22           1
          23           1
          24           1
          25           1
          26           1
          27           1
          28           1
          29           1
          30           1
          31           1
          32           1
          33           1
          34           1
          35           1
          36           1
          37           1
          38           1
          39           1
          40           1
          41           1
          42           1
          43           1
          44           1
          45           1
          46           1
          47           1
          48           1
          49           1
          50           1
          51           1
          52           1
          53           1
          54           1
          55           1
          56           1
          57           1
          58           1
          59           1
          60           1
          61           1
          62           1
          63           1
          64           1
          65           1
          66           1
          67           1
          68           1
          69           1
          70           1
          71           1
          72           1
          73           1
          74           1
          75           1
          76           1
          77           1
          78           1
          79           1
          80           1
          81           1
          82           2
          83           2
          84           2
          85           2
          86           1
          87           1
          88           1
          89           1
          90           2
          91           2
          92           2
          93           2
          94           2
          95           2
          96           2
          97           2
          98           2
          99           2
         100           2
         101           2
         102           2
         103           2
         104           2
         105           2
         106           2
         107           2
         108           2
         109           2
         110           2
         111           2
         112           2
         113           2
         114           2
         115           2
         116           2
         117           2
         118           2
         119           2
         120           2
         121           2
         122           2
         123           2
         124           2
         125           2
         126           2
         127           2
         128           2
         129           2
         130           2
         131           2
         132           2
         133           2
         134           2
         135           2
         136           2
         137           2
         138           2
         139           2
         140           2
         141           2
         142           2
         143           2
         144           2
         145           2
         146           2
         147           2
         148           2
         149           2
         150           2
         151           2
         152           2
         153           2
         154           2
         155           2
         156           2
         157           2
         158           2
         159           2
         160           2
         161           2
         162           2
         163           2
         164           2
         165           2
         166           2
         167           2
         168           2
         169           2
         170           2
         171           2
         172           2
         173           2
         174           2
         175           2
         176           2
         177           2
         178           2
         179           2
         180           2
         181           2
         182           2
         183           2
         184           2
         185           2
         186           2
         187           2
         188           2
         189           2
         190           2
         191           2
         192           2
         193           2
         194           2
         195           2
         196           2
         197           2
         198           2
         199           2
         200           2
         201           2
         202           2
         203           2
         204           2
         205           2
         206           2
         207           2
         208           2
         209           2
         210           2
         211           2
         212           2
         213           2
         214           2
         215           2
         216           2
         217           2
         218           2
         219           2
         220           2
         221           2
         222           2
         223           2
         224           2
         225           2
         226           2
         227           2
         228           2
         229           2
         230           2
         231           2
         232           2
         233           2
         234           2
         235           2
         236           2
         237           2
         238           2
         239           2
         240           2
         241           2
         242           2
         243           2
         244           2
         245           2
         246           2
         247           2
         248           2
         249           2
         250           2
         251           2
         252           2
         253           2
         254           2
         255           2
         256           2
         257           2
         258           2
         259           2
         260           2
         261           2
         262           2
         263           2
         264           2
         265           2
         266           2
         267           2
         268           2
         269           2
         270           2
         271           2
         272           3
         273           3
         274           3
         275           3
         276           3
         277           3
         278           3
         279           3
         280           2
         281           2
         282           2
         283           2
         284           2
         285           2
         286           2
         287           2
         288           2
         289           2
         290           2
         291           2
         292           2
         293           2
         294           2
         295           2
         296           2
         297           2
         298           2
         299           2
         300           2
         301           2
         302           2
         303           2
         304           2
         305           2
         306           2
         307           2
         308           2
         309           2
         310           2
         311           2
         312           2
         313           2
         314           2
         315           2
         316           2
         317           2
         318           2
         319           2
         320           2
         321           2
         322           2
         323           2
         324           2
         325           2
         326           2
         327           2
         328           2
         329           2
         330           2
         331           2
         332           2
         333           2
         334           2
         335           2
         336           2
         337           2
         338           2
         339           2
         340           2
         341           2
         342           2
         343           3
         344           3
         345           2
         346           2
         347           2
         348           2
         349           2
         350           2
         351           2
         352           2
         353           2
         354           2
         355           3
         356           3
         357           3
         358           2
         359           2
         360           2
         361           2
         362           2
         363           2
         364           2
         365           3
         366           3
         367           3
         368           3
         369           2
         370           2
         371           2
         372           2
         373           2
         374           2
         375           2
         376           2
         377           3
         378           3
         379           3
         380           3
         381           3
         382           2
         383           2
         384           2
         385           2
         386           2
         387           2
         388           2
         389           2
         390           3
         391           3
         392           3
         393           3
         394           2
         395           2
         396           2
         397           2
         398           2
         399           2
         400           2
         401           2
         402           3
         403           3
         404           3
         405           3
         406           2
         407           2
         408           2
         409           2
         410           2
         411           2
         412           2
         413           2
         414           3
         415           3
         416           3
         417           3
         418           3
         419           2
         420           2
         421           2
         422           2
         423           2
         424           2
         425           2
         426           3
         427           3
         428           3
         429           3
         430           3
         431           3
         432           2
         433           2
         434           2
         435           2
         436           3
         437           3
         438           3
         439           3
         440           3
         441           3
         442           3
         443           3
         444           3
         445           3
         446           3
         447           3
         448           3
         449           3
         450           3
         451           3
         452           3
         453           3
         454           3
         455           3
         456           3
         457           3
         458           3
         459           3
         460           3
         461           3
         462           3
         463           3
         464           3
         465           3
         466           3
         467           3
         468           3
         469           3
         470           3
         471           3
         472           3
         473           3
         474           3
         475           3
         476           3
         477           3
         478           3
         479           3
         480           3
         481           3
         482           3
         483           3
         484           3
         485           3
         486           3
         487           3
         488           3
         489           3
         490           3
         491           3
         492           3
         493           3
         494           3
         495           3
         496           3
         497           3
         498           3
         499           3
         500           3
         501           3
         502           3
         503           3
         504           2
         505           3
         506           3
         507           3
         508           3
         509           3
         510           3
         511           2
         512           2
         513           2
         514           2
         515           3
         516           3
         517           3
         518           3
         519           3
         520           3
         521           3
         522           3
         523           2
         524           2
         525           2
         526           2
         527           2
         528           3
         529           3
         530           3
         531           3
         532           2
         533           2
         534           2
         535           3
         536           3
         537           3
         538           2
         539           3
         540           2
         541           2
         542           3
         543           3
         544           3
         545           3
         546           2
         547           2
         548           2
         549           3
         550           3
         551           2
         552           2
         553           2
         554           2
         555           2
         556           2
         557           2
         558           3
         559           2
         560           2
         561           2
         562           2
         563           2
         564           2
         565           2
         566           2
         567           2
         568           2
         569           2
         570           2
         571           2
         572           2
         573           3
         574           2
         575           2
         576           2
         577           3
         578           2
         579           2
         580           2
         581           2
         582           2
         583           2
         584           2
         585           2
         586           2
         587           2
         588           2
         589           2
         590           2
         591           2
         592           2
         593           3
         594           2
         595           2
         596           2
         597           2
         598           2
         599           2
         600           2
         601           2
         602           2
         603           2
         604           2
         605           2
         606           2
         607           2
         608           2
         609           2
         610           2
         611           2
         612           2
         613           2
         614           2
         615           2
         616           2
         617           2
         618           2
         619           2
         620           2
         621           2
         622           2
         623           2
         624           2
         625           2
         626           2
         627           2
         628           2
         629           2
         630           2
         631           2
         632           2
         633           2
         634           2
         635           2
         636           2
         637           2
         638           2
         639           2
         640           2
         641           2
         642           2
         643           2
         644           2
         645           2
         646           2
         647           2
         648           2
         649           2
         650           2
         651           2
         652           2
         653           2
         654           2
         655           2
         656           2
         657           2
         658           2
         659           2
         660           2
         661           2
         662           2
         663           2
         664           2
         665           2
         666           2
         667           2
         668           2
         669           2
         670           2
         671           2
         672           2
         673           2
         674           2
         675           2
         676           2
         677           2
         678           2
         679           2
         680           2
         681           2
         682           2
         683           2
         684           2
         685           2
         686           2
         687           2
         688           2
         689           2
         690           2
         691           2
         692           2
         693           2
         694           2
         695           2
         696           2
         697           2
         698           2
         699           2
         700           2
         701           2
         702           2
         703           2
         704           2
         705           2
         706           2
         707           2
         708           2
         709           2
         710           2
         711           2
         712           2
         713           2
         714           2
         715           2
         716           2
         717           2
         718           2
         719           2
         720           2
         721           2
         722           2
         723           2
         724           2
         725           2
         726           2
         727           2
         728           2
         729           2
         730           2
         731           2
         732           2
         733           2
         734           2
         735           2
         736           2
         737           2
         738           2
         739           2
         740           2
         741           2
         742           2
         743           2
         744           2
         745           2
         746           2
         747           2
         748           2
         749           2
         750           2
         751           2
         752           2
         753           2
         754           2
         755           2
         756           2
         757           2
         758           2
         759           2
         760           2
         761           2
         762           2
         763           2
         764           2
         765           2
         766           2
         767           2
         768           2
         769           2
         770           2
         771           2
         772           2
         773           2
         774           2
         775           2
         776           2
         777           2
         778           2
         779           2
         780           2
         781           2
         782           2
         783           2
         784           2
         785           2
         786           2
         787           2
         788           2
         789           2
         790           2
         791           2
         792           2
         793           2
         794           2
         795           2
         796           2
         797           2
         798           2
         799           2
         800           2
         801           2
         802           2
         803           2
         804           2
         805           2
         806           2
         807           2
         808           2
         809           2
         810           2
         811           2
         812           2
         813           2
         814           2
         815           2
         816           2
         817           2
         818           2
         819           2
         820           2
         821           2
         822           2
         823           2
         824           2
         825           2
         826           2
         827           2
         828           2
         829           2
         830           2
         831           2
         832           2
         833           2
         834           2
         835           2
         836           2
         837           2
         838           2
         839           2
         840           2
         841           2
         842           2
         843           2
         844           2
         845           2
         846           2
         847           2
         848           2
         849           2
         850           2
         851           2
         852           2
         853           2
         854           2
         855           2
         856           2
         857           2
         858           2
         859           2
         860           2
         861           2
         862           2
         863           2
         864           2
         865           2
         866           2
         867           2
         868           2
         869           2
         870           2
         871           2
         872           2
         873           2
         874           2
         875           2
         876           2
         877           2
         878           2
         879           2
         880           2
         881           2
         882           2
         883           2
         884           2
         885           2
         886           2
         887           2
         888           2
         889           2
         890           2
         891           2
         892           2
         893           2
         894           2
         895           2
         896           2
         897           2
         898           2
         899           2
         900           2
         901           2
         902           2
         903           2
         904           2
         905           2
         906           2
         907           2
         908           2
         909           2
         910           2
         911           2
         912           2
         913           2
         914           2
         915           2
         916           2
         917           2
         918           2
         919           2
         920           2
         921           2
         922           2
         923           2
         924           2
         925           2
         926           2
         927           2
         928           2
         929           2
         930           2
         931           2
         932           2
         933           2
         934           2
         935           2
         936           2
         937           2
         938           2
         939           2
         940           2
         941           2
         942           2
         943           2
         944           2
         945           2
         946           2
         947           2
         948           2
         949           2
         950           2
         951           2
         952           2
         953           2
         954           2
         955           2
         956           2
         957           2
         958           2
         959           2
         960           2
         961           2
         962           2
         963           2
         964           2
         965           2
         966           2
         967           2
         968           2
         969           2
         970           2
         971           2
         972           2
         973           2
         974           2
         975           2
         976           2
         977           2
         978           2
         979           2
         980           2
         981           2
         982           2
         983           2
         984           2
         985           2
         986           2
         987           2
         988           2
         989           2
         990           2
         991           2
         992           2
         993           2
         994           2
         995           2
         996           2
         997           2
         998           2
         999           2
        1000           2
        1001           2
        1002           2
        1003           2
        1004           2
        1005           2
        1006           2
        1007           2
        1008           2
        1009           2
        1010           2
        1011           2
        1012           2
        1013           2
        1014           2
        1015           2
        1016           2
        1017           2
        1018           2
        1019           2
        1020           2
        1021           2
        1022           2
        1023           2
        1024           2
        1025           2
        1026           2
        1027           2
        1028           2
        1029           2
        1030           2
        1031           2
        1032           2
        1033           2
        1034           2
        1035           2
        1036           2
        1037           2
        1038           2
        1039           2
        1040           2
        1041           2
        1042           2
        1043           2
        1044           2
        1045           2
        1046           2
        1047           2
        1048           2
        1049           2
        1050           2
        1051           2
        1052           2
        1053           2
        1054           2
        1055           2
        1056           2
        1057           2
        1058           2
        1059           2
        1060           2
        1061           2
        1062           2
        1063           2
        1064           2
        1065           2
        1066           2
        1067           2
        1068           2
        1069           2
        1070           2
        1071           2
        1072           2
        1073           2
        1074           2
        1075           2
        1076           2
        1077           2
        1078           2
        1079           2
        1080           2
        1081           2
        1082           2
        1083           2
        1084           2
        1085           2
        1086           2
        1087           2
        1088           2
        1089           2
        1090           2
        1091           2
        1092           2
        1093           2
        1094           2
        1095           2
        1096           2
        1097           2
        1098           2
        1099           2
        1100           2
        1101           2
        1102           2
        1103           2
        1104           2
        1105           2
        1106           2
        1107           2
        1108           2
        1109           2
        1110           2
        1111           2
        1112           2
        1113           2
        1114           2
        1115           2
        1116           2
        1117           2
        1118           2
        1119           2
        1120           2
        1121           2
        1122           2
        1123           2
        1124           2
        1125           2
        1126           2
        1127           2
        1128           2
        1129           2
        1130           2
        1131           2
        1132           2
        1133           2
        1134           2
        1135           2
        1136           2
        1137           2
        1138           2
        1139           2
        1140           2
        1141           2
        1142           2
        1143           2
        1144           2
        1145           2
        1146           2
        1147           2
        1148           2
        1149           2
        1150           2
        1151           2
        1152           2
