   3.47222225E-03   80324273352497.062        147723742545231.81     
   6.94444450E-03   80324284908197.766        147723768002583.28     
   1.04166670E-02   80324304887338.844        147723810327420.38     
   1.38888890E-02   80324333352990.812        147723869520865.03     
   1.73611119E-02   80324370358691.156        147723945581719.31     
   2.08333340E-02   80324415966867.828        147724038506675.72     
   2.43055560E-02   80324470175181.531        147724148287196.56     
   2.77777780E-02   80324532957954.969        147724274911327.69     
   3.12500000E-02   80324604271747.188        147724418364498.50     
   3.47222239E-02   80324684027418.406        147724578627871.00     
   3.81944440E-02   80324772141674.500        147724755681151.31     
   4.16666679E-02   80324868541692.781        147724949503033.28     
   4.51388881E-02   80324973165194.219        147725160071432.38     
   4.86111119E-02   80325085971207.875        147725387363727.28     
   5.20833321E-02   80325206946381.094        147725631357652.75     
   5.55555560E-02   80325336092825.562        147725892030961.56     
   5.90277761E-02   80325473425270.688        147726169360835.88     
   6.25000000E-02   80325618967061.000        147726463323452.50     
   6.59722239E-02   80325772725268.656        147726773892283.94     
   6.94444478E-02   80325934704712.781        147727101039042.12     
   7.29166642E-02   80326104903970.375        147727444733488.94     
   7.63888881E-02   80326283299449.562        147727804942774.75     
   7.98611119E-02   80326469866850.375        147728181632356.28     
   8.33333358E-02   80326664574787.016        147728574765775.94     
   8.68055522E-02   80326867397555.125        147728984305547.59     
   9.02777761E-02   80327078316526.766        147729410213344.34     
   9.37500000E-02   80327297315469.656        147729852449864.56     
   9.72222239E-02   80327524377339.844        147730310974222.50     
  0.100694448       80327759492619.656        147730785744569.53     
  0.104166664       80328002651786.844        147731276717780.72     
  0.107638888       80328253848959.656        147731783849468.00     
  0.111111112       80328513074630.438        147732307093653.81     
  0.114583336       80328780316754.594        147732846402951.94     
  0.118055552       80329055563151.906        147733401728570.06     
  0.121527776       80329338794149.250        147733973020041.44     
  0.125000000       80329629985792.000        147734560225386.38     
  0.128472224       80329929109195.094        147735163290970.06     
  0.131944448       80330236137109.531        147735782162119.91     
  0.135416672       80330551033759.312        147736416782583.88     
  0.138888896       80330873769666.250        147737067095168.97     
  0.142361104       80331204315542.062        147737733041898.78     
  0.145833328       80331542637897.500        147738414563126.03     
  0.149305552       80331888704352.750        147739111598078.75     
  0.152777776       80332242478346.219        147739824085022.47     
  0.156250000       80332603930376.281        147740551961405.22     
  0.159722224       80332973024925.500        147741295163166.06     
  0.163194448       80333349731283.859        147742053625290.72     
  0.166666672       80333734021123.719        147742827281813.94     
  0.170138896       80334125856955.906        147743616065651.81     
  0.173611104       80334525193579.719        147744419907812.56     
  0.177083328       80334931994664.781        147745238739096.75     
  0.180555552       80335346214908.359        147746072488528.53     
  0.184027776       80335767803941.500        147746921084114.62     
  0.187500000       80336196721269.750        147747784453914.06     
  0.190972224       80336632921664.500        147748662524360.00     
  0.194444448       80337076359449.328        147749555221186.19     
  0.197916672       80337527004803.938        147750462470777.69     
  0.201388896       80337984817480.562        147751384197520.28     
  0.204861104       80338449762328.969        147752320325404.94     
  0.208333328       80338921814008.891        147753270778566.31     
  0.211805552       80339400940376.500        147754235479745.66     
  0.215277776       80339887103116.719        147755214350532.97     
  0.218750000       80340380266929.375        147756207312325.94     
  0.222222224       80340880402657.969        147757214285539.06     
  0.225694448       80341387466700.109        147758235189374.81     
  0.229166672       80341901416564.469        147759269942513.81     
  0.232638896       80342422210482.781        147760318462794.59     
  0.236111104       80342949801626.047        147761380667672.81     
  0.239583328       80343484150459.656        147762456474238.53     
  0.243055552       80344025214632.219        147763545799017.56     
  0.246527776       80344572952392.688        147764648558063.09     
  0.250000000       80345127320648.953        147765764667289.19     
  0.253472209       80345688282537.781        147766894041985.44     
  0.256944448       80346255795394.078        147768036596880.31     
  0.260416657       80346829817145.656        147769192245817.03     
  0.263888896       80347410315592.281        147770360902821.59     
  0.267361104       80347997248609.750        147771542481130.09     
  0.270833343       80348590574843.297        147772736892789.59     
  0.274305552       80349190237964.406        147773944051619.75     
  0.277777791       80349796203818.250        147775163869578.16     
  0.281250000       80350408423663.062        147776396258474.06     
  0.284722209       80351026850546.297        147777641128950.56     
  0.288194448       80351651437119.656        147778898393750.31     
  0.291666657       80352282146234.125        147780167964377.50     
  0.295138896       80352918926905.469        147781449750345.12     
  0.298611104       80353561728701.328        147782743662920.44     
  0.302083343       80354210503414.031        147784049610893.22     
  0.305555552       80354865212344.047        147785367507645.31     
  0.309027791       80355525800554.125        147786697259768.78     
  0.312500000       80356192225910.828        147788038773683.47     
  0.315972209       80356864430724.219        147789391964990.94     
  0.319444448       80357542385090.000        147790756741515.19     
  0.322916657       80358226031567.438        147792133015207.25     
  0.326388896       80358915356934.000        147793520696535.75     
  0.329861104       80359610294692.297        147794919696508.38     
  0.333333343       80360310808241.328        147796329923174.69     
  0.336805552       80361016844656.500        147797751282431.41     
  0.340277791       80361728374757.734        147799183688475.81     
  0.343750000       80362445335386.969        147800627054144.25     
  0.347222209       80363167682109.828        147802081281112.41     
  0.350694448       80363895401929.469        147803546287052.09     
  0.354166657       80364628404809.531        147805021982576.41     
  0.357638896       80365366688024.906        147806508269982.56     
  0.361111104       80366110196848.141        147808005057378.50     
  0.364583343       80366858840168.078        147809512256204.59     
  0.368055552       80367612585967.531        147811029809622.50     
  0.371527791       80368371304766.688        147812557634590.31     
  0.375000000       80369135296712.031        147814095557313.00     
  0.378472209       80369904331281.594        147815643625226.94     
  0.381944448       80370677505337.500        147817201885575.16     
  0.385416657       80371461462238.703        147818770730580.62     
  0.388888896       80372245324914.359        147820349032758.50     
  0.392361104       80373044564399.234        147821938195650.66     
  0.395833343       80373842503037.156        147823536849095.78     
  0.399305552       80374650757450.016        147825147001943.94     
  0.402777791       80375442726271.469        147826765866695.00     
  0.406250000       80376255789678.688        147828394894524.88     
  0.409722209       80377023488813.938        147830028684543.12     
  0.413194448       80377852686669.094        147831674587577.81     
  0.416666657       80378623914930.438        147833326104106.06     
  0.420138896       80379457353283.312        147834988992018.94     
  0.423611104       80380247008181.453        147836658819969.69     
  0.427083343       80381085663178.125        147838338402576.47     
  0.430555552       80381895416232.719        147840025995109.91     
  0.434027791       80382737934698.719        147841722804282.00     
  0.437500000       80383565120162.453        147843428054278.19     
  0.440972209       80384413913545.438        147845141830229.06     
  0.444444448       80385254477712.828        147846864142418.31     
  0.447916657       80386111518273.844        147848594692311.31     
  0.451388896       80386963047308.875        147850333573347.19     
  0.454861104       80387828221841.625        147852080633738.22     
  0.458333343       80388689473347.312        147853835789047.28     
  0.461805552       80389564292315.312        147855599202533.97     
  0.465277791       80390434850624.859        147857370221755.31     
  0.468750000       80391314904749.406        147859149678600.41     
  0.472222209       80392195774314.438        147860936166814.75     
  0.475694448       80393080983183.844        147862731399997.31     
  0.479166657       80393969052382.266        147864533368549.94     
  0.482638896       80394864584710.188        147866344305436.88     
  0.486111104       80395751462321.828        147868161410778.59     
  0.489583343       80396658017199.203        147869987618755.88     
  0.493055552       80397542331812.703        147871819106698.94     
  0.496527791       80398462956798.875        147873659623177.34     
  0.500000000       80399345742767.062        147875505823353.94     
  0.503472209       80400272443256.781        147877360430835.69     
  0.506944418       80401163461272.344        147879220430107.22     
  0.510416687       80402094603155.406        147881089054048.38     
  0.513888896       80402990047710.125        147882963042057.03     
  0.517361104       80403931205103.969        147884845153075.19     
  0.520833313       80404833947901.641        147886732406769.72     
  0.524305582       80405784359114.031        147888627530038.00     
  0.527777791       80406693504087.703        147890528311887.31     
  0.531250000       80407650211631.625        147892436067830.50     
  0.534722209       80408570649885.812        147894350362945.38     
  0.538194418       80409533120517.469        147896270532663.19     
  0.541666687       80410462109079.672        147898197566601.38     
  0.545138896       80411432417847.828        147900130461369.19     
  0.548611104       80412368232535.984        147902070156767.56     
  0.552083313       80413343378052.562        147904015092531.69     
  0.555555582       80414284933616.094        147905967521810.19     
  0.559027791       80415265400104.000        147907924241693.66     
  0.562500000       80416211820191.906        147909888355831.97     
  0.565972209       80417197000118.281        147911856993561.75     
  0.569444418       80418147893759.500        147913832769569.47     
  0.572916687       80419135310999.750        147915812278654.56     
  0.576388896       80420090413704.938        147917799998678.56     
  0.579861104       80421085934472.094        147919790790803.00     
  0.583333313       80422043603027.047        147921789566327.31     
  0.586805582       80423044967249.109        147923791030387.59     
  0.590277791       80424007527237.719        147925800192704.47     
  0.593750000       80425012765686.750        147927812852240.06     
  0.597222209       80425980002380.844        147929832469082.97     
  0.600694418       80426992728246.375        147931856377930.78     
  0.604166687       80427964775810.750        147933885972891.56     
  0.607638896       80428982141487.391        147935919834923.75     
  0.611111104       80429961425698.797        147937959212624.41     
  0.614583313       80430982929305.469        147940003044043.22     
  0.618055582       80431969072985.844        147942052420052.75     
  0.621527791       80432996356460.656        147944106120231.81     
  0.625000000       80433983162469.875        147946165092602.38     
  0.628472209       80435016106574.656        147948227985734.75     
  0.631944418       80436013743705.750        147950296550773.09     
  0.635416687       80437048819430.078        147952368788078.44     
  0.638888896       80438050404761.031        147954447006628.78     
  0.642361104       80439087679484.766        147956528383207.62     
  0.645833313       80440094830931.375        147958615000608.44     
  0.649305582       80441136955188.547        147960705798536.31     
  0.652777791       80442151000430.219        147962801799079.78     
  0.656250000       80443197331548.906        147964899967043.19     
  0.659722209       80444209809493.422        147967004327933.12     
  0.663194418       80445260316630.031        147969111420068.44     
  0.666666687       80446286618399.312        147971223896060.41     
  0.670138896       80447333316183.438        147973339620904.19     
  0.673611104       80448362453380.125        147975460697346.72     
  0.677083313       80449413418811.078        147977584381235.66     
  0.680555582       80450446113302.406        147979712988529.44     
  0.684027791       80451501323127.203        147981845045567.56     
  0.687500000       80452542575693.000        147983981161763.75     
  0.690972209       80453594839173.906        147986122017014.50     
  0.694444418       80454647365268.266        147988265222406.91     
  0.697916687       80455700627205.656        147990412426667.25     
  0.701388896       80456756840580.375        147992563432923.12     
  0.704861104       80457810294979.094        147994718588014.09     
  0.708333313       80458871661143.594        147996875563644.94     
  0.711805582       80459933817533.625        147999038657070.38     
  0.715277791       80460995847568.594        148001203183201.81     
  0.718750000       80462066246579.625        148003373461990.75     
  0.722222209       80463128687715.188        148005545110197.25     
  0.725694418       80464201005451.062        148007721252781.31     
  0.729166687       80465263479548.984        148009899075209.44     
  0.732638896       80466341194593.844        148012082994478.50     
  0.736111104       80467410515004.625        148014267593930.59     
  0.739583313       80468488809360.938        148016457013794.69     
  0.743055582       80469562097573.219        148018647742249.25     
  0.746527791       80470642832367.000        148020844337031.44     
  0.750000000       80471716522843.312        148023041358599.41     
  0.753472209       80472800682796.156        148025244557395.62     
  0.756944418       80473878336364.266        148027447573046.88     
  0.760416687       80474967179478.969        148029656490723.50     
  0.763888896       80476045382876.375        148031865342478.41     
  0.767361104       80477139158311.000        148034079534458.69     
  0.770833313       80478219217576.531        148036293960028.75     
  0.774305582       80479317619928.656        148038514277287.56     
  0.777777791       80480396126699.094        148040734280468.31     
  0.781250000       80481500176873.031        148042960163093.41     
  0.784722209       80482584249684.859        148045186046220.12     
  0.788194418       80483687769502.062        148047417504354.41     
  0.791666687       80484771005109.438        148049647980145.50     
  0.795138896       80485881235384.656        148051885888853.94     
  0.798611104       80486968243724.031        148054122088586.06     
  0.802083313       80488079170814.000        148056364380288.25     
  0.805555582       80489170947102.469        148058605656417.56     
  0.809027791       80490284927751.562        148060852779369.34     
  0.812500000       80491378114323.000        148063098392853.00     
  0.815972209       80492490045096.812        148065350180430.97     
  0.819444418       80493588421468.812        148067601817569.34     
  0.822916687       80494704100642.438        148069860390991.03     
  0.826388896       80495805690252.281        148072116696229.06     
  0.829861104       80496920861070.500        148074379855717.47     
  0.833333313       80498019587932.391        148076640506426.25     
  0.836805582       80499148086707.062        148078910298741.16     
  0.840277791       80500246869738.594        148081177737868.25     
  0.843750000       80501374480349.469        148083449616065.47     
  0.847222209       80502459743362.156        148085720988467.75     
  0.850694418       80503591524254.344        148087999536394.91     
  0.854166687       80504673037065.469        148090272786640.19     
  0.857638896       80505812257805.797        148092553586161.31     
  0.861111104       80506894217898.594        148094830369172.81     
  0.864583313       80508032831697.000        148097115628005.72     
  0.868055582       80509119193148.781        148099396588522.47     
  0.871527791       80510261433229.312        148101684562681.78     
  0.875000000       80511352925928.266        148103969691525.94     
  0.878472209       80512495093650.109        148106260282564.75     
  0.881944418       80513592587742.953        148108550295623.06     
  0.885416687       80514733755713.172        148110844486829.69     
  0.888888896       80515838946870.859        148113137673900.69     
  0.892361104       80516979940575.656        148115435594956.84     
  0.895833313       80518089878687.500        148117732555064.56     
  0.899305582       80519234771271.578        148120033764830.06     
  0.902777791       80520347813423.750        148122334268272.53     
  0.906250000       80521489673745.812        148124639057464.69     
  0.909722209       80522608537627.266        148126943676407.44     
  0.913194418       80523753364421.969        148129252252138.84     
  0.916666687       80524876128715.719        148131560063128.22     
  0.920138896       80526018094405.344        148133871808485.69     
  0.923611104       80527145730716.516        148136183005994.19     
  0.927083313       80528291534236.328        148138498104077.78     
  0.930555582       80529421294420.469        148140812648803.00     
  0.934027791       80530563346713.562        148143130804284.84     
  0.937500000       80531700229654.469        148145448330224.94     
  0.940972209       80532840201591.000        148147769231317.00     
  0.944444418       80533977237187.250        148150090186925.75     
  0.947916687       80535117957551.844        148152414268999.81     
  0.951388896       80536262470318.141        148154738084127.50     
  0.954861104       80537400229173.344        148157064798932.44     
  0.958333313       80538547153084.766        148159391676437.00     
  0.961805582       80539688840193.797        148161721878455.31     
  0.965277791       80540834488152.547        148164051917521.81     
  0.968750000       80541974807566.750        148166384885233.66     
  0.972222209       80543121036595.438        148168717410289.94     
  0.975694418       80544267904357.281        148171053178154.69     
  0.979166687       80545407493653.500        148173388566864.31     
  0.982638896       80546553613711.578        148175726655869.03     
  0.986111104       80547699780769.594        148178064305336.25     
  0.989583313       80548854075981.906        148180403662686.75     
  0.993055582       80549992277607.312        148182744361640.50     
  0.996527791       80551145201443.234        148185087243299.81     
   1.00000000       80552288487788.906        148187430240117.38     
   1.00347221       80553442369391.188        148189774966888.81     
   1.00694442       80554583121273.406        148192120022471.38     
   1.01041663       80555744890439.797        148194467393706.31     
   1.01388884       80556880585213.750        148196814603419.06     
   1.01736116       80558041875089.875        148199163584564.56     
   1.02083337       80559184227160.844        148201512890493.69     
   1.02430558       80560342482715.875        148203864403258.78     
   1.02777779       80561489850684.828        148206215494356.41     
   1.03125000       80562654556874.844        148208569920721.97     
   1.03472221       80563796735862.328        148210923646871.06     
   1.03819442       80564964209419.078        148213279777369.31     
   1.04166663       80566104670339.656        148215635478158.31     
   1.04513884       80567278432580.594        148217993932124.09     
   1.04861116       80568419118654.562        148220351244315.75     
   1.05208337       80569592110658.984        148222711569082.50     
   1.05555558       80570734407428.688        148225070988565.47     
   1.05902779       80571911676935.625        148227432949476.06     
   1.06250000       80573052860219.172        148229794372409.50     
   1.06597221       80574228565674.453        148232158505317.62     
   1.06944442       80575372028987.062        148234521641265.12     
   1.07291663       80576553566216.219        148236887720025.62     
   1.07638884       80577698478024.875        148239252974449.75     
   1.07986116       80578876242835.875        148241620859697.97     
   1.08333337       80580024349531.172        148243987942115.94     
   1.08680558       80581206591483.000        148246357621695.59     
   1.09027779       80582355503530.375        148248726428806.75     
   1.09375000       80583535740634.953        148251097062114.72     
   1.09722221       80584686208766.281        148253467908282.81     
   1.10069442       80585871460812.719        148255840168339.72     
   1.10416663       80587021968070.500        148258212669847.78     
   1.10763884       80588204704712.734        148260586988499.66     
   1.11111116       80589355390039.125        148262960824554.84     
   1.11458337       80590542488138.641        148265336609361.56     
   1.11805558       80591693089051.594        148267712220848.56     
   1.12152779       80592877134068.219        148270089476113.47     
   1.12500000       80594029190782.594        148272466400669.75     
   1.12847221       80595219227356.500        148274845318471.12     
   1.13194442       80596372316250.406        148277223601946.84     
   1.13541663       80597556910829.766        148279603651039.97     
   1.13888884       80598716334607.125        148281983875978.84     
   1.14236116       80599899833063.938        148284365011733.47     
   1.14583337       80601059848461.594        148286746127269.44     
   1.14930558       80602243234893.719        148289129433467.50     
   1.15277779       80603403972263.562        148291511854040.75     
   1.15625000       80604587203979.359        148293896212904.72     
   1.15972221       80605751916906.938        148296280132664.94     
   1.16319442       80606932830676.422        148298666117158.62     
   1.16666663       80608100154750.906        148301051672610.62     
   1.17013884       80609281310943.516        148303438323405.91     
   1.17361116       80610454825668.266        148305825361099.09     
   1.17708337       80611626522340.031        148308212529376.28     
   1.18055558       80612806612876.109        148310600513862.03     
   1.18402779       80613980151130.594        148312989879115.75     
   1.18750000       80615163141773.250        148315378922059.38     
   1.19097221       80616329784201.781        148317769042234.38     
   1.19444442       80617518127133.875        148320159925376.31     
   1.19791663       80618683589495.594        148322551698754.00     
   1.20138884       80619874831129.797        148324943143981.34     
   1.20486116       80621038591001.641        148327335202938.47     
   1.20833337       80622234458189.250        148329727954401.75     
   1.21180558       80623400262037.969        148332121543656.38     
   1.21527779       80624592202103.797        148334515915790.62     
   1.21875000       80625763087143.531        148336910471551.69     
   1.22222221       80626950074008.031        148339305891897.31     
   1.22569442       80628125048871.281        148341701173400.00     
   1.22916663       80629308882623.391        148344097052279.47     
   1.23263884       80630484852873.250        148346493482916.81     
   1.23611116       80631666382773.016        148348891355693.66     
   1.23958337       80632848839563.438        148351288368627.75     
   1.24305558       80634024917172.109        148353687098417.06     
   1.24652779       80635210904055.156        148356085241318.00     
   1.25000000       80636384389784.797        148358485188821.31     
   1.25347221       80637572585456.422        148360884022521.16     
   1.25694442       80638746470627.641        148363284239545.00     
   1.26041663       80639937201117.922        148365684591793.56     
   1.26388884       80641109242640.281        148368085774771.28     
   1.26736116       80642299646543.391        148370487082645.50     
   1.27083337       80643472585863.703        148372888745752.81     
   1.27430558       80644660791127.562        148375291400008.91     
   1.27777779       80645833489437.719        148377693902356.00     
   1.28125000       80647024152869.438        148380097950993.50     
   1.28472221       80648194525915.031        148382500939009.38     
   1.28819442       80649388357119.625        148384905990877.31     
   1.29166663       80650557205868.016        148387309178691.00     
   1.29513884       80651758469866.844        148389714874132.69     
   1.29861116       80652921400557.219        148392118186077.94     
   1.30208337       80654125002951.531        148394525314535.38     
   1.30555558       80655286699418.406        148396930417093.69     
   1.30902779       80656490204863.516        148399338363636.44     
   1.31250000       80657653533279.406        148401743672629.44     
   1.31597221       80658857600611.312        148404152249375.31     
   1.31944442       80660021353339.109        148406558906541.19     
   1.32291663       80661223002323.172        148408967969871.44     
   1.32638884       80662387541507.875        148411374955254.44     
   1.32986116       80663590157840.172        148413784311415.28     
   1.33333337       80664758629518.938        148416192810802.78     
   1.33680558       80665960640668.609        148418602796895.81     
   1.34027779       80667129203521.922        148421011766319.97     
   1.34375000       80668329188193.219        148423422197599.31     
   1.34722221       80669498497697.953        148425831920793.31     
   1.35069442       80670697964653.969        148428243238284.12     
   1.35416663       80671868663251.344        148430653436436.09     
   1.35763884       80673065314430.359        148433065095744.06     
   1.36111116       80674240514395.578        148435475342576.53     
   1.36458337       80675435806088.594        148437887115007.00     
   1.36805558       80676614110160.547        148440298406222.72     
   1.37152779       80677807467067.781        148442711033707.84     
   1.37500000       80678986763911.281        148445123865817.19     
   1.37847221       80680179060320.094        148447537024473.72     
   1.38194442       80681360337650.656        148449949816800.88     
   1.38541663       80682553201025.281        148452363373105.03     
   1.38888884       80683734932625.188        148454777104160.94     
   1.39236116       80684926787954.406        148457191581080.56     
   1.39583337       80686111498023.844        148459604645897.88     
   1.39930558       80687304910715.625        148462019339120.22     
   1.40277779       80688487358680.250        148464434014169.88     
   1.40625000       80689679857365.516        148466849963419.91     
   1.40972221       80690863453108.109        148469264424089.50     
   1.41319442       80692057349927.734        148471679876878.75     
   1.41666663       80693241613663.203        148474094989315.03     
   1.42013884       80694435077344.594        148476512012613.06     
   1.42361116       80695621755441.812        148478927546180.81     
   1.42708337       80696814623800.375        148481344249025.16     
   1.43055558       80698001001167.938        148483761081057.00     
   1.43402779       80699193333433.844        148486178223562.72     
   1.43750000       80700380813932.172        148488595153407.12     
   1.44097221       80701574246763.375        148491012334637.88     
   1.44444442       80702761426877.438        148493430011264.19     
   1.44791663       80703954996580.812        148495847990894.59     
   1.45138884       80705145832574.250        148498265836065.31     
   1.45486116       80706337512572.453        148500683561413.00     
   1.45833337       80707527820101.156        148503101982603.53     
   1.46180558       80708723043125.141        148505520593754.62     
   1.46527779       80709914551021.062        148507939010571.25     
   1.46875000       80711109374186.094        148510357675663.09     
   1.47222221       80712297390981.875        148512776923158.56     
   1.47569442       80713497110275.844        148515196131435.50     
   1.47916663       80714684268057.688        148517615518763.78     
   1.48263884       80715882227665.766        148520035294739.31     
   1.48611116       80717070257584.625        148522455266733.53     
   1.48958337       80718267246923.562        148524875283164.41     
   1.49305558       80719456487208.906        148527295437000.00     
   1.49652779       80720654015746.172        148529715778447.31     
   1.50000000       80721846012919.125        148532136720536.00     
   1.50347221       80723045028118.531        148534557193069.44     
   1.50694442       80724236139675.828        148536978140853.06     
   1.51041663       80725433671421.719        148539398660192.81     
   1.51388884       80726629434297.906        148541820277613.06     
   1.51736116       80727828086428.625        148544241447311.84     
   1.52083337       80729020683747.938        148546663056080.53     
   1.52430558       80730216488770.188        148549084081643.31     
   1.52777779       80731411851761.375        148551506350593.34     
   1.53125000       80732612198335.281        148553928180614.75     
   1.53472221       80733803587548.094        148556350264101.75     
   1.53819442       80735001994783.438        148558772089721.47     
   1.54166663       80736196344852.531        148561194996900.50     
   1.54513884       80737398745358.656        148563617525331.69     
   1.54861116       80738590342176.062        148566040252994.72     
   1.55208337       80739790244877.656        148568462756331.69     
   1.55555558       80740983833672.266        148570886235631.06     
   1.55902779       80742187511493.609        148573309175377.06     
   1.56250000       80743380248642.469        148575732470549.75     
   1.56597221       80744579534060.219        148578155344319.41     
   1.56944442       80745775456751.453        148580579086027.69     
   1.57291663       80746976159854.406        148583002641463.81     
   1.57638884       80748169472415.672        148585426449820.19     
   1.57986116       80749372668780.141        148587849789392.22     
   1.58333337       80750564956373.531        148590273949991.75     
   1.58680558       80751767811115.469        148592698308697.16     
   1.59027779       80752960779708.672        148595123136355.06     
   1.59375000       80754159579859.406        148597547762344.03     
   1.59722221       80755356999732.984        148599972410616.16     
   1.60069442       80756556034536.625        148602397437188.12     
   1.60416663       80757753296829.062        148604822306323.12     
   1.60763884       80758948646728.281        148607247657226.12     
   1.61111116       80760150222276.625        148609672424797.59     
   1.61458337       80761348172121.797        148612098407975.50     
   1.61805558       80762547360900.078        148614523036360.84     
   1.62152779       80763745559523.312        148616949476565.84     
   1.62500000       80764945573649.531        148619374331348.06     
   1.62847221       80766144368376.969        148621800794561.50     
   1.63194442       80767345282158.312        148624226012962.97     
   1.63541663       80768543237985.797        148626653112856.97     
   1.63888884       80769743687617.688        148629078554408.44     
   1.64236116       80770941292246.859        148631505873194.94     
   1.64583337       80772142103607.719        148633931596794.12     
   1.64930558       80773341525925.969        148636358973478.22     
   1.65277779       80774542529378.641        148638784612612.69     
   1.65625000       80775740759300.781        148641212017162.81     
   1.65972221       80776942425084.969        148643637984744.06     
   1.66319442       80778140879159.406        148646065768279.12     
   1.66666663       80779341823293.531        148648491800080.06     
   1.67013884       80780539705285.281        148650920109806.47     
   1.67361116       80781742534717.266        148653345982681.88     
   1.67708337       80782941009436.125        148655773970978.16     
   1.68055558       80784144944473.688        148658200964340.81     
   1.68402779       80785348995612.734        148660628951318.38     
   1.68750000       80786547496435.609        148663055876063.19     
   1.69097221       80787749624243.875        148665483967955.12     
   1.69444442       80788950353256.312        148667910360195.00     
   1.69791663       80790154878789.312        148670338377941.97     
   1.70138884       80791355263221.156        148672765952906.38     
   1.70486116       80792560439927.766        148675194050148.78     
   1.70833337       80793761024130.672        148677621580659.22     
   1.71180558       80794968037247.188        148680049760315.03     
   1.71527779       80796167648289.844        148682477670619.28     
   1.71875000       80797374851848.969        148684906526822.25     
   1.72222221       80798573743897.188        148687334412925.16     
   1.72569442       80799783025126.438        148689763473614.25     
   1.72916663       80800980717173.391        148692191276909.72     
   1.73263884       80802191375902.188        148694620588752.28     
   1.73611116       80803388222117.094        148697048481734.00     
   1.73958337       80804598710463.359        148699478132106.62     
   1.74305558       80805796841221.047        148701906170203.75     
   1.74652779       80807007754739.094        148704335930470.69     
   1.75000000       80808207256405.969        148706764176458.19     
   1.75347221       80809418888305.047        148709193922097.06     
   1.75694442       80810616705029.781        148711622223279.62     
   1.76041663       80811829372221.406        148714052139669.25     
   1.76388884       80813028442279.406        148716480759839.62     
   1.76736116       80814241725251.156        148718910701290.12     
   1.77083337       80815441266525.734        148721338812795.62     
   1.77430558       80816651653976.219        148723769126255.94     
   1.77777779       80817851490874.219        148726197666067.06     
   1.78125000       80819062799449.984        148728627801955.19     
   1.78472221       80820263729644.438        148731056384696.94     
   1.78819442       80821473703782.438        148733486967725.75     
   1.79166663       80822675895480.297        148735915822627.94     
   1.79513884       80823889686115.578        148738346264185.75     
   1.79861116       80825090271115.875        148740775317063.69     
   1.80208337       80826303193486.219        148743205930565.81     
   1.80555558       80827505226690.688        148745634942090.75     
   1.80902779       80828716433532.391        148748065774356.88     
   1.81250000       80829916717447.469        148750494750299.31     
   1.81597221       80831131099122.328        148752925314893.12     
   1.81944442       80832329468355.609        148755355033760.75     
   1.82291663       80833545501188.938        148757785406492.09     
   1.82638884       80834744764146.078        148760215066448.28     
   1.82986116       80835958895034.719        148762645710836.81     
   1.83333337       80837159646247.656        148765075343976.19     
   1.83680558       80838375030573.719        148767505870624.78     
   1.84027779       80839573962647.688        148769936175409.69     
   1.84375000       80840790375118.172        148772366391785.56     
   1.84722221       80841991913313.750        148774796220987.28     
   1.85069442       80843204406294.844        148777227400957.38     
   1.85416663       80844406612886.531        148779657325521.34     
   1.85763884       80845622876499.469        148782088559797.16     
   1.86111116       80846820153676.438        148784518633856.19     
   1.86458337       80848034199813.750        148786950146772.75     
   1.86805558       80849237083284.500        148789380165583.50     
   1.87152779       80850451476075.094        148791811490732.16     
   1.87500000       80851654004817.875        148794241345536.25     
   1.87847221       80852868235137.562        148796672916609.03     
   1.88194442       80854073208775.719        148799103015201.19     
   1.88541663       80855284624674.156        148801534882195.38     
   1.88888884       80856490261431.641        148803965404328.94     
   1.89236116       80857704157500.812        148806396948011.88     
   1.89583337       80858911566490.656        148808827442348.06     
   1.89930558       80860122360765.094        148811259355323.25     
   1.90277779       80861328958824.516        148813689927639.41     
   1.90625000       80862542671416.156        148816121908449.31     
   1.90972221       80863749444973.812        148818552680074.44     
   1.91319442       80864961872129.156        148820984318974.94     
   1.91666663       80866169318958.047        148823415345936.34     
   1.92013884       80867384171794.203        148825847743606.31     
   1.92361116       80868593769091.453        148828278376647.62     
   1.92708337       80869805034265.406        148830710282208.09     
   1.93055558       80871014968254.656        148833141005830.44     
   1.93402779       80872228933607.812        148835573383060.75     
   1.93750000       80873438546996.219        148838003972320.69     
   1.94097221       80874650949422.781        148840436613270.59     
   1.94444442       80875860373652.172        148842867378944.00     
   1.94791663       80877076095911.125        148845300100101.69     
   1.95138884       80878286583642.547        148847730761630.16     
   1.95486116       80879500409513.891        148850163310312.19     
   1.95833337       80880710427434.203        148852594286264.62     
   1.96180558       80881926450505.781        148855027191475.41     
   1.96527779       80883134811517.859        148857457873298.62     
   1.96875000       80884349477694.594        148859890758862.38     
   1.97222221       80885559087835.094        148862321852524.22     
   1.97569442       80886776966081.859        148864754896529.88     
   1.97916663       80887985924876.094        148867185647864.69     
   1.98263884       80889205616055.203        148869618977729.97     
   1.98611116       80890409912208.422        148872050128059.75     
   1.98958337       80891630541146.859        148874483513391.09     
   1.99305558       80892834659371.125        148876914564824.41     
   1.99652779       80894055080935.250        148879347839328.78     
   2.00000000       80895259615555.594        148881779027212.44     
   2.00347233       80896478935003.125        148884212711545.97     
   2.00694442       80897683152879.062        148886643635488.16     
   2.01041675       80898902124152.062        148889076929216.88     
   2.01388884       80900109129490.688        148891508144670.81     
   2.01736116       80901328159481.688        148893941278197.88     
   2.02083325       80902534630493.688        148896372370114.69     
   2.02430558       80903754315081.359        148898805564233.66     
   2.02777767       80904960483853.438        148901236854650.06     
   2.03125000       80906180438253.703        148903670044342.38     
   2.03472233       80907387557971.594        148906101418834.50     
   2.03819442       80908608101642.969        148908534580186.38     
   2.04166675       80909820884733.656        148910966559394.06     
   2.04513884       80911040343131.375        148913399854754.53     
   2.04861116       80912251234060.859        148915831759281.06     
   2.05208325       80913469718063.469        148918265104824.31     
   2.05555558       80914681637817.531        148920697130034.09     
   2.05902767       80915899489636.859        148923130420602.34     
   2.06250000       80917113546108.500        148925562629290.22     
   2.06597233       80918331049973.016        148927995923657.12     
   2.06944442       80919546086279.594        148930428164241.38     
   2.07291675       80920760647240.922        148932861917650.38     
   2.07638884       80921978228866.094        148935294085142.75     
   2.07986116       80923191326644.969        148937727670966.25     
   2.08333325       80924410705346.188        148940160042969.44     
   2.08680558       80925621417935.062        148942593662040.81     
   2.09027767       80926839078661.938        148945026266318.31     
   2.09375000       80928052388276.141        148947459663434.31     
   2.09722233       80929272682323.641        148949892149174.44     
   2.10069442       80930480796272.500        148952325311890.56     
   2.10416675       80931704845832.766        148954758374803.44     
   2.10763884       80932915725099.656        148957191836036.97     
   2.11111116       80934137106755.859        148959624530696.31     
   2.11458325       80935347916953.891        148962057984384.94     
   2.11805558       80936568814860.406        148964490712322.09     
   2.12152767       80937779411213.344        148966924091368.66     
   2.12500000       80939002339967.875        148969357124642.62     
   2.12847233       80940212211799.156        148971790717033.12     
   2.13194442       80941434601778.188        148974223555073.31     
   2.13541675       80942645181796.766        148976658006043.56     
   2.13888884       80943868424225.391        148979090652133.34     
   2.14236116       80945078562286.969        148981524422210.16     
   2.14583325       80946297919246.344        148983957395459.72     
   2.14930558       80947510542321.531        148986391437339.31     
   2.15277767       80948732315131.188        148988824022661.72     
   2.15625000       80949941255180.938        148991257515183.34     
   2.15972233       80951166151412.375        148993690712119.53     
   2.16319442       80952377469595.031        148996124459222.62     
   2.16666675       80953600304616.906        148998557487859.66     
   2.17013884       80954809937749.031        149000991240966.44     
   2.17361116       80956031677007.000        149003424129705.34     
   2.17708325       80957242258545.562        149005858418960.06     
   2.18055558       80958465761148.078        149008291152246.00     
   2.18402767       80959669870594.219        149010725135229.31     
   2.18750000       80960896681314.750        149013158240502.00     
   2.19097233       80962106779746.906        149015592540450.00     
   2.19444442       80963327368784.141        149018025500856.81     
   2.19791675       80964537735227.812        149020459532456.00     
   2.20138884       80965757869369.594        149022892423669.00     
   2.20486116       80966971043366.188        149025325800247.12     
   2.20833325       80968190000157.031        149027759713639.12     
   2.21180558       80969406660153.125        149030193956597.19     
   2.21527767       80970623765050.906        149032627197763.81     
   2.21875000       80971837671747.531        149035061026064.12     
   2.22222233       80973060920622.250        149037494711552.75     
   2.22569442       80974274136631.766        149039929048035.84     
   2.22916675       80975494982342.344        149042362267530.38     
   2.23263884       80976706427846.328        149044796121372.81     
   2.23611116       80977934655939.984        149047229925183.03     
   2.23958325       80979143334426.797        149049663778665.91     
   2.24305558       80980370735709.922        149052098065341.19     
   2.24652767       80981579210484.844        149054532235333.69     
   2.25000000       80982807556340.000        149056966129021.09     
   2.25347233       80984015900341.844        149059400079134.00     
   2.25694442       80985242773519.688        149061833691641.59     
   2.26041675       80986453122002.250        149064268701986.44     
   2.26388884       80987680979411.875        149066701819003.44     
   2.26736116       80988887050923.156        149069135605090.28     
   2.27083325       80990120026300.812        149071569044114.25     
   2.27430558       80991325665589.328        149074003232654.84     
   2.27777767       80992557485092.781        149076436912445.22     
   2.28125000       80993761283301.719        149078870918008.72     
   2.28472233       80994993995864.594        149081304263727.09     
   2.28819442       80996197768160.250        149083738351232.50     
   2.29166675       80997433826746.297        149086172036699.16     
   2.29513884       80998636776233.562        149088606771994.69     
   2.29861116       80999871918598.828        149091040243824.62     
   2.30208325       81001080217969.938        149093474411138.50     
   2.30555558       81002309862584.781        149095908021154.31     
   2.30902767       81003515778595.156        149098342331689.84     
   2.31250000       81004747871936.344        149100776243735.28     
   2.31597233       81005959582905.969        149103210579579.81     
   2.31944442       81007182897841.500        149105644519887.00     
   2.32291675       81008395410901.438        149108078981742.56     
   2.32638884       81009625152301.094        149110512426075.38     
   2.32986116       81010832777008.938        149112946595820.19     
   2.33333325       81012064379761.188        149115380599546.66     
   2.33680558       81013271544995.109        149117815019927.47     
   2.34027767       81014500587872.156        149120248888306.25     
   2.34375000       81015715210173.031        149122683261388.12     
   2.34722233       81016938489160.000        149125116765711.81     
   2.35069442       81018151454181.750        149127550849580.78     
   2.35416675       81019378246565.000        149129985188564.19     
   2.35763884       81020592462861.172        149132419886222.84     
   2.36111116       81021819488191.859        149134853637925.19     
   2.36458325       81023027630066.281        149137288051900.94     
   2.36805558       81024259154983.000        149139721755144.56     
   2.37152767       81025472374011.406        149142156144006.97     
   2.37500000       81026697262421.484        149144589900369.31     
   2.37847233       81027909380584.172        149147024817903.81     
   2.38194442       81029139403196.781        149149458762406.41     
   2.38541675       81030354467566.453        149151893772248.22     
   2.38888884       81031581163797.750        149154327587179.03     
   2.39236116       81032795234527.328        149156762190761.69     
   2.39583325       81034022647980.531        149159196268593.28     
   2.39930558       81035241306073.938        149161630888785.44     
   2.40277767       81036466681146.219        149164065040222.75     
   2.40625000       81037679721206.688        149166499480576.97     
   2.40972233       81038909199702.234        149168933486153.97     
   2.41319442       81040126835900.031        149171367748836.31     
   2.41666675       81041354871634.188        149173802219204.06     
   2.42013884       81042564755015.734        149176236684880.25     
   2.42361116       81043796262181.422        149178671033468.56     
   2.42708325       81045011606970.797        149181105348533.38     
   2.43055558       81046238956886.562        149183539678017.94     
   2.43402767       81047453126517.484        149185974062719.44     
   2.43750000       81048681681210.188        149188408088482.00     
   2.44097233       81049900093827.562        149190842610764.28     
   2.44444442       81051125943502.422        149193276940586.72     
   2.44791675       81052342550492.156        149195711515117.12     
   2.45138884       81053570996976.453        149198145701427.25     
   2.45486116       81054787361742.547        149200579956400.88     
   2.45833325       81056017145040.750        149203014359210.88     
   2.46180558       81057232315384.125        149205448657448.12     
   2.46527767       81058461388976.938        149207883044403.97     
   2.46875000       81059678482438.172        149210317406550.97     
   2.47222233       81060908055487.000        149212751831438.44     
   2.47569442       81062121479408.062        149215186530855.16     
   2.47916675       81063352572444.047        149217620810806.00     
   2.48263884       81064566418851.312        149220055160373.97     
   2.48611116       81065799412603.906        149222489470510.69     
   2.48958325       81067014666237.938        149224924160896.62     
   2.49305558       81068241062493.438        149227358888835.69     
   2.49652767       81069459956199.031        149229793609968.09     
   2.50000000       81070689140119.078        149232228565573.62     
   2.50347233       81071903920156.703        149234663541939.03     
   2.50694442       81073135888872.375        149237098190609.78     
   2.51041675       81074346899809.766        149239532863847.56     
   2.51388884       81075581910471.656        149241968115468.75     
   2.51736116       81076794748332.969        149244402767340.81     
   2.52083325       81078024543567.328        149246837355951.12     
   2.52430558       81079237255195.797        149249271829549.69     
   2.52777767       81080469374878.938        149251706805720.16     
   2.53125000       81081685620623.250        149254141352317.88     
   2.53472233       81082917381778.766        149256576375943.81     
   2.53819442       81084131340685.359        149259010653845.28     
   2.54166675       81085365088030.156        149261445886051.59     
   2.54513884       81086581318272.891        149263880272609.84     
   2.54861116       81087807937936.500        149266315596840.88     
   2.55208325       81089028035084.844        149268750091143.31     
   2.55555558       81090258814870.312        149271185686243.34     
   2.55902767       81091470578584.922        149273619855597.00     
   2.56250000       81092703928488.625        149276055209091.88     
   2.56597233       81093917212102.312        149278489367741.94     
   2.56944442       81095152071360.406        149280924863839.12     
   2.57291675       81096367417111.469        149283359549038.53     
   2.57638884       81097597759855.266        149285795022343.12     
   2.57986116       81098817412441.703        149288229092716.75     
   2.58333325       81100045729714.375        149290664778401.50     
   2.58680558       81101265301066.078        149293098842474.25     
   2.59027767       81102494235325.438        149295533910383.50     
   2.59375000       81103709601758.703        149297968351402.31     
   2.59722233       81104943177951.109        149300403882102.06     
   2.60069442       81106160093470.812        149302838478888.25     
   2.60416675       81107389613342.469        149305273730736.50     
   2.60763884       81108607816720.625        149307707939294.25     
   2.61111116       81109837334549.016        149310143456249.31     
   2.61458325       81111057482038.875        149312578024352.09     
   2.61805558       81112286574054.016        149315013297419.81     
   2.62152767       81113503854793.578        149317447760371.09     
   2.62500000       81114735669076.469        149319883140882.62     
   2.62847233       81115955562329.344        149322317599109.12     
   2.63194442       81117184124087.438        149324752629450.09     
   2.63541675       81118403012533.547        149327187178678.22     
   2.63888884       81119633361663.188        149329622149820.66     
   2.64236116       81120855554193.891        149332056837914.75     
   2.64583325       81122083564919.656        149334492159305.88     
   2.64930558       81123303290374.062        149336926753610.28     
   2.65277767       81124533246319.344        149339362523874.62     
   2.65625000       81125756267262.969        149341797229108.53     
   2.65972233       81126985692348.016        149344232310338.28     
   2.66319442       81128204736344.250        149346667224384.28     
   2.66666675       81129436076059.438        149349102536122.34     
   2.67013884       81130656575649.500        149351537899927.19     
   2.67361116       81131885055700.266        149353973243992.31     
   2.67708325       81133104283845.781        149356408245365.84     
   2.68055558       81134334567461.281        149358843310386.88     
   2.68402767       81135553109979.922        149361278272563.44     
   2.68750000       81136785264089.500        149363713228087.62     
   2.69097233       81138006329566.500        149366147971379.72     
   2.69444442       81139234230038.906        149368583147831.69     
   2.69791675       81140456232103.906        149371017899027.31     
   2.70138884       81141686016730.656        149373452997574.56     
   2.70486116       81142904376239.516        149375887845854.00     
   2.70833325       81144135750812.531        149378322971277.62     
   2.71180558       81145356433762.188        149380757662821.69     
   2.71527767       81146587356232.000        149383192932735.06     
   2.71875000       81147807792239.594        149385627990527.12     
   2.72222233       81149039373571.781        149388063184436.38     
   2.72569442       81150260506213.875        149390498239686.88     
   2.72916675       81151492517833.906        149392933509902.19     
   2.73263884       81152712377096.531        149395368175870.69     
   2.73611116       81153946330516.938        149397803331496.81     
   2.73958325       81155169539847.969        149400238139944.91     
   2.74305558       81156396552149.891        149402673413975.38     
   2.74652767       81157621348433.141        149405108197738.81     
   2.75000000       81158845669534.188        149407543193610.38     
   2.75347233       81160074345109.203        149409978101193.72     
   2.75694442       81161296258085.750        149412413208713.47     
   2.76041675       81162525917796.875        149414847922337.47     
   2.76388884       81163749654606.938        149417283266537.66     
   2.76736116       81164975576854.531        149419718033924.56     
   2.77083325       81166198919872.234        149422153122247.06     
   2.77430558       81167425160891.281        149424587962551.09     
   2.77777767       81168650700782.969        149427023649436.53     
   2.78125000       81169877980976.516        149429458404598.06     
   2.78472233       81171103408677.438        149431893702654.12     
   2.78819442       81172330714066.891        149434328534468.53     
   2.79166675       81173556094222.406        149436764072440.53     
   2.79513884       81174781369853.766        149439198903661.44     
   2.79861116       81176011071637.594        149441634547886.56     
   2.80208325       81177237949269.125        149444069653368.84     
   2.80555558       81178464488847.969        149446504862120.97     
   2.80902767       81179690141621.094        149448939503845.38     
   2.81250000       81180922613035.922        149451374918008.12     
   2.81597233       81182143137302.375        149453809778800.94     
   2.81944442       81183377184463.672        149456245789936.00     
   2.82291675       81184595323764.656        149458680221730.38     
   2.82638884       81185832471793.875        149461116146686.94     
   2.82986116       81187052449684.406        149463550670078.56     
   2.83333325       81188288026244.781        149465986139741.00     
   2.83680558       81189506266334.141        149468421250883.28     
   2.84027767       81190744011860.312        149470857063875.09     
   2.84375000       81191961835599.688        149473291921245.22     
   2.84722233       81193198969383.734        149475727480552.03     
   2.85069442       81194413714784.438        149478162261760.44     
   2.85416675       81195653273768.188        149480598159899.34     
   2.85763884       81196871040851.250        149483032690583.88     
   2.86111116       81198110463723.109        149485468433603.94     
   2.86458325       81199322588865.547        149487903141305.62     
   2.86805558       81200563499505.000        149490338805476.84     
   2.87152767       81201777573124.562        149492773110567.31     
   2.87500000       81203016282061.969        149495208556521.12     
   2.87847233       81204232006657.656        149497643317252.88     
   2.88194442       81205470924493.438        149500078855851.25     
   2.88541675       81206692658493.969        149502513269958.50     
   2.88888884       81207924669865.391        149504948813297.50     
   2.89236116       81209145174463.328        149507383998666.75     
   2.89583325       81210379470781.375        149509819587254.75     
   2.89930558       81211601643056.906        149512254279226.69     
   2.90277767       81212835075974.875        149514690077763.12     
   2.90625000       81214058882396.031        149517124937537.41     
   2.90972233       81215288377654.312        149519560767260.06     
   2.91319442       81216517167536.531        149521995351506.56     
   2.91666675       81217742621808.234        149524431213531.59     
   2.92013884       81218969284221.531        149526865905751.19     
   2.92361116       81220199339739.672        149529301770548.06     
   2.92708325       81221421205839.312        149531736758926.56     
   2.93055558       81222654779961.125        149534172892030.91     
   2.93402767       81223877480833.000        149536607643148.12     
   2.93750000       81225109994134.875        149539043203372.38     
   2.94097233       81226332930667.719        149541477994325.97     
   2.94444442       81227565880807.891        149543913842732.75     
   2.94791675       81228788397422.469        149546348463750.59     
   2.95138884       81230024834731.078        149548784229370.75     
   2.95486116       81231244838911.812        149551219385396.06     
   2.95833325       81232481797168.031        149553655571143.59     
   2.96180558       81233704397096.953        149556090263959.06     
   2.96527767       81234937977249.359        149558526420086.62     
   2.96875000       81236160985895.047        149560961746105.56     
   2.97222233       81237395271526.984        149563397509917.62     
   2.97569442       81238618971066.094        149565832375983.44     
   2.97916675       81239852546347.406        149568268345808.88     
   2.98263884       81241074556605.188        149570703341615.44     
   2.98611116       81242310169157.750        149573139295445.53     
   2.98958325       81243530670013.641        149575574485764.31     
   2.99305558       81244766696967.344        149578010302245.88     
   2.99652767       81245986558258.625        149580445368958.97     
   3.00000000       81247225161558.375        149582881373935.25     
   3.00347233       81248445321572.109        149585316146146.25     
   3.00694442       81249684574544.344        149587752121313.09     
   3.01041675       81250901311994.562        149590187146919.97     
   3.01388884       81252141738428.641        149592622745106.00     
   3.01736116       81253365562114.594        149595057547631.38     
   3.02083325       81254596865484.125        149597493506918.78     
   3.02430558       81255821556004.688        149599928025481.44     
   3.02777767       81257057261268.875        149602364376284.69     
   3.03125000       81258280378902.344        149604799489912.00     
   3.03472233       81259515728863.344        149607235361153.81     
   3.03819442       81260736649737.250        149609670575138.62     
   3.04166675       81261974335923.625        149612106507463.75     
   3.04513884       81263193036503.531        149614541371709.84     
   3.04861116       81264432264268.531        149616977835368.88     
   3.05208325       81265656275454.047        149619412880580.28     
   3.05555558       81266890309335.812        149621849247540.53     
   3.05902767       81268107497492.375        149624284704970.25     
   3.06250000       81269342550649.500        149626720838560.94     
   3.06597233       81270566125407.141        149629155761903.00     
   3.06944442       81271799701679.812        149631591705137.62     
   3.07291675       81273021778984.406        149634026929224.69     
   3.07638884       81274255956218.125        149636462880976.31     
   3.07986116       81275479870185.500        149638897775137.75     
   3.08333325       81276713136006.203        149641333867500.16     
   3.08680558       81277939652028.188        149643768859432.06     
   3.09027767       81279170919872.625        149646204758030.06     
   3.09375000       81280397886577.547        149648639773729.81     
   3.09722233       81281628463376.781        149651075964500.44     
   3.10069442       81282854079218.312        149653511124325.72     
   3.10416675       81284089298114.109        149655946961820.59     
   3.10763884       81285312271493.594        149658382085338.31     
   3.11111116       81286549757014.562        149660817997860.97     
   3.11458325       81287770534584.656        149663253642432.72     
   3.11805558       81289009941158.406        149665689498335.88     
   3.12152767       81290233346118.219        149668124898937.12     
   3.12500000       81291470297034.156        149670561082493.19     
   3.12847233       81292696686625.422        149672996791742.19     
   3.13194442       81293929440728.281        149675433316655.69     
   3.13541675       81295156023478.750        149677868705523.88     
   3.13888884       81296388310954.625        149680304906007.88     
   3.14236116       81297614233856.625        149682740632985.88     
   3.14583325       81298847062341.594        149685177114346.78     
   3.14930558       81300071549576.906        149687612504211.88     
   3.15277767       81301306692074.656        149690048929072.31     
   3.15625000       81302526787626.969        149692484533289.16     
   3.15972233       81303765255840.688        149694920993619.88     
   3.16319442       81304984891117.250        149697356454876.12     
   3.16666675       81306222522579.781        149699793377587.06     
   3.17013884       81307440762475.750        149702228907539.75     
   3.17361116       81308680807091.281        149704664926425.09     
   3.17708325       81309900659342.844        149707100306497.00     
   3.18055558       81311138072091.797        149709536832919.44     
   3.18402767       81312361394590.906        149711972205707.34     
   3.18750000       81313600671461.750        149714408337477.31     
   3.19097233       81314822413595.734        149716843613600.44     
   3.19444442       81316058391010.484        149719280185814.22     
   3.19791675       81317282291120.531        149721715236082.44     
   3.20138884       81318518053221.672        149724151575557.38     
   3.20486116       81319742154472.078        149726586482797.88     
   3.20833325       81320977987886.656        149729022925701.38     
   3.21180558       81322203538345.641        149731458149401.00     
   3.21527767       81323436353001.531        149733894753990.69     
   3.21875000       81324666530802.938        149736330060771.12     
   3.22222233       81325894963009.500        149738766590519.72     
   3.22569442       81327126307439.453        149741202130498.88     
   3.22916675       81328354651594.438        149743638719501.19     
   3.23263884       81329582818196.406        149746074164341.38     
   3.23611116       81330814369068.844        149748510656434.09     
   3.23958325       81332039965808.156        149750946031204.00     
   3.24305558       81333272624481.734        149753382329893.56     
   3.24652767       81334497317755.250        149755817667734.31     
   3.25000000       81335732790578.016        149758254157982.41     
   3.25347233       81336956867218.406        149760689582548.62     
   3.25694442       81338192153882.578        149763126343523.12     
   3.26041675       81339414357275.375        149765561794324.69     
   3.26388884       81340652666965.125        149767998357301.25     
   3.26736116       81341879895178.797        149770433773477.56     
   3.27083325       81343110374594.906        149772870110401.22     
   3.27430558       81344339118267.938        149775305442718.81     
   3.27777767       81345570994160.391        149777741781786.81     
   3.28125000       81346799761032.547        149780177194040.75     
   3.28472233       81348030306684.422        149782613633315.16     
   3.28819442       81349258345464.688        149785048947788.81     
   3.29166675       81350492575880.234        149787485628899.12     
   3.29513884       81351719546198.625        149789920942176.06     
   3.29861116       81352952513647.016        149792357437150.88     
   3.30208325       81354178985088.969        149794792699754.69     
   3.30555558       81355414364908.297        149797229129476.09     
   3.30902767       81356639968561.469        149799664709033.84     
   3.31250000       81357875640044.703        149802101584023.75     
   3.31597233       81359099490018.500        149804537049048.94     
   3.31944442       81360338962055.000        149806973499643.69     
   3.32291675       81361563043588.719        149809408972724.38     
   3.32638884       81362797511074.969        149811845805468.28     
   3.32986116       81364023776694.281        149814280836180.19     
   3.33333325       81365257442713.219        149816717576394.69     
   3.33680558       81366484083833.328        149819152943045.38     
   3.34027767       81367719450489.625        149821589418145.84     
   3.34375000       81368944315491.906        149824024618262.62     
   3.34722233       81370179921082.734        149826460945379.12     
   3.35069442       81371405365501.781        149828896257021.34     
   3.35416675       81372641952463.844        149831332581700.56     
   3.35763884       81373866601891.281        149833767761350.81     
   3.36111116       81375102979478.812        149836204069914.12     
   3.36458325       81376328333231.516        149838639181262.44     
   3.36805558       81377565908272.766        149841075332404.09     
   3.37152767       81378790294166.875        149843510455968.94     
   3.37500000       81380027182556.859        149845947176652.25     
   3.37847233       81381253008358.109        149848382574130.91     
   3.38194442       81382490947431.312        149850819140552.81     
   3.38541675       81383715342759.172        149853254265080.19     
   3.38888884       81384952489456.062        149855690882930.09     
   3.39236116       81386176013175.875        149858126298865.59     
   3.39583325       81387415462830.938        149860563340661.19     
   3.39930558       81388640319984.219        149862998762230.38     
   3.40277767       81389876874029.406        149865435653068.50     
   3.40625000       81391102887550.344        149867871005096.69     
   3.40972233       81392339763498.188        149870307240155.81     
   3.41319442       81393564993592.688        149872742893138.31     
   3.41666675       81394801671735.703        149875179692824.25     
   3.42013884       81396027815034.156        149877615081408.47     
   3.42361116       81397266733771.406        149880051715386.75     
   3.42708325       81398487884693.391        149882487408876.25     
   3.43055558       81399726830886.531        149884923768076.34     
   3.43402767       81400949693889.609        149887359250031.72     
   3.43750000       81402188897415.484        149889795784915.84     
   3.44097233       81403412235800.453        149892231196908.88     
   3.44444442       81404650247209.453        149894667712233.38     
   3.44791675       81405875411875.578        149897103012883.91     
   3.45138884       81407113729959.125        149899539898408.88     
   3.45486116       81408338425154.719        149901975310561.09     
   3.45833325       81409575572195.750        149904412049871.84     
   3.46180558       81410799821000.734        149906847746226.38     
   3.46527767       81412039011187.469        149909284577205.75     
   3.46875000       81413264755472.312        149911719936118.03     
   3.47222233       81414501026317.656        149914156770335.25     
   3.47569442       81415728366353.812        149916592111710.62     
   3.47916675       81416965282447.281        149919028636999.69     
   3.48263884       81418191495118.391        149921463918232.69     
   3.48611116       81419427950308.812        149923900565826.50     
   3.48958325       81420655381025.141        149926335838725.44     
   3.49305558       81421892148827.625        149928772155356.12     
   3.49652767       81423118150100.188        149931207448438.41     
   3.50000000       81424354808981.953        149933644419651.28     
   3.50347233       81425582883211.594        149936079553701.28     
   3.50694442       81426818889624.969        149938515862884.59     
   3.51041675       81428044410484.203        149940951498187.38     
   3.51388884       81429281761084.297        149943387923316.31     
   3.51736116       81430510201731.719        149945823278327.28     
   3.52083325       81431746131932.500        149948259664950.06     
   3.52430558       81432973647398.750        149950694869749.59     
   3.52777767       81434211472711.031        149953131698498.12     
   3.53125000       81435436481684.250        149955566902943.84     
   3.53472233       81436674568879.969        149958003374036.94     
   3.53819442       81437899476683.703        149960438519618.50     
   3.54166675       81439137449583.281        149962875239225.12     
   3.54513884       81440364585956.969        149965310900024.88     
   3.54861116       81441601174672.406        149967747442570.72     
   3.55208325       81442826284854.312        149970182628864.69     
   3.55555558       81444064745273.656        149972619523146.50     
   3.55902767       81445292469289.250        149975054723054.12     
   3.56250000       81446530235879.156        149977491409327.06     
   3.56597233       81447756047547.812        149979926556498.12     
   3.56944442       81448995552035.344        149982363232007.09     
   3.57291675       81450224088422.594        149984798712911.84     
   3.57638884       81451459674137.672        149987235149873.81     
   3.57986116       81452686411415.719        149989670354156.94     
   3.58333325       81453922728247.750        149992107032450.94     
   3.58680558       81455152325974.969        149994542329197.12     
   3.59027767       81456387908260.375        149996979243040.22     
   3.59375000       81457615020059.578        149999414471275.78     
   3.59722233       81458851439089.078        150001851171523.19     
   3.60069442       81460078614893.453        150004286643809.31     
   3.60416675       81461315902206.547        150006723374597.19     
   3.60763884       81462543427076.156        150009158547717.25     
   3.61111116       81463778227365.406        150011595571689.47     
   3.61458325       81465009644593.500        150014030939096.56     
   3.61805558       81466244388152.281        150016467744682.50     
   3.62152767       81467472895069.969        150018902935888.62     
   3.62500000       81468709249628.094        150021340026405.41     
   3.62847233       81469940004403.844        150023775215219.62     
   3.63194442       81471175957719.031        150026212103413.94     
   3.63541675       81472403755668.344        150028647140703.22     
   3.63888884       81473640158149.812        150031084465379.06     
   3.64236116       81474869633948.531        150033519838404.50     
   3.64583325       81476105232737.094        150035957000966.50     
   3.64930558       81477333852488.594        150038392334130.38     
   3.65277767       81478568396839.188        150040829619312.53     
   3.65625000       81479798000126.906        150043265045050.78     
   3.65972233       81481032918304.938        150045701975020.69     
   3.66319442       81482259446302.062        150048136887348.31     
   3.66666675       81483496312143.859        150050574229703.91     
   3.67013884       81484724909701.891        150053009675863.88     
   3.67361116       81485961935676.938        150055446782244.81     
   3.67708325       81487194741213.156        150057881794687.88     
   3.68055558       81488426164725.062        150060319426520.91     
   3.68402767       81489660503641.156        150062754628563.19     
   3.68750000       81490891366666.719        150065191659674.56     
   3.69097233       81492127478360.156        150067627015034.00     
   3.69444442       81493357347552.281        150070064303815.34     
   3.69791675       81494591750427.984        150072499420247.19     
   3.70138884       81495825341362.750        150074936687558.50     
   3.70486116       81497059431688.312        150077372105755.38     
   3.70833325       81498290415974.672        150079809419676.03     
   3.71180558       81499526053647.906        150082244626434.62     
   3.71527767       81500759308372.688        150084681499644.94     
   3.71875000       81501991809705.719        150087117165635.47     
   3.72222233       81503227185363.344        150089554856976.88     
   3.72569442       81504456719837.453        150091990302601.34     
   3.72916675       81505695623033.797        150094428079179.78     
   3.73263884       81506926123585.375        150096863510739.38     
   3.73611116       81508162303608.375        150099301255419.62     
   3.73958325       81509391211999.281        150101736970569.94     
   3.74305558       81510630842001.828        150104174766119.22     
   3.74652767       81511862746731.469        150106610095717.41     
   3.75000000       81513095586711.016        150109047602067.69     
   3.75347233       81514329379963.844        150111483208149.25     
   3.75694442       81515563079744.281        150113920549170.38     
   3.76041675       81516798363498.516        150116356051073.38     
   3.76388884       81518027933450.484        150118793222966.25     
   3.76736116       81519264592614.188        150121228633660.31     
   3.77083325       81520495354126.094        150123666328559.81     
   3.77430558       81521729770183.766        150126101748403.88     
   3.77777767       81522959581452.250        150128539290756.91     
   3.78125000       81524194466980.953        150130974673504.56     
   3.78472233       81525424960354.094        150133411801396.72     
   3.78819442       81526660481332.500        150135847099408.44     
   3.79166675       81527890724299.281        150138284342356.44     
   3.79513884       81529124904645.344        150140719768263.28     
   3.79861116       81530357213252.719        150143156642963.72     
   3.80208325       81531591655064.906        150145592062164.62     
   3.80555558       81532821043193.750        150148028602837.22     
   3.80902767       81534056810432.375        150150464193613.19     
   3.81250000       81535289858884.812        150152901199589.75     
   3.81597233       81536524501781.969        150155336494474.06     
   3.81944442       81537755461844.438        150157773098673.84     
   3.82291675       81538992761819.156        150160208620737.03     
   3.82638884       81540226417797.703        150162644999853.00     
   3.82986116       81541460533546.828        150165080555755.03     
   3.83333325       81542695319570.125        150167517130976.94     
   3.83680558       81543929067743.156        150169952827651.12     
   3.84027767       81545166486055.734        150172389157451.31     
   3.84375000       81546399696699.094        150174824619681.50     
   3.84722233       81547636681450.531        150177261028138.00     
   3.85069442       81548870748357.938        150179696830717.94     
   3.85416675       81550108261507.094        150182133184200.56     
   3.85763884       81551342078359.641        150184568592032.38     
   3.86111116       81552578811972.531        150187005018734.41     
   3.86458325       81553812467927.250        150189440734465.31     
   3.86805558       81555052534616.969        150191876935018.62     
   3.87152767       81556284756086.719        150194312585301.69     
   3.87500000       81557522733407.781        150196749006063.47     
   3.87847233       81558755591634.219        150199184605427.12     
   3.88194442       81559998112223.125        150201620804643.59     
   3.88541675       81561231521858.922        150204056428322.81     
   3.88888884       81562470073802.469        150206492875408.62     
   3.89236116       81563704050864.078        150208928530583.91     
   3.89583325       81564945074274.609        150211364745494.88     
   3.89930558       81566177646595.391        150213800277725.34     
   3.90277767       81567419084664.062        150216236632462.03     
   3.90625000       81568651236616.531        150218672478571.75     
   3.90972233       81569892902718.500        150221108740639.03     
   3.91319442       81571126415678.516        150223544224208.47     
   3.91666675       81572366923578.594        150225980617285.09     
   3.92013884       81573600637476.312        150228416302257.75     
   3.92361116       81574839526660.125        150230852428148.62     
   3.92708325       81576075784854.969        150233288095533.78     
   3.93055558       81577313630529.094        150235724542675.78     
   3.93402767       81578548756648.469        150238160258455.25     
   3.93750000       81579788809854.000        150240596459569.38     
   3.94097233       81581023602412.250        150243032042344.62     
   3.94444442       81582262854768.062        150245468340946.81     
   3.94791675       81583497914927.781        150247904176458.59     
   3.95138884       81584737918009.688        150250340460792.44     
   3.95486116       81585972209395.344        150252775978995.75     
   3.95833325       81587212632437.219        150255212408448.78     
   3.96180558       81588447067688.312        150257648115476.94     
   3.96527767       81589687410305.297        150260084262576.38     
   3.96875000       81590921854427.500        150262520060914.56     
   3.97222233       81592161137672.156        150264956558558.19     
   3.97569442       81593394910844.594        150267392236854.22     
   3.97916675       81594636591106.672        150269828502519.44     
   3.98263884       81595870213021.203        150272264103658.06     
   3.98611116       81597110460235.344        150274700486833.12     
   3.98958325       81598343195562.781        150277136457072.91     
   3.99305558       81599585659071.969        150279572775404.19     
   3.99652767       81600817748594.703        150282008364259.62     
   4.00000000       81602059482579.438        150284444782282.44     
