Run begins at 20251104, 141645.939
 You are using baroclinic model
 # of tracers in each module:           1           1           0           0           0           0           0           0           0           0           0           0
 Total # of tracers=           2
 Index ranges of each module:           1           1           2           2           3           2           3           2           3           2           3           2           3           2           3           2           3           2           3           2           3           2           3           2
 vclose_surf_frac is:   1.0000000000000000     
 done reading param.nml
 done reading vgrid...
 lhas_quad= F
 mnei, mnei_p =            8           9
 lhas_quad= F

Global Grid Size (ne,np,ns,nvrt):       2725      1656      4387        32

**********Augmented Subdomain Sizes**********
 rank     nea      ne     neg     nea2     neg2     npa      np     npg     npa2     npg2     nsa      ns     nsg     nsa2     nsg2
    0    1439    1397      42    1439       0     875     853      22     875       0    2315    2251      64    2315       0
    1    1370    1328      42    1370       0     849     827      22     849       0    2222    2158      64    2222       0
 Max. dot product of 3 axes=   1.11022302E-16
 Max. deviation between ze and zs axes=   9.50726999E-08
 Max. dot prod. between ys and zs axes=   1.79026238E-12

**********Global Boundary Sizes**********
    nope    neta   nland    nvel
       1      15       9     595

**********Augmented Subdomain Boundary Sizes**********
    rank    nope    neta   nland    nvel
       0       1      10       6     291
       1       1       8       6     313

 done domain decomp...
 done msg passing table...
 Mass correction flags=           0           0           0
 done reading vgrid ivcor=1...
 Max. & min. sidelength=    11266.867332338459        566.21468054440140     
 Max. pframe dev. from radial=    4.44089210E-16
 Max # of points in type II nudging=           0
 done init (1)...
 done init. tracers..
 done initializing cold start
 # of scribe can be set as small as:           8           8
Done initializing outputs
Done initializing time history...
 done computing initial vgrid...
 done computing initial nodal vel...
 done computing initial density...
 time stepping begins...           1        1152
 done adjusting wind stress ...
 done flow b.c.
 done hvis... 
 done backtracking
 done 1st preparation
 done 2nd preparation
 done solver; etatot=   2.2784150407941323E-002 ; average |eta|=   1.3758544932331717E-005
 done solving momentum eq...
 done solving w
 done tracer transport...
 done solving transport equation
 done recomputing levels...
 done density and flux calculation...
TIME STEP=            1;  TIME=           300.000000
 done adjusting wind stress ...
 done flow b.c.
 done hvis... 
 done backtracking
 done 1st preparation
 done 2nd preparation
 done solver; etatot=  0.10895454850794037      ; average |eta|=   6.5793809485471233E-005
 done solving momentum eq...
 done solving w
 done tracer transport...
 done solving transport equation
 done recomputing levels...
 done density and flux calculation...
TIME STEP=            2;  TIME=           600.000000
 done adjusting wind stress ...
 done flow b.c.
 done hvis... 
 done backtracking
 done 1st preparation
 done 2nd preparation
 done solver; etatot=  0.27427781247282912      ; average |eta|=   1.6562669835315768E-004
 done solving momentum eq...
 done solving w
 done tracer transport...
 done solving transport equation
 done recomputing levels...
 done density and flux calculation...
TIME STEP=            3;  TIME=           900.000000
 done adjusting wind stress ...
 done flow b.c.
 done hvis... 
 done backtracking
 done 1st preparation
 done 2nd preparation
 done solver; etatot=  0.51691841528264304      ; average |eta|=   3.1214880149918060E-004
 done solving momentum eq...
 done solving w
 done tracer transport...
 done solving transport equation
 done recomputing levels...
 done density and flux calculation...
TIME STEP=            4;  TIME=          1200.000000
 done adjusting wind stress ...
 done flow b.c.
 done hvis... 
 done backtracking
 done 1st preparation
 done 2nd preparation
 done solver; etatot=  0.85928951450408619      ; average |eta|=   5.1889463436237090E-004
 done solving momentum eq...
 done solving w
 done tracer transport...
 done solving transport equation
 done recomputing levels...
 done density and flux calculation...
TIME STEP=            5;  TIME=          1500.000000
 done adjusting wind stress ...
 done flow b.c.
 done hvis... 
 done backtracking
 done 1st preparation
 done 2nd preparation
 done solver; etatot=   1.3188410003157685      ; average |eta|=   7.9640157023899065E-004
 done solving momentum eq...
 done solving w
 done tracer transport...
 done solving transport equation
 done recomputing levels...
 done density and flux calculation...
TIME STEP=            6;  TIME=          1800.000000
 done adjusting wind stress ...
 done flow b.c.
 done hvis... 
 done backtracking
 done 1st preparation
 done 2nd preparation
 done solver; etatot=   1.8914038015098800      ; average |eta|=   1.1421520540518598E-003
 done solving momentum eq...
 done solving w
 done tracer transport...
 done solving transport equation
 done recomputing levels...
 done density and flux calculation...
TIME STEP=            7;  TIME=          2100.000000
 done adjusting wind stress ...
 done flow b.c.
 done hvis... 
 done backtracking
 done 1st preparation
 done 2nd preparation
 done solver; etatot=   2.5858643278487201      ; average |eta|=   1.5615122752709663E-003
 done solving momentum eq...
 done solving w
 done tracer transport...
 done solving transport equation
 done recomputing levels...
 done density and flux calculation...
TIME STEP=            8;  TIME=          2400.000000
 done adjusting wind stress ...
 done flow b.c.
 done hvis... 
 done backtracking
 done 1st preparation
 done 2nd preparation
 done solver; etatot=   3.4053235890008686      ; average |eta|=   2.0563548242758869E-003
 done solving momentum eq...
 done solving w
 done tracer transport...
 done solving transport equation
 done recomputing levels...
 done density and flux calculation...
TIME STEP=            9;  TIME=          2700.000000
 done adjusting wind stress ...
 done flow b.c.
 done hvis... 
 done backtracking
 done 1st preparation
 done 2nd preparation
 done solver; etatot=   4.3427177270397408      ; average |eta|=   2.6224140863766550E-003
 done solving momentum eq...
 done solving w
 done tracer transport...
 done solving transport equation
 done recomputing levels...
 done density and flux calculation...
TIME STEP=           10;  TIME=          3000.000000
 done adjusting wind stress ...
 done flow b.c.
 done hvis... 
 done backtracking
 done 1st preparation
 done 2nd preparation
 done solver; etatot=   5.4007818405105139      ; average |eta|=   3.2613416911295373E-003
 done solving momentum eq...
 done solving w
 done tracer transport...
 done solving transport equation
 done recomputing levels...
 done density and flux calculation...
TIME STEP=           11;  TIME=          3300.000000
 done adjusting wind stress ...
 done flow b.c.
 done hvis... 
 done backtracking
 done 1st preparation
 done 2nd preparation
 done solver; etatot=   6.5742114713925117      ; average |eta|=   3.9699344634012753E-003
 done solving momentum eq...
 done solving w
 done tracer transport...
 done solving transport equation
 done recomputing levels...
 done density and flux calculation...
TIME STEP=           12;  TIME=          3600.000000
 done adjusting wind stress ...
 done flow b.c.
 done hvis... 
 done backtracking
 done 1st preparation
 done 2nd preparation
 done solver; etatot=   7.8444229483373888      ; average |eta|=   4.7369703794307907E-003
 done solving momentum eq...
 done solving w
 done tracer transport...
 done solving transport equation
 done recomputing levels...
 done density and flux calculation...
TIME STEP=           13;  TIME=          3900.000000
 done adjusting wind stress ...
 done flow b.c.
 done hvis... 
 done backtracking
 done 1st preparation
 done 2nd preparation
 done solver; etatot=   9.1964704490016516      ; average |eta|=   5.5534241841797413E-003
 done solving momentum eq...
 done solving w
 done tracer transport...
 done solving transport equation
 done recomputing levels...
 done density and flux calculation...
TIME STEP=           14;  TIME=          4200.000000
 done adjusting wind stress ...
 done flow b.c.
 done hvis... 
 done backtracking
 done 1st preparation
 done 2nd preparation
 done solver; etatot=   10.625144909862151      ; average |eta|=   6.4161503078877724E-003
 done solving momentum eq...
 done solving w
 done tracer transport...
 done solving transport equation
 done recomputing levels...
 done density and flux calculation...
TIME STEP=           15;  TIME=          4500.000000
 done adjusting wind stress ...
 done flow b.c.
 done hvis... 
 done backtracking
 done 1st preparation
 done 2nd preparation
 done solver; etatot=   12.125682000163684      ; average |eta|=   7.3222717392292776E-003
 done solving momentum eq...
 done solving w
 done tracer transport...
 done solving transport equation
 done recomputing levels...
 done density and flux calculation...
TIME STEP=           16;  TIME=          4800.000000
 done adjusting wind stress ...
 done flow b.c.
 done hvis... 
 done backtracking
 done 1st preparation
 done 2nd preparation
 done solver; etatot=   13.705656217592505      ; average |eta|=   8.2763624502370202E-003
 done solving momentum eq...
 done solving w
 done tracer transport...
 done solving transport equation
 done recomputing levels...
 done density and flux calculation...
TIME STEP=           17;  TIME=          5100.000000
