

********CG Solve at timestep        1
Itn, 2Norm, Rnorm:      0  0.657270E+05  0.100000E+01
Itn, 2Norm, Rnorm:     50  0.110886E+01  0.168707E-04
Itn, 2Norm, Rnorm:    100  0.936973E-04  0.142555E-08
 JCG converged in          135  iterations


********CG Solve at timestep        2
Itn, 2Norm, Rnorm:      0  0.813050E+05  0.100000E+01
Itn, 2Norm, Rnorm:     50  0.296452E+01  0.364617E-04
Itn, 2Norm, Rnorm:    100  0.112712E-03  0.138629E-08
 JCG converged in          137  iterations


********CG Solve at timestep        3
Itn, 2Norm, Rnorm:      0  0.872102E+05  0.100000E+01
Itn, 2Norm, Rnorm:     50  0.392434E+01  0.449987E-04
Itn, 2Norm, Rnorm:    100  0.553808E-03  0.635027E-08
 JCG converged in          140  iterations


********CG Solve at timestep        4
Itn, 2Norm, Rnorm:      0  0.126744E+06  0.100000E+01
Itn, 2Norm, Rnorm:     50  0.122266E+02  0.964674E-04
Itn, 2Norm, Rnorm:    100  0.864875E-03  0.682382E-08
 JCG converged in          141  iterations


********CG Solve at timestep        5
Itn, 2Norm, Rnorm:      0  0.134113E+06  0.100000E+01
Itn, 2Norm, Rnorm:     50  0.297006E+02  0.221460E-03
Itn, 2Norm, Rnorm:    100  0.203501E-02  0.151739E-07
 JCG converged in          141  iterations


********CG Solve at timestep        6
Itn, 2Norm, Rnorm:      0  0.150354E+06  0.100000E+01
Itn, 2Norm, Rnorm:     50  0.429111E+02  0.285401E-03
Itn, 2Norm, Rnorm:    100  0.292621E-02  0.194622E-07
 JCG converged in          141  iterations


********CG Solve at timestep        7
Itn, 2Norm, Rnorm:      0  0.174375E+06  0.100000E+01
Itn, 2Norm, Rnorm:     50  0.625894E+02  0.358935E-03
Itn, 2Norm, Rnorm:    100  0.396834E-02  0.227574E-07
 JCG converged in          144  iterations


********CG Solve at timestep        8
Itn, 2Norm, Rnorm:      0  0.192176E+06  0.100000E+01
Itn, 2Norm, Rnorm:     50  0.738742E+02  0.384409E-03
Itn, 2Norm, Rnorm:    100  0.477730E-02  0.248590E-07
 JCG converged in          145  iterations


********CG Solve at timestep        9
Itn, 2Norm, Rnorm:      0  0.198554E+06  0.100000E+01
Itn, 2Norm, Rnorm:     50  0.803868E+02  0.404862E-03
Itn, 2Norm, Rnorm:    100  0.523658E-02  0.263737E-07
 JCG converged in          145  iterations


********CG Solve at timestep       10
Itn, 2Norm, Rnorm:      0  0.219763E+06  0.100000E+01
Itn, 2Norm, Rnorm:     50  0.893126E+02  0.406404E-03
Itn, 2Norm, Rnorm:    100  0.592016E-02  0.269389E-07
 JCG converged in          145  iterations


********CG Solve at timestep       11
Itn, 2Norm, Rnorm:      0  0.235508E+06  0.100000E+01
Itn, 2Norm, Rnorm:     50  0.104696E+03  0.444553E-03
Itn, 2Norm, Rnorm:    100  0.614747E-02  0.261031E-07
 JCG converged in          145  iterations


********CG Solve at timestep       12
Itn, 2Norm, Rnorm:      0  0.248872E+06  0.100000E+01
Itn, 2Norm, Rnorm:     50  0.115854E+03  0.465517E-03
Itn, 2Norm, Rnorm:    100  0.666923E-02  0.267978E-07
 JCG converged in          145  iterations


********CG Solve at timestep       13
Itn, 2Norm, Rnorm:      0  0.271324E+06  0.100000E+01
Itn, 2Norm, Rnorm:     50  0.131784E+03  0.485707E-03
Itn, 2Norm, Rnorm:    100  0.461522E-02  0.170100E-07
 JCG converged in          146  iterations


********CG Solve at timestep       14
Itn, 2Norm, Rnorm:      0  0.295429E+06  0.100000E+01
Itn, 2Norm, Rnorm:     50  0.139039E+03  0.470633E-03
Itn, 2Norm, Rnorm:    100  0.482058E-02  0.163172E-07
 JCG converged in          146  iterations


********CG Solve at timestep       15
Itn, 2Norm, Rnorm:      0  0.308018E+06  0.100000E+01
Itn, 2Norm, Rnorm:     50  0.150442E+03  0.488419E-03
Itn, 2Norm, Rnorm:    100  0.843474E-02  0.273839E-07
 JCG converged in          146  iterations


********CG Solve at timestep       16
Itn, 2Norm, Rnorm:      0  0.331594E+06  0.100000E+01
Itn, 2Norm, Rnorm:     50  0.145798E+03  0.439687E-03
Itn, 2Norm, Rnorm:    100  0.974947E-02  0.294018E-07
 JCG converged in          145  iterations


********CG Solve at timestep       17
Itn, 2Norm, Rnorm:      0  0.339233E+06  0.100000E+01
Itn, 2Norm, Rnorm:     50  0.161281E+03  0.475428E-03
Itn, 2Norm, Rnorm:    100  0.108893E-01  0.320997E-07
