Run begins at 20250926, 125604.847
 You are using baroclinic model
 # of tracers in each module:           1           1           0           0           0           0           0           0           0           0           0           0
 Total # of tracers=           2
 Index ranges of each module:           1           1           2           2           3           2           3           2           3           2           3           2           3           2           3           2           3           2           3           2           3           2           3           2
 vclose_surf_frac is:   1.0000000000000000     
 done reading param.nml
 done reading vgrid...
 lhas_quad= F
 mnei, mnei_p =            8           9
 lhas_quad= F

Global Grid Size (ne,np,ns,nvrt):       2725      1656      4387         2

**********Augmented Subdomain Sizes**********
 rank     nea      ne     neg     nea2     neg2     npa      np     npg     npa2     npg2     nsa      ns     nsg     nsa2     nsg2
    0    1425    1397      28    1425       0     871     856      15     871       0    2294    2251      43    2294       0
    1    1356    1328      28    1356       0     834     819      15     834       0    2195    2152      43    2195       0
 Max. dot product of 3 axes=   1.11022302E-16
 Max. deviation between ze and zs axes=   9.50726999E-08
 Max. dot prod. between ys and zs axes=   1.79026238E-12

**********Global Boundary Sizes**********
    nope    neta   nland    nvel
       1      15       9     595

**********Augmented Subdomain Boundary Sizes**********
    rank    nope    neta   nland    nvel
       0       0       0       4     306
       1       1      15      10     307

 done domain decomp...
 done msg passing table...
 Mass correction flags=           0           0           0
 done reading vgrid ivcor=1...
 Max. & min. sidelength=    11266.867332338459        566.21468054440140     
 Max. pframe dev. from radial=    4.44089210E-16
 Max # of points in type II nudging=           0
 done init (1)...
 done init. tracers..
 done initializing cold start
 # of scribe can be set as small as:           6           8
Done initializing outputs
Done initializing time history...
 done computing initial vgrid...
 done computing initial nodal vel...
 done computing initial density...
 time stepping begins...           1         144
 done adjusting wind stress ...
 done flow b.c.
 done hvis... 
 done backtracking
 done 1st preparation
 done 2nd preparation
 done solver; etatot=  0.56611287900175267      ; average |eta|=   3.4185560326192795E-004
 done solving momentum eq...
 done solving w
 done tracer transport...
 done solving transport equation
 done recomputing levels...
 done density and flux calculation...
TIME STEP=            1;  TIME=           300.000000
 done adjusting wind stress ...
 done flow b.c.
 done hvis... 
 done backtracking
 done 1st preparation
 done 2nd preparation
 done solver; etatot=   3.1213811646114351      ; average |eta|=   1.8848920076156008E-003
 done solving momentum eq...
 done solving w
 done tracer transport...
 done solving transport equation
 done recomputing levels...
 done density and flux calculation...
TIME STEP=            2;  TIME=           600.000000
 done adjusting wind stress ...
 done flow b.c.
 done hvis... 
 done backtracking
 done 1st preparation
 done 2nd preparation
 done solver; etatot=   7.1512589674003273      ; average |eta|=   4.3183930962562367E-003
 done solving momentum eq...
 done solving w
 done tracer transport...
 done solving transport equation
 done recomputing levels...
 done density and flux calculation...
TIME STEP=            3;  TIME=           900.000000
 done adjusting wind stress ...
 done flow b.c.
 done hvis... 
 done backtracking
 done 1st preparation
 done 2nd preparation
 done solver; etatot=   12.997348396987135      ; average |eta|=   7.8486403363448882E-003
 done solving momentum eq...
 done solving w
 done tracer transport...
 done solving transport equation
 done recomputing levels...
 done density and flux calculation...
TIME STEP=            4;  TIME=          1200.000000
 done adjusting wind stress ...
 done flow b.c.
 done hvis... 
 done backtracking
 done 1st preparation
 done 2nd preparation
 done solver; etatot=   20.871778348871882      ; average |eta|=   1.2603730886999929E-002
 done solving momentum eq...
 done solving w
 done tracer transport...
 done solving transport equation
 done recomputing levels...
 done density and flux calculation...
TIME STEP=            5;  TIME=          1500.000000
 done adjusting wind stress ...
 done flow b.c.
 done hvis... 
 done backtracking
 done 1st preparation
 done 2nd preparation
 done solver; etatot=   30.142205025428666      ; average |eta|=   1.8201814628882044E-002
 done solving momentum eq...
 done solving w
 done tracer transport...
 done solving transport equation
 done recomputing levels...
 done density and flux calculation...
TIME STEP=            6;  TIME=          1800.000000
 done adjusting wind stress ...
 done flow b.c.
 done hvis... 
 done backtracking
 done 1st preparation
 done 2nd preparation
 done solver; etatot=   39.729635028249760      ; average |eta|=   2.3991325500150821E-002
 done solving momentum eq...
 done solving w
 done tracer transport...
 done solving transport equation
 done recomputing levels...
 done density and flux calculation...
TIME STEP=            7;  TIME=          2100.000000
 done adjusting wind stress ...
 done flow b.c.
 done hvis... 
 done backtracking
 done 1st preparation
 done 2nd preparation
 done solver; etatot=   48.929341372853536      ; average |eta|=   2.9546703727568562E-002
 done solving momentum eq...
 done solving w
 done tracer transport...
 done solving transport equation
 done recomputing levels...
 done density and flux calculation...
TIME STEP=            8;  TIME=          2400.000000
 done adjusting wind stress ...
 done flow b.c.
 done hvis... 
 done backtracking
 done 1st preparation
 done 2nd preparation
 done solver; etatot=   56.860817212013536      ; average |eta|=   3.4336242277785950E-002
 done solving momentum eq...
 done solving w
 done tracer transport...
 done solving transport equation
 done recomputing levels...
 done density and flux calculation...
TIME STEP=            9;  TIME=          2700.000000
 done adjusting wind stress ...
 done flow b.c.
 done hvis... 
 done backtracking
 done 1st preparation
 done 2nd preparation
 done solver; etatot=   62.844235158042849      ; average |eta|=   3.7949417365967901E-002
 done solving momentum eq...
 done solving w
 done tracer transport...
 done solving transport equation
 done recomputing levels...
 done density and flux calculation...
TIME STEP=           10;  TIME=          3000.000000
 done adjusting wind stress ...
 done flow b.c.
 done hvis... 
 done backtracking
 done 1st preparation
 done 2nd preparation
 done solver; etatot=   66.837925711137387      ; average |eta|=   4.0361066250686826E-002
 done solving momentum eq...
 done solving w
 done tracer transport...
 done solving transport equation
 done recomputing levels...
 done density and flux calculation...
TIME STEP=           11;  TIME=          3300.000000
 done adjusting wind stress ...
 done flow b.c.
 done hvis... 
 done backtracking
 done 1st preparation
 done 2nd preparation
 done solver; etatot=   69.541582249870444      ; average |eta|=   4.1993709088086015E-002
 done solving momentum eq...
 done solving w
 done tracer transport...
 done solving transport equation
 done recomputing levels...
 done density and flux calculation...
TIME STEP=           12;  TIME=          3600.000000
 done adjusting wind stress ...
 done flow b.c.
 done hvis... 
 done backtracking
 done 1st preparation
 done 2nd preparation
 done solver; etatot=   71.794116032315387      ; average |eta|=   4.3353934802122816E-002
 done solving momentum eq...
 done solving w
 done tracer transport...
 done solving transport equation
 done recomputing levels...
 done density and flux calculation...
TIME STEP=           13;  TIME=          3900.000000
 done adjusting wind stress ...
 done flow b.c.
 done hvis... 
 done backtracking
 done 1st preparation
 done 2nd preparation
 done solver; etatot=   74.251319156728158      ; average |eta|=   4.4837753113966282E-002
 done solving momentum eq...
 done solving w
 done tracer transport...
 done solving transport equation
 done recomputing levels...
 done density and flux calculation...
TIME STEP=           14;  TIME=          4200.000000
 done adjusting wind stress ...
 done flow b.c.
 done hvis... 
 done backtracking
 done 1st preparation
 done 2nd preparation
 done solver; etatot=   77.514995590857922      ; average |eta|=   4.6808572216701642E-002
 done solving momentum eq...
 done solving w
 done tracer transport...
 done solving transport equation
 done recomputing levels...
 done density and flux calculation...
TIME STEP=           15;  TIME=          4500.000000
 done adjusting wind stress ...
 done flow b.c.
 done hvis... 
 done backtracking
 done 1st preparation
 done 2nd preparation
 done solver; etatot=   82.416832807315743      ; average |eta|=   4.9768618844997427E-002
 done solving momentum eq...
 done solving w
 done tracer transport...
 done solving transport equation
 done recomputing levels...
 done density and flux calculation...
TIME STEP=           16;  TIME=          4800.000000
 done adjusting wind stress ...
 done flow b.c.
 done hvis... 
 done backtracking
 done 1st preparation
 done 2nd preparation
 done solver; etatot=   89.274076878987088      ; average |eta|=   5.3909466714364182E-002
 done solving momentum eq...
 done solving w
 done tracer transport...
 done solving transport equation
 done recomputing levels...
 done density and flux calculation...
TIME STEP=           17;  TIME=          5100.000000
 done adjusting wind stress ...
 done flow b.c.
 done hvis... 
 done backtracking
 done 1st preparation
 done 2nd preparation
 done solver; etatot=   97.773949356523545      ; average |eta|=   5.9042239949591513E-002
 done solving momentum eq...
 done solving w
 done tracer transport...
 done solving transport equation
 done recomputing levels...
 done density and flux calculation...
TIME STEP=           18;  TIME=          5400.000000
 done adjusting wind stress ...
 done flow b.c.
 done hvis... 
 done backtracking
 done 1st preparation
 done 2nd preparation
 done solver; etatot=   107.39162855332009      ; average |eta|=   6.4850017242343044E-002
 done solving momentum eq...
 done solving w
 done tracer transport...
 done solving transport equation
 done recomputing levels...
 done density and flux calculation...
TIME STEP=           19;  TIME=          5700.000000
 done adjusting wind stress ...
 done flow b.c.
 done hvis... 
 done backtracking
 done 1st preparation
 done 2nd preparation
 done solver; etatot=   117.21847969929001      ; average |eta|=   7.0784106098605082E-002
 done solving momentum eq...
 done solving w
 done tracer transport...
 done solving transport equation
 done recomputing levels...
 done density and flux calculation...
TIME STEP=           20;  TIME=          6000.000000
 done adjusting wind stress ...
 done flow b.c.
 done hvis... 
 done backtracking
 done 1st preparation
 done 2nd preparation
 done solver; etatot=   126.39728502530319      ; average |eta|=   7.6326862937985018E-002
 done solving momentum eq...
 done solving w
 done tracer transport...
 done solving transport equation
 done recomputing levels...
 done density and flux calculation...
TIME STEP=           21;  TIME=          6300.000000
 done adjusting wind stress ...
 done flow b.c.
 done hvis... 
 done backtracking
 done 1st preparation
 done 2nd preparation
 done solver; etatot=   134.10319395444981      ; average |eta|=   8.0980189586020421E-002
 done solving momentum eq...
 done solving w
 done tracer transport...
 done solving transport equation
 done recomputing levels...
 done density and flux calculation...
TIME STEP=           22;  TIME=          6600.000000
 done adjusting wind stress ...
 done flow b.c.
 done hvis... 
 done backtracking
 done 1st preparation
 done 2nd preparation
 done solver; etatot=   139.84307065329156      ; average |eta|=   8.4446298703678480E-002
 done solving momentum eq...
 done solving w
 done tracer transport...
 done solving transport equation
 done recomputing levels...
 done density and flux calculation...
TIME STEP=           23;  TIME=          6900.000000
 done adjusting wind stress ...
 done flow b.c.
 done hvis... 
 done backtracking
 done 1st preparation
 done 2nd preparation
 done solver; etatot=   143.54579611685944      ; average |eta|=   8.6682244031919944E-002
 done solving momentum eq...
 done solving w
 done tracer transport...
 done solving transport equation
 done recomputing levels...
 done density and flux calculation...
TIME STEP=           24;  TIME=          7200.000000
 done adjusting wind stress ...
 done flow b.c.
 done hvis... 
 done backtracking
 done 1st preparation
 done 2nd preparation
 done solver; etatot=   145.32170730935428      ; average |eta|=   8.7754654172315386E-002
 done solving momentum eq...
 done solving w
 done tracer transport...
 done solving transport equation
 done recomputing levels...
 done density and flux calculation...
TIME STEP=           25;  TIME=          7500.000000
 done adjusting wind stress ...
 done flow b.c.
 done hvis... 
 done backtracking
 done 1st preparation
 done 2nd preparation
 done solver; etatot=   145.62138238444089      ; average |eta|=   8.7935617381908748E-002
 done solving momentum eq...
 done solving w
 done tracer transport...
 done solving transport equation
 done recomputing levels...
 done density and flux calculation...
TIME STEP=           26;  TIME=          7800.000000
 done adjusting wind stress ...
 done flow b.c.
 done hvis... 
 done backtracking
 done 1st preparation
 done 2nd preparation
 done solver; etatot=   145.10994743411271      ; average |eta|=   8.7626779851517345E-002
 done solving momentum eq...
 done solving w
 done tracer transport...
 done solving transport equation
 done recomputing levels...
 done density and flux calculation...
TIME STEP=           27;  TIME=          8100.000000
 done adjusting wind stress ...
 done flow b.c.
 done hvis... 
 done backtracking
 done 1st preparation
 done 2nd preparation
 done solver; etatot=   144.83759142839423      ; average |eta|=   8.7462313664489269E-002
 done solving momentum eq...
 done solving w
 done tracer transport...
 done solving transport equation
 done recomputing levels...
 done density and flux calculation...
TIME STEP=           28;  TIME=          8400.000000
 done adjusting wind stress ...
 done flow b.c.
 done hvis... 
 done backtracking
 done 1st preparation
 done 2nd preparation
 done solver; etatot=   145.68383635184838      ; average |eta|=   8.7973331130343224E-002
 done solving momentum eq...
 done solving w
 done tracer transport...
 done solving transport equation
 done recomputing levels...
 done density and flux calculation...
TIME STEP=           29;  TIME=          8700.000000
 done adjusting wind stress ...
 done flow b.c.
 done hvis... 
 done backtracking
 done 1st preparation
 done 2nd preparation
 done solver; etatot=   147.79433270338708      ; average |eta|=   8.9247785448905242E-002
 done solving momentum eq...
 done solving w
 done tracer transport...
 done solving transport equation
 done recomputing levels...
 done density and flux calculation...
TIME STEP=           30;  TIME=          9000.000000
 done adjusting wind stress ...
 done flow b.c.
 done hvis... 
 done backtracking
 done 1st preparation
 done 2nd preparation
 done solver; etatot=   151.11603198403429      ; average |eta|=   9.1253642502436172E-002
 done solving momentum eq...
 done solving w
 done tracer transport...
 done solving transport equation
 done recomputing levels...
 done density and flux calculation...
TIME STEP=           31;  TIME=          9300.000000
 done adjusting wind stress ...
 done flow b.c.
 done hvis... 
 done backtracking
 done 1st preparation
 done 2nd preparation
 done solver; etatot=   155.53094863531746      ; average |eta|=   9.3919654973017783E-002
 done solving momentum eq...
 done solving w
 done tracer transport...
 done solving transport equation
 done recomputing levels...
 done density and flux calculation...
TIME STEP=           32;  TIME=          9600.000000
 done adjusting wind stress ...
 done flow b.c.
 done hvis... 
 done backtracking
 done 1st preparation
 done 2nd preparation
 done solver; etatot=   160.57951089612146      ; average |eta|=   9.6968303681232770E-002
 done solving momentum eq...
 done solving w
 done tracer transport...
 done solving transport equation
 done recomputing levels...
 done density and flux calculation...
TIME STEP=           33;  TIME=          9900.000000
 done adjusting wind stress ...
 done flow b.c.
 done hvis... 
 done backtracking
 done 1st preparation
 done 2nd preparation
 done solver; etatot=   165.58845322070925      ; average |eta|=   9.9993027307191576E-002
 done solving momentum eq...
 done solving w
 done tracer transport...
 done solving transport equation
 done recomputing levels...
 done density and flux calculation...
TIME STEP=           34;  TIME=         10200.000000
 done adjusting wind stress ...
 done flow b.c.
 done hvis... 
 done backtracking
 done 1st preparation
 done 2nd preparation
 done solver; etatot=   170.05912012018854      ; average |eta|=  0.10269270538658729     
 done solving momentum eq...
 done solving w
 done tracer transport...
 done solving transport equation
 done recomputing levels...
 done density and flux calculation...
TIME STEP=           35;  TIME=         10500.000000
 done adjusting wind stress ...
 done flow b.c.
 done hvis... 
 done backtracking
 done 1st preparation
 done 2nd preparation
 done solver; etatot=   173.58166938567038      ; average |eta|=  0.10481984866284444     
 done solving momentum eq...
 done solving w
 done tracer transport...
 done solving transport equation
 done recomputing levels...
 done density and flux calculation...
TIME STEP=           36;  TIME=         10800.000000
 done adjusting wind stress ...
 done flow b.c.
 done hvis... 
 done backtracking
 done 1st preparation
 done 2nd preparation
 done solver; etatot=   175.78514694493754      ; average |eta|=  0.10615045105370624     
 done solving momentum eq...
 done solving w
 done tracer transport...
 done solving transport equation
 done recomputing levels...
 done density and flux calculation...
TIME STEP=           37;  TIME=         11100.000000
 done adjusting wind stress ...
 done flow b.c.
 done hvis... 
 done backtracking
 done 1st preparation
 done 2nd preparation
 done solver; etatot=   176.79187924168673      ; average |eta|=  0.10675838118459344     
 done solving momentum eq...
 done solving w
 done tracer transport...
 done solving transport equation
 done recomputing levels...
 done density and flux calculation...
TIME STEP=           38;  TIME=         11400.000000
 done adjusting wind stress ...
 done flow b.c.
 done hvis... 
 done backtracking
 done 1st preparation
 done 2nd preparation
 done solver; etatot=   177.07722156389224      ; average |eta|=  0.10693068935017647     
 done solving momentum eq...
 done solving w
 done tracer transport...
 done solving transport equation
 done recomputing levels...
 done density and flux calculation...
TIME STEP=           39;  TIME=         11700.000000
 done adjusting wind stress ...
 done flow b.c.
 done hvis... 
 done backtracking
 done 1st preparation
 done 2nd preparation
 done solver; etatot=   177.16396589646749      ; average |eta|=  0.10698307119351902     
 done solving momentum eq...
 done solving w
 done tracer transport...
 done solving transport equation
 done recomputing levels...
 done density and flux calculation...
TIME STEP=           40;  TIME=         12000.000000
 done adjusting wind stress ...
 done flow b.c.
 done hvis... 
 done backtracking
 done 1st preparation
 done 2nd preparation
 done solver; etatot=   177.62137933880848      ; average |eta|=  0.10725928704034328     
 done solving momentum eq...
 done solving w
 done tracer transport...
 done solving transport equation
 done recomputing levels...
 done density and flux calculation...
TIME STEP=           41;  TIME=         12300.000000
 done adjusting wind stress ...
 done flow b.c.
 done hvis... 
 done backtracking
 done 1st preparation
 done 2nd preparation
 done solver; etatot=   178.87757735244088      ; average |eta|=  0.10801786072007299     
 done solving momentum eq...
 done solving w
 done tracer transport...
 done solving transport equation
 done recomputing levels...
 done density and flux calculation...
TIME STEP=           42;  TIME=         12600.000000
 done adjusting wind stress ...
 done flow b.c.
 done hvis... 
 done backtracking
 done 1st preparation
 done 2nd preparation
 done solver; etatot=   181.52870748038853      ; average |eta|=  0.10961878471037954     
 done solving momentum eq...
 done solving w
 done tracer transport...
 done solving transport equation
 done recomputing levels...
 done density and flux calculation...
TIME STEP=           43;  TIME=         12900.000000
 done adjusting wind stress ...
 done flow b.c.
 done hvis... 
 done backtracking
 done 1st preparation
 done 2nd preparation
 done solver; etatot=   186.04285564413638      ; average |eta|=  0.11234471959186980     
 done solving momentum eq...
 done solving w
 done tracer transport...
 done solving transport equation
 done recomputing levels...
 done density and flux calculation...
TIME STEP=           44;  TIME=         13200.000000
 done adjusting wind stress ...
 done flow b.c.
 done hvis... 
 done backtracking
 done 1st preparation
 done 2nd preparation
 done solver; etatot=   192.19381279762109      ; average |eta|=  0.11605906569904656     
 done solving momentum eq...
 done solving w
 done tracer transport...
 done solving transport equation
 done recomputing levels...
 done density and flux calculation...
TIME STEP=           45;  TIME=         13500.000000
 done adjusting wind stress ...
 done flow b.c.
 done hvis... 
 done backtracking
 done 1st preparation
 done 2nd preparation
 done solver; etatot=   199.63351615067839      ; average |eta|=  0.12055164018760772     
 done solving momentum eq...
 done solving w
 done tracer transport...
 done solving transport equation
 done recomputing levels...
 done density and flux calculation...
TIME STEP=           46;  TIME=         13800.000000
 done adjusting wind stress ...
 done flow b.c.
 done hvis... 
 done backtracking
 done 1st preparation
 done 2nd preparation
 done solver; etatot=   207.76753724756185      ; average |eta|=  0.12546348867606391     
 done solving momentum eq...
 done solving w
 done tracer transport...
 done solving transport equation
 done recomputing levels...
 done density and flux calculation...
TIME STEP=           47;  TIME=         14100.000000
 done adjusting wind stress ...
 done flow b.c.
 done hvis... 
 done backtracking
 done 1st preparation
 done 2nd preparation
 done solver; etatot=   215.83145717898671      ; average |eta|=  0.13033300554286636     
 done solving momentum eq...
 done solving w
 done tracer transport...
 done solving transport equation
 done recomputing levels...
 done density and flux calculation...
TIME STEP=           48;  TIME=         14400.000000
 done adjusting wind stress ...
 done flow b.c.
 done hvis... 
 done backtracking
 done 1st preparation
 done 2nd preparation
 done solver; etatot=   223.14296625697045      ; average |eta|=  0.13474816802957154     
 done solving momentum eq...
 done solving w
 done tracer transport...
 done solving transport equation
 done recomputing levels...
 done density and flux calculation...
TIME STEP=           49;  TIME=         14700.000000
 done adjusting wind stress ...
 done flow b.c.
 done hvis... 
 done backtracking
 done 1st preparation
 done 2nd preparation
 done solver; etatot=   229.27335388809826      ; average |eta|=  0.13845009292759555     
 done solving momentum eq...
 done solving w
 done tracer transport...
 done solving transport equation
 done recomputing levels...
 done density and flux calculation...
TIME STEP=           50;  TIME=         15000.000000
 done adjusting wind stress ...
 done flow b.c.
 done hvis... 
 done backtracking
 done 1st preparation
 done 2nd preparation
 done solver; etatot=   233.98881333595477      ; average |eta|=  0.14129759259417560     
 done solving momentum eq...
 done solving w
 done tracer transport...
 done solving transport equation
 done recomputing levels...
 done density and flux calculation...
TIME STEP=           51;  TIME=         15300.000000
 done adjusting wind stress ...
 done flow b.c.
 done hvis... 
 done backtracking
 done 1st preparation
 done 2nd preparation
 done solver; etatot=   237.15447210326133      ; average |eta|=  0.14320922228457811     
 done solving momentum eq...
 done solving w
 done tracer transport...
 done solving transport equation
 done recomputing levels...
 done density and flux calculation...
TIME STEP=           52;  TIME=         15600.000000
 done adjusting wind stress ...
 done flow b.c.
 done hvis... 
 done backtracking
 done 1st preparation
 done 2nd preparation
 done solver; etatot=   238.99375035374715      ; average |eta|=  0.14431989755661059     
 done solving momentum eq...
 done solving w
 done tracer transport...
 done solving transport equation
 done recomputing levels...
 done density and flux calculation...
TIME STEP=           53;  TIME=         15900.000000
 done adjusting wind stress ...
 done flow b.c.
 done hvis... 
 done backtracking
 done 1st preparation
 done 2nd preparation
 done solver; etatot=   240.10683207113578      ; average |eta|=  0.14499204835213514     
 done solving momentum eq...
 done solving w
 done tracer transport...
 done solving transport equation
 done recomputing levels...
 done density and flux calculation...
TIME STEP=           54;  TIME=         16200.000000
 done adjusting wind stress ...
 done flow b.c.
 done hvis... 
 done backtracking
 done 1st preparation
 done 2nd preparation
 done solver; etatot=   241.12996200429026      ; average |eta|=  0.14560988043737336     
 done solving momentum eq...
 done solving w
 done tracer transport...
 done solving transport equation
 done recomputing levels...
 done density and flux calculation...
TIME STEP=           55;  TIME=         16500.000000
 done adjusting wind stress ...
 done flow b.c.
 done hvis... 
 done backtracking
 done 1st preparation
 done 2nd preparation
 done solver; etatot=   242.74530420479510      ; average |eta|=  0.14658532862608400     
 done solving momentum eq...
 done solving w
 done tracer transport...
 done solving transport equation
 done recomputing levels...
 done density and flux calculation...
TIME STEP=           56;  TIME=         16800.000000
 done adjusting wind stress ...
 done flow b.c.
 done hvis... 
 done backtracking
 done 1st preparation
 done 2nd preparation
 done solver; etatot=   245.34839867322594      ; average |eta|=  0.14815724557561954     
 done solving momentum eq...
 done solving w
 done tracer transport...
 done solving transport equation
 done recomputing levels...
 done density and flux calculation...
TIME STEP=           57;  TIME=         17100.000000
 done adjusting wind stress ...
 done flow b.c.
 done hvis... 
 done backtracking
 done 1st preparation
 done 2nd preparation
 done solver; etatot=   249.11910272992770      ; average |eta|=  0.15043424077894185     
 done solving momentum eq...
 done solving w
 done tracer transport...
 done solving transport equation
 done recomputing levels...
 done density and flux calculation...
TIME STEP=           58;  TIME=         17400.000000
 done adjusting wind stress ...
 done flow b.c.
 done hvis... 
 done backtracking
 done 1st preparation
 done 2nd preparation
 done solver; etatot=   253.91361347224142      ; average |eta|=  0.15332947673444530     
 done solving momentum eq...
 done solving w
 done tracer transport...
 done solving transport equation
 done recomputing levels...
 done density and flux calculation...
TIME STEP=           59;  TIME=         17700.000000
 done adjusting wind stress ...
 done flow b.c.
 done hvis... 
 done backtracking
 done 1st preparation
 done 2nd preparation
 done solver; etatot=   259.30667327258118      ; average |eta|=  0.15658615535783887     
 done solving momentum eq...
 done solving w
 done tracer transport...
 done solving transport equation
 done recomputing levels...
 done density and flux calculation...
TIME STEP=           60;  TIME=         18000.000000
 done adjusting wind stress ...
 done flow b.c.
 done hvis... 
 done backtracking
 done 1st preparation
 done 2nd preparation
 done solver; etatot=   264.69602516736751      ; average |eta|=  0.15984059490783062     
 done solving momentum eq...
 done solving w
 done tracer transport...
 done solving transport equation
 done recomputing levels...
 done density and flux calculation...
TIME STEP=           61;  TIME=         18300.000000
 done adjusting wind stress ...
 done flow b.c.
 done hvis... 
 done backtracking
 done 1st preparation
 done 2nd preparation
 done solver; etatot=   269.30740677961148      ; average |eta|=  0.16262524563986200     
 done solving momentum eq...
 done solving w
 done tracer transport...
 done solving transport equation
 done recomputing levels...
 done density and flux calculation...
TIME STEP=           62;  TIME=         18600.000000
 done adjusting wind stress ...
 done flow b.c.
 done hvis... 
 done backtracking
 done 1st preparation
 done 2nd preparation
 done solver; etatot=   272.51759562388918      ; average |eta|=  0.16456376547336304     
 done solving momentum eq...
 done solving w
 done tracer transport...
 done solving transport equation
 done recomputing levels...
 done density and flux calculation...
TIME STEP=           63;  TIME=         18900.000000
 done adjusting wind stress ...
 done flow b.c.
 done hvis... 
 done backtracking
 done 1st preparation
 done 2nd preparation
 done solver; etatot=   273.82286718936803      ; average |eta|=  0.16535197294043963     
 done solving momentum eq...
 done solving w
 done tracer transport...
 done solving transport equation
 done recomputing levels...
 done density and flux calculation...
TIME STEP=           64;  TIME=         19200.000000
 done adjusting wind stress ...
 done flow b.c.
 done hvis... 
 done backtracking
 done 1st preparation
 done 2nd preparation
 done solver; etatot=   273.17047347262240      ; average |eta|=  0.16495801538201835     
 done solving momentum eq...
 done solving w
 done tracer transport...
 done solving transport equation
 done recomputing levels...
 done density and flux calculation...
TIME STEP=           65;  TIME=         19500.000000
 done adjusting wind stress ...
 done flow b.c.
 done hvis... 
 done backtracking
 done 1st preparation
 done 2nd preparation
 done solver; etatot=   270.94252465139334      ; average |eta|=  0.16361263565905396     
 done solving momentum eq...
 done solving w
 done tracer transport...
 done solving transport equation
 done recomputing levels...
 done density and flux calculation...
TIME STEP=           66;  TIME=         19800.000000
 done adjusting wind stress ...
 done flow b.c.
 done hvis... 
 done backtracking
 done 1st preparation
 done 2nd preparation
 done solver; etatot=   267.64393670076413      ; average |eta|=  0.16162073472268365     
 done solving momentum eq...
 done solving w
 done tracer transport...
 done solving transport equation
 done recomputing levels...
 done density and flux calculation...
TIME STEP=           67;  TIME=         20100.000000
 done adjusting wind stress ...
 done flow b.c.
 done hvis... 
 done backtracking
 done 1st preparation
 done 2nd preparation
 done solver; etatot=   263.90673124335387      ; average |eta|=  0.15936396814212189     
 done solving momentum eq...
 done solving w
 done tracer transport...
 done solving transport equation
 done recomputing levels...
 done density and flux calculation...
TIME STEP=           68;  TIME=         20400.000000
 done adjusting wind stress ...
 done flow b.c.
 done hvis... 
 done backtracking
 done 1st preparation
 done 2nd preparation
 done solver; etatot=   260.43762605015610      ; average |eta|=  0.15726909785637447     
 done solving momentum eq...
 done solving w
 done tracer transport...
 done solving transport equation
 done recomputing levels...
 done density and flux calculation...
TIME STEP=           69;  TIME=         20700.000000
 done adjusting wind stress ...
 done flow b.c.
 done hvis... 
 done backtracking
 done 1st preparation
 done 2nd preparation
 done solver; etatot=   257.92889115859714      ; average |eta|=  0.15575416132765527     
 done solving momentum eq...
 done solving w
 done tracer transport...
 done solving transport equation
 done recomputing levels...
 done density and flux calculation...
TIME STEP=           70;  TIME=         21000.000000
 done adjusting wind stress ...
 done flow b.c.
 done hvis... 
 done backtracking
 done 1st preparation
 done 2nd preparation
 done solver; etatot=   256.91029137022059      ; average |eta|=  0.15513906483708972     
 done solving momentum eq...
 done solving w
 done tracer transport...
 done solving transport equation
 done recomputing levels...
 done density and flux calculation...
TIME STEP=           71;  TIME=         21300.000000
 done adjusting wind stress ...
 done flow b.c.
 done hvis... 
 done backtracking
 done 1st preparation
 done 2nd preparation
 done solver; etatot=   257.65003767878579      ; average |eta|=  0.15558577154516051     
 done solving momentum eq...
 done solving w
 done tracer transport...
 done solving transport equation
 done recomputing levels...
 done density and flux calculation...
TIME STEP=           72;  TIME=         21600.000000
 done adjusting wind stress ...
 done flow b.c.
 done hvis... 
 done backtracking
 done 1st preparation
 done 2nd preparation
 done solver; etatot=   260.02018445499772      ; average |eta|=  0.15701701959842856     
 done solving momentum eq...
 done solving w
 done tracer transport...
 done solving transport equation
 done recomputing levels...
 done density and flux calculation...
TIME STEP=           73;  TIME=         21900.000000
 done adjusting wind stress ...
 done flow b.c.
 done hvis... 
 done backtracking
 done 1st preparation
 done 2nd preparation
 done solver; etatot=   263.60685209008767      ; average |eta|=  0.15918288169691283     
 done solving momentum eq...
 done solving w
 done tracer transport...
 done solving transport equation
 done recomputing levels...
 done density and flux calculation...
TIME STEP=           74;  TIME=         22200.000000
 done adjusting wind stress ...
 done flow b.c.
 done hvis... 
 done backtracking
 done 1st preparation
 done 2nd preparation
 done solver; etatot=   267.81510606320825      ; average |eta|=  0.16172409786425618     
 done solving momentum eq...
 done solving w
 done tracer transport...
 done solving transport equation
 done recomputing levels...
 done density and flux calculation...
TIME STEP=           75;  TIME=         22500.000000
 done adjusting wind stress ...
 done flow b.c.
 done hvis... 
 done backtracking
 done 1st preparation
 done 2nd preparation
 done solver; etatot=   272.05039303134117      ; average |eta|=  0.16428163830394998     
 done solving momentum eq...
 done solving w
 done tracer transport...
 done solving transport equation
 done recomputing levels...
 done density and flux calculation...
TIME STEP=           76;  TIME=         22800.000000
 done adjusting wind stress ...
 done flow b.c.
 done hvis... 
 done backtracking
 done 1st preparation
 done 2nd preparation
 done solver; etatot=   275.81957266279090      ; average |eta|=  0.16655771296062252     
 done solving momentum eq...
 done solving w
 done tracer transport...
 done solving transport equation
 done recomputing levels...
 done density and flux calculation...
TIME STEP=           77;  TIME=         23100.000000
 done adjusting wind stress ...
 done flow b.c.
 done hvis... 
 done backtracking
 done 1st preparation
 done 2nd preparation
 done solver; etatot=   278.80713003657587      ; average |eta|=  0.16836179350034775     
 done solving momentum eq...
 done solving w
 done tracer transport...
 done solving transport equation
 done recomputing levels...
 done density and flux calculation...
TIME STEP=           78;  TIME=         23400.000000
 done adjusting wind stress ...
 done flow b.c.
 done hvis... 
 done backtracking
 done 1st preparation
 done 2nd preparation
 done solver; etatot=   280.88403467405931      ; average |eta|=  0.16961596296742712     
 done solving momentum eq...
 done solving w
 done tracer transport...
 done solving transport equation
 done recomputing levels...
 done density and flux calculation...
TIME STEP=           79;  TIME=         23700.000000
 done adjusting wind stress ...
 done flow b.c.
 done hvis... 
 done backtracking
 done 1st preparation
 done 2nd preparation
 done solver; etatot=   282.15894814419579      ; average |eta|=  0.17038583825132597     
 done solving momentum eq...
 done solving w
 done tracer transport...
 done solving transport equation
 done recomputing levels...
 done density and flux calculation...
TIME STEP=           80;  TIME=         24000.000000
 done adjusting wind stress ...
 done flow b.c.
 done hvis... 
 done backtracking
 done 1st preparation
 done 2nd preparation
 done solver; etatot=   282.98369808106565      ; average |eta|=  0.17088387565281743     
 done solving momentum eq...
 done solving w
 done tracer transport...
 done solving transport equation
 done recomputing levels...
 done density and flux calculation...
TIME STEP=           81;  TIME=         24300.000000
 done adjusting wind stress ...
 done flow b.c.
 done hvis... 
 done backtracking
 done 1st preparation
 done 2nd preparation
 done solver; etatot=   283.81497112714885      ; average |eta|=  0.17138585212992080     
 done solving momentum eq...
 done solving w
 done tracer transport...
 done solving transport equation
 done recomputing levels...
 done density and flux calculation...
TIME STEP=           82;  TIME=         24600.000000
 done adjusting wind stress ...
 done flow b.c.
 done hvis... 
 done backtracking
 done 1st preparation
 done 2nd preparation
 done solver; etatot=   285.09119433676472      ; average |eta|=  0.17215651831930237     
 done solving momentum eq...
 done solving w
 done tracer transport...
 done solving transport equation
 done recomputing levels...
 done density and flux calculation...
TIME STEP=           83;  TIME=         24900.000000
 done adjusting wind stress ...
 done flow b.c.
 done hvis... 
 done backtracking
 done 1st preparation
 done 2nd preparation
 done solver; etatot=   287.09767845217323      ; average |eta|=  0.17336816331652974     
 done solving momentum eq...
 done solving w
 done tracer transport...
 done solving transport equation
 done recomputing levels...
 done density and flux calculation...
TIME STEP=           84;  TIME=         25200.000000
 done adjusting wind stress ...
 done flow b.c.
 done hvis... 
 done backtracking
 done 1st preparation
 done 2nd preparation
 done solver; etatot=   290.04969238421063      ; average |eta|=  0.17515078042524795     
 done solving momentum eq...
 done solving w
 done tracer transport...
 done solving transport equation
 done recomputing levels...
 done density and flux calculation...
TIME STEP=           85;  TIME=         25500.000000
 done adjusting wind stress ...
 done flow b.c.
 done hvis... 
 done backtracking
 done 1st preparation
 done 2nd preparation
 done solver; etatot=   293.98630356794939      ; average |eta|=  0.17752796109175689     
 done solving momentum eq...
 done solving w
 done tracer transport...
 done solving transport equation
 done recomputing levels...
 done density and flux calculation...
TIME STEP=           86;  TIME=         25800.000000
 done adjusting wind stress ...
 done flow b.c.
 done hvis... 
 done backtracking
 done 1st preparation
 done 2nd preparation
 done solver; etatot=   298.72203909997870      ; average |eta|=  0.18038770477051855     
 done solving momentum eq...
 done solving w
 done tracer transport...
 done solving transport equation
 done recomputing levels...
 done density and flux calculation...
TIME STEP=           87;  TIME=         26100.000000
 done adjusting wind stress ...
 done flow b.c.
 done hvis... 
 done backtracking
 done 1st preparation
 done 2nd preparation
 done solver; etatot=   303.96312784842394      ; average |eta|=  0.18355261343503862     
 done solving momentum eq...
 done solving w
 done tracer transport...
 done solving transport equation
 done recomputing levels...
 done density and flux calculation...
TIME STEP=           88;  TIME=         26400.000000
 done adjusting wind stress ...
 done flow b.c.
 done hvis... 
 done backtracking
 done 1st preparation
 done 2nd preparation
 done solver; etatot=   309.31088966548782      ; average |eta|=  0.18678193820379699     
 done solving momentum eq...
 done solving w
 done tracer transport...
 done solving transport equation
 done recomputing levels...
 done density and flux calculation...
TIME STEP=           89;  TIME=         26700.000000
 done adjusting wind stress ...
 done flow b.c.
 done hvis... 
 done backtracking
 done 1st preparation
 done 2nd preparation
 done solver; etatot=   314.29866770464025      ; average |eta|=  0.18979388146415474     
 done solving momentum eq...
 done solving w
 done tracer transport...
 done solving transport equation
 done recomputing levels...
 done density and flux calculation...
TIME STEP=           90;  TIME=         27000.000000
 done adjusting wind stress ...
 done flow b.c.
 done hvis... 
 done backtracking
 done 1st preparation
 done 2nd preparation
 done solver; etatot=   318.57468806923015      ; average |eta|=  0.19237601936547713     
 done solving momentum eq...
 done solving w
 done tracer transport...
 done solving transport equation
 done recomputing levels...
 done density and flux calculation...
TIME STEP=           91;  TIME=         27300.000000
 done adjusting wind stress ...
 done flow b.c.
 done hvis... 
 done backtracking
 done 1st preparation
 done 2nd preparation
 done solver; etatot=   321.99545376164048      ; average |eta|=  0.19444169913142542     
 done solving momentum eq...
 done solving w
 done tracer transport...
 done solving transport equation
 done recomputing levels...
 done density and flux calculation...
TIME STEP=           92;  TIME=         27600.000000
 done adjusting wind stress ...
 done flow b.c.
 done hvis... 
 done backtracking
 done 1st preparation
 done 2nd preparation
 done solver; etatot=   324.60423512442264      ; average |eta|=  0.19601705019590740     
 done solving momentum eq...
 done solving w
 done tracer transport...
 done solving transport equation
 done recomputing levels...
 done density and flux calculation...
TIME STEP=           93;  TIME=         27900.000000
 done adjusting wind stress ...
 done flow b.c.
 done hvis... 
 done backtracking
 done 1st preparation
 done 2nd preparation
 done solver; etatot=   326.52133455523403      ; average |eta|=  0.19717471893432006     
 done solving momentum eq...
 done solving w
 done tracer transport...
 done solving transport equation
 done recomputing levels...
 done density and flux calculation...
TIME STEP=           94;  TIME=         28200.000000
 done adjusting wind stress ...
 done flow b.c.
 done hvis... 
 done backtracking
 done 1st preparation
 done 2nd preparation
 done solver; etatot=   327.95475792348822      ; average |eta|=  0.19804031275572959     
 done solving momentum eq...
 done solving w
 done tracer transport...
 done solving transport equation
 done recomputing levels...
 done density and flux calculation...
TIME STEP=           95;  TIME=         28500.000000
 done adjusting wind stress ...
 done flow b.c.
 done hvis... 
 done backtracking
 done 1st preparation
 done 2nd preparation
 done solver; etatot=   329.21232983128982      ; average |eta|=  0.19879971608169675     
 done solving momentum eq...
 done solving w
 done tracer transport...
 done solving transport equation
 done recomputing levels...
 done density and flux calculation...
TIME STEP=           96;  TIME=         28800.000000
 done adjusting wind stress ...
 done flow b.c.
 done hvis... 
 done backtracking
 done 1st preparation
 done 2nd preparation
 done solver; etatot=   330.45285525799795      ; average |eta|=  0.19954882563888765     
 done solving momentum eq...
 done solving w
 done tracer transport...
 done solving transport equation
 done recomputing levels...
 done density and flux calculation...
TIME STEP=           97;  TIME=         29100.000000
 done adjusting wind stress ...
 done flow b.c.
 done hvis... 
 done backtracking
 done 1st preparation
 done 2nd preparation
 done solver; etatot=   331.80961681073597      ; average |eta|=  0.20036812609343960     
 done solving momentum eq...
 done solving w
 done tracer transport...
 done solving transport equation
 done recomputing levels...
 done density and flux calculation...
TIME STEP=           98;  TIME=         29400.000000
 done adjusting wind stress ...
 done flow b.c.
 done hvis... 
 done backtracking
 done 1st preparation
 done 2nd preparation
 done solver; etatot=   333.35824120738744      ; average |eta|=  0.20130328575325329     
 done solving momentum eq...
 done solving w
 done tracer transport...
 done solving transport equation
 done recomputing levels...
 done density and flux calculation...
TIME STEP=           99;  TIME=         29700.000000
 done adjusting wind stress ...
 done flow b.c.
 done hvis... 
 done backtracking
 done 1st preparation
 done 2nd preparation
 done solver; etatot=   335.02928839629135      ; average |eta|=  0.20231237221998269     
 done solving momentum eq...
 done solving w
 done tracer transport...
 done solving transport equation
 done recomputing levels...
 done density and flux calculation...
TIME STEP=          100;  TIME=         30000.000000
 done adjusting wind stress ...
 done flow b.c.
 done hvis... 
 done backtracking
 done 1st preparation
 done 2nd preparation
 done solver; etatot=   336.66531416338796      ; average |eta|=  0.20330031048513766     
 done solving momentum eq...
 done solving w
 done tracer transport...
 done solving transport equation
 done recomputing levels...
 done density and flux calculation...
TIME STEP=          101;  TIME=         30300.000000
 done adjusting wind stress ...
 done flow b.c.
 done hvis... 
 done backtracking
 done 1st preparation
 done 2nd preparation
 done solver; etatot=   338.10270393190797      ; average |eta|=  0.20416829947578982     
 done solving momentum eq...
 done solving w
 done tracer transport...
 done solving transport equation
 done recomputing levels...
 done density and flux calculation...
TIME STEP=          102;  TIME=         30600.000000
 done adjusting wind stress ...
 done flow b.c.
 done hvis... 
 done backtracking
 done 1st preparation
 done 2nd preparation
 done solver; etatot=   339.24797467023558      ; average |eta|=  0.20485988808589106     
 done solving momentum eq...
 done solving w
 done tracer transport...
 done solving transport equation
 done recomputing levels...
 done density and flux calculation...
TIME STEP=          103;  TIME=         30900.000000
 done adjusting wind stress ...
 done flow b.c.
 done hvis... 
 done backtracking
 done 1st preparation
 done 2nd preparation
 done solver; etatot=   340.06294448715312      ; average |eta|=  0.20535201961784608     
 done solving momentum eq...
 done solving w
 done tracer transport...
 done solving transport equation
 done recomputing levels...
 done density and flux calculation...
TIME STEP=          104;  TIME=         31200.000000
 done adjusting wind stress ...
 done flow b.c.
 done hvis... 
 done backtracking
 done 1st preparation
 done 2nd preparation
 done solver; etatot=   340.56178618758378      ; average |eta|=  0.20565325252873418     
 done solving momentum eq...
 done solving w
 done tracer transport...
 done solving transport equation
 done recomputing levels...
 done density and flux calculation...
TIME STEP=          105;  TIME=         31500.000000
 done adjusting wind stress ...
 done flow b.c.
 done hvis... 
 done backtracking
 done 1st preparation
 done 2nd preparation
 done solver; etatot=   340.84235010115049      ; average |eta|=  0.20582267518185415     
 done solving momentum eq...
 done solving w
 done tracer transport...
 done solving transport equation
 done recomputing levels...
 done density and flux calculation...
TIME STEP=          106;  TIME=         31800.000000
 done adjusting wind stress ...
 done flow b.c.
 done hvis... 
 done backtracking
 done 1st preparation
 done 2nd preparation
 done solver; etatot=   341.08029659977103      ; average |eta|=  0.20596636268102114     
 done solving momentum eq...
 done solving w
 done tracer transport...
 done solving transport equation
 done recomputing levels...
 done density and flux calculation...
TIME STEP=          107;  TIME=         32100.000000
 done adjusting wind stress ...
 done flow b.c.
 done hvis... 
 done backtracking
 done 1st preparation
 done 2nd preparation
 done solver; etatot=   341.50356869514985      ; average |eta|=  0.20622196177243349     
 done solving momentum eq...
 done solving w
 done tracer transport...
 done solving transport equation
 done recomputing levels...
 done density and flux calculation...
TIME STEP=          108;  TIME=         32400.000000
 done adjusting wind stress ...
 done flow b.c.
 done hvis... 
 done backtracking
 done 1st preparation
 done 2nd preparation
 done solver; etatot=   342.38368555551955      ; average |eta|=  0.20675343330647317     
 done solving momentum eq...
 done solving w
 done tracer transport...
 done solving transport equation
 done recomputing levels...
 done density and flux calculation...
TIME STEP=          109;  TIME=         32700.000000
 done adjusting wind stress ...
 done flow b.c.
 done hvis... 
 done backtracking
 done 1st preparation
 done 2nd preparation
 done solver; etatot=   343.96114077317134      ; average |eta|=  0.20770600288234983     
 done solving momentum eq...
 done solving w
 done tracer transport...
 done solving transport equation
 done recomputing levels...
 done density and flux calculation...
TIME STEP=          110;  TIME=         33000.000000
 done adjusting wind stress ...
 done flow b.c.
 done hvis... 
 done backtracking
 done 1st preparation
 done 2nd preparation
 done solver; etatot=   346.36019446863907      ; average |eta|=  0.20915470680473375     
 done solving momentum eq...
 done solving w
 done tracer transport...
 done solving transport equation
 done recomputing levels...
 done density and flux calculation...
TIME STEP=          111;  TIME=         33300.000000
 done adjusting wind stress ...
 done flow b.c.
 done hvis... 
 done backtracking
 done 1st preparation
 done 2nd preparation
 done solver; etatot=   349.57930576322610      ; average |eta|=  0.21109861459132012     
 done solving momentum eq...
 done solving w
 done tracer transport...
 done solving transport equation
 done recomputing levels...
 done density and flux calculation...
TIME STEP=          112;  TIME=         33600.000000
 done adjusting wind stress ...
 done flow b.c.
 done hvis... 
 done backtracking
 done 1st preparation
 done 2nd preparation
 done solver; etatot=   353.52779893941818      ; average |eta|=  0.21348297037404479     
 done solving momentum eq...
 done solving w
 done tracer transport...
 done solving transport equation
 done recomputing levels...
 done density and flux calculation...
TIME STEP=          113;  TIME=         33900.000000
 done adjusting wind stress ...
 done flow b.c.
 done hvis... 
 done backtracking
 done 1st preparation
 done 2nd preparation
 done solver; etatot=   357.96213907087724      ; average |eta|=  0.21616071199932202     
 done solving momentum eq...
 done solving w
 done tracer transport...
 done solving transport equation
 done recomputing levels...
 done density and flux calculation...
TIME STEP=          114;  TIME=         34200.000000
 done adjusting wind stress ...
 done flow b.c.
 done hvis... 
 done backtracking
 done 1st preparation
 done 2nd preparation
 done solver; etatot=   362.58457425125107      ; average |eta|=  0.21895203759133519     
 done solving momentum eq...
 done solving w
 done tracer transport...
 done solving transport equation
 done recomputing levels...
 done density and flux calculation...
TIME STEP=          115;  TIME=         34500.000000
 done adjusting wind stress ...
 done flow b.c.
 done hvis... 
 done backtracking
 done 1st preparation
 done 2nd preparation
 done solver; etatot=   367.06593859307952      ; average |eta|=  0.22165817547891276     
 done solving momentum eq...
 done solving w
 done tracer transport...
 done solving transport equation
 done recomputing levels...
 done density and flux calculation...
TIME STEP=          116;  TIME=         34800.000000
 done adjusting wind stress ...
 done flow b.c.
 done hvis... 
 done backtracking
 done 1st preparation
 done 2nd preparation
 done solver; etatot=   371.19813243863007      ; average |eta|=  0.22415346161753025     
 done solving momentum eq...
 done solving w
 done tracer transport...
 done solving transport equation
 done recomputing levels...
 done density and flux calculation...
TIME STEP=          117;  TIME=         35100.000000
 done adjusting wind stress ...
 done flow b.c.
 done hvis... 
 done backtracking
 done 1st preparation
 done 2nd preparation
 done solver; etatot=   374.73820978003516      ; average |eta|=  0.22629118948069757     
 done solving momentum eq...
 done solving w
 done tracer transport...
 done solving transport equation
 done recomputing levels...
 done density and flux calculation...
TIME STEP=          118;  TIME=         35400.000000
 done adjusting wind stress ...
 done flow b.c.
 done hvis... 
 done backtracking
 done 1st preparation
 done 2nd preparation
 done solver; etatot=   377.67069240848650      ; average |eta|=  0.22806201232396528     
 done solving momentum eq...
 done solving w
 done tracer transport...
 done solving transport equation
 done recomputing levels...
 done density and flux calculation...
TIME STEP=          119;  TIME=         35700.000000
 done adjusting wind stress ...
 done flow b.c.
 done hvis... 
 done backtracking
 done 1st preparation
 done 2nd preparation
 done solver; etatot=   380.07649755973426      ; average |eta|=  0.22951479321239993     
 done solving momentum eq...
 done solving w
 done tracer transport...
 done solving transport equation
 done recomputing levels...
 done density and flux calculation...
TIME STEP=          120;  TIME=         36000.000000
 done adjusting wind stress ...
 done flow b.c.
 done hvis... 
 done backtracking
 done 1st preparation
 done 2nd preparation
 done solver; etatot=   382.11636865215411      ; average |eta|=  0.23074659942762929     
 done solving momentum eq...
 done solving w
 done tracer transport...
 done solving transport equation
 done recomputing levels...
 done density and flux calculation...
TIME STEP=          121;  TIME=         36300.000000
 done adjusting wind stress ...
 done flow b.c.
 done hvis... 
 done backtracking
 done 1st preparation
 done 2nd preparation
 done solver; etatot=   383.98483395387075      ; average |eta|=  0.23187489973059827     
 done solving momentum eq...
 done solving w
 done tracer transport...
 done solving transport equation
 done recomputing levels...
 done density and flux calculation...
TIME STEP=          122;  TIME=         36600.000000
 done adjusting wind stress ...
 done flow b.c.
 done hvis... 
 done backtracking
 done 1st preparation
 done 2nd preparation
 done solver; etatot=   385.90881835236320      ; average |eta|=  0.23303672605819034     
 done solving momentum eq...
 done solving w
 done tracer transport...
 done solving transport equation
 done recomputing levels...
 done density and flux calculation...
TIME STEP=          123;  TIME=         36900.000000
 done adjusting wind stress ...
 done flow b.c.
 done hvis... 
 done backtracking
 done 1st preparation
 done 2nd preparation
 done solver; etatot=   388.09935574735448      ; average |eta|=  0.23435951434018990     
 done solving momentum eq...
 done solving w
 done tracer transport...
 done solving transport equation
 done recomputing levels...
 done density and flux calculation...
TIME STEP=          124;  TIME=         37200.000000
 done adjusting wind stress ...
 done flow b.c.
 done hvis... 
 done backtracking
 done 1st preparation
 done 2nd preparation
 done solver; etatot=   390.69877071763773      ; average |eta|=  0.23592920937055417     
 done solving momentum eq...
 done solving w
 done tracer transport...
 done solving transport equation
 done recomputing levels...
 done density and flux calculation...
TIME STEP=          125;  TIME=         37500.000000
 done adjusting wind stress ...
 done flow b.c.
 done hvis... 
 done backtracking
 done 1st preparation
 done 2nd preparation
 done solver; etatot=   393.76053646699989      ; average |eta|=  0.23777810173128014     
 done solving momentum eq...
 done solving w
 done tracer transport...
 done solving transport equation
 done recomputing levels...
 done density and flux calculation...
TIME STEP=          126;  TIME=         37800.000000
 done adjusting wind stress ...
 done flow b.c.
 done hvis... 
 done backtracking
 done 1st preparation
 done 2nd preparation
 done solver; etatot=   397.21210229121908      ; average |eta|=  0.23986238061063955     
 done solving momentum eq...
 done solving w
 done tracer transport...
 done solving transport equation
 done recomputing levels...
 done density and flux calculation...
TIME STEP=          127;  TIME=         38100.000000
 done adjusting wind stress ...
 done flow b.c.
 done hvis... 
 done backtracking
 done 1st preparation
 done 2nd preparation
 done solver; etatot=   400.92296776358234      ; average |eta|=  0.24210324140312942     
 done solving momentum eq...
 done solving w
 done tracer transport...
 done solving transport equation
 done recomputing levels...
 done density and flux calculation...
TIME STEP=          128;  TIME=         38400.000000
 done adjusting wind stress ...
 done flow b.c.
 done hvis... 
 done backtracking
 done 1st preparation
 done 2nd preparation
 done solver; etatot=   404.81471370268326      ; average |eta|=  0.24445332953060583     
 done solving momentum eq...
 done solving w
 done tracer transport...
 done solving transport equation
 done recomputing levels...
 done density and flux calculation...
TIME STEP=          129;  TIME=         38700.000000
 done adjusting wind stress ...
 done flow b.c.
 done hvis... 
 done backtracking
 done 1st preparation
 done 2nd preparation
 done solver; etatot=   408.85963189248537      ; average |eta|=  0.24689591297855396     
 done solving momentum eq...
 done solving w
 done tracer transport...
 done solving transport equation
 done recomputing levels...
 done density and flux calculation...
TIME STEP=          130;  TIME=         39000.000000
 done adjusting wind stress ...
 done flow b.c.
 done hvis... 
 done backtracking
 done 1st preparation
 done 2nd preparation
 done solver; etatot=   412.88979234594427      ; average |eta|=  0.24932958474996636     
 done solving momentum eq...
 done solving w
 done tracer transport...
 done solving transport equation
 done recomputing levels...
 done density and flux calculation...
TIME STEP=          131;  TIME=         39300.000000
 done adjusting wind stress ...
 done flow b.c.
 done hvis... 
 done backtracking
 done 1st preparation
 done 2nd preparation
 done solver; etatot=   416.69329715443462      ; average |eta|=  0.25162638717055230     
 done solving momentum eq...
 done solving w
 done tracer transport...
 done solving transport equation
 done recomputing levels...
 done density and flux calculation...
TIME STEP=          132;  TIME=         39600.000000
 done adjusting wind stress ...
 done flow b.c.
 done hvis... 
 done backtracking
 done 1st preparation
 done 2nd preparation
 done solver; etatot=   419.99527590536093      ; average |eta|=  0.25362033569164305     
 done solving momentum eq...
 done solving w
 done tracer transport...
 done solving transport equation
 done recomputing levels...
 done density and flux calculation...
TIME STEP=          133;  TIME=         39900.000000
 done adjusting wind stress ...
 done flow b.c.
 done hvis... 
 done backtracking
 done 1st preparation
 done 2nd preparation
 done solver; etatot=   422.63625488374362      ; average |eta|=  0.25521512976071475     
 done solving momentum eq...
 done solving w
 done tracer transport...
 done solving transport equation
 done recomputing levels...
 done density and flux calculation...
TIME STEP=          134;  TIME=         40200.000000
 done adjusting wind stress ...
 done flow b.c.
 done hvis... 
 done backtracking
 done 1st preparation
 done 2nd preparation
 done solver; etatot=   424.51026733664133      ; average |eta|=  0.25634677979265780     
 done solving momentum eq...
 done solving w
 done tracer transport...
 done solving transport equation
 done recomputing levels...
 done density and flux calculation...
TIME STEP=          135;  TIME=         40500.000000
 done adjusting wind stress ...
 done flow b.c.
 done hvis... 
 done backtracking
 done 1st preparation
 done 2nd preparation
 done solver; etatot=   425.41293169333392      ; average |eta|=  0.25689186696457361     
 done solving momentum eq...
 done solving w
 done tracer transport...
 done solving transport equation
 done recomputing levels...
 done density and flux calculation...
TIME STEP=          136;  TIME=         40800.000000
 done adjusting wind stress ...
 done flow b.c.
 done hvis... 
 done backtracking
 done 1st preparation
 done 2nd preparation
 done solver; etatot=   425.34857369551071      ; average |eta|=  0.25685300343931805     
 done solving momentum eq...
 done solving w
 done tracer transport...
 done solving transport equation
 done recomputing levels...
 done density and flux calculation...
TIME STEP=          137;  TIME=         41100.000000
 done adjusting wind stress ...
 done flow b.c.
 done hvis... 
 done backtracking
 done 1st preparation
 done 2nd preparation
 done solver; etatot=   424.43553471086801      ; average |eta|=  0.25630165139545169     
 done solving momentum eq...
 done solving w
 done tracer transport...
 done solving transport equation
 done recomputing levels...
 done density and flux calculation...
TIME STEP=          138;  TIME=         41400.000000
 done adjusting wind stress ...
 done flow b.c.
 done hvis... 
 done backtracking
 done 1st preparation
 done 2nd preparation
 done solver; etatot=   422.98658170302718      ; average |eta|=  0.25542667977235939     
 done solving momentum eq...
 done solving w
 done tracer transport...
 done solving transport equation
 done recomputing levels...
 done density and flux calculation...
TIME STEP=          139;  TIME=         41700.000000
 done adjusting wind stress ...
 done flow b.c.
 done hvis... 
 done backtracking
 done 1st preparation
 done 2nd preparation
 done solver; etatot=   421.42099806323210      ; average |eta|=  0.25448127902369089     
 done solving momentum eq...
 done solving w
 done tracer transport...
 done solving transport equation
 done recomputing levels...
 done density and flux calculation...
TIME STEP=          140;  TIME=         42000.000000
 done adjusting wind stress ...
 done flow b.c.
 done hvis... 
 done backtracking
 done 1st preparation
 done 2nd preparation
 done solver; etatot=   420.29305455903733      ; average |eta|=  0.25380015371922543     
 done solving momentum eq...
 done solving w
 done tracer transport...
 done solving transport equation
 done recomputing levels...
 done density and flux calculation...
TIME STEP=          141;  TIME=         42300.000000
 done adjusting wind stress ...
 done flow b.c.
 done hvis... 
 done backtracking
 done 1st preparation
 done 2nd preparation
 done solver; etatot=   420.13205658592875      ; average |eta|=  0.25370293272097144     
 done solving momentum eq...
 done solving w
 done tracer transport...
 done solving transport equation
 done recomputing levels...
 done density and flux calculation...
TIME STEP=          142;  TIME=         42600.000000
 done adjusting wind stress ...
 done flow b.c.
 done hvis... 
 done backtracking
 done 1st preparation
 done 2nd preparation
 done solver; etatot=   421.19116223879627      ; average |eta|=  0.25434248927463543     
 done solving momentum eq...
 done solving w
 done tracer transport...
 done solving transport equation
 done recomputing levels...
 done density and flux calculation...
TIME STEP=          143;  TIME=         42900.000000
 done adjusting wind stress ...
 done flow b.c.
 done hvis... 
 done backtracking
 done 1st preparation
 done 2nd preparation
 done solver; etatot=   423.52468671781259      ; average |eta|=  0.25575162241413801     
 done solving momentum eq...
 done solving w
 done tracer transport...
 done solving transport equation
 done recomputing levels...
 done density and flux calculation...
TIME STEP=          144;  TIME=         43200.000000

Run completed successfully at 20250926, 125609.122
