   3.47222225E-03   83607546218721.328        142754122524404.22     
   6.94444450E-03   83607546218799.094        142754238856682.56     
   1.04166670E-02   83607546220626.188        142754406435319.12     
   1.38888890E-02   83607546240343.250        142754622310118.06     
   1.73611119E-02   83607546369081.219        142754880047993.22     
   2.08333340E-02   83607546944170.656        142755183655612.56     
   2.43055560E-02   83607548796368.359        142755526481165.97     
   2.77777780E-02   83607553216153.688        142755913301865.00     
   3.12500000E-02   83607560231073.781        142756338625100.06     
   3.47222239E-02   83607569043698.062        142756803733121.12     
   3.81944440E-02   83607579082739.312        142757310620835.06     
   4.16666679E-02   83607590605816.562        142757859414010.34     
   4.51388881E-02   83607604489900.875        142758448280458.72     
   4.86111119E-02   83607619912331.969        142759074394481.28     
   5.20833321E-02   83607635365605.375        142759733509396.06     
   5.55555560E-02   83607650737353.906        142760424686981.41     
   5.90277761E-02   83607666374304.406        142761146986978.44     
   6.25000000E-02   83607681392173.719        142761894472943.44     
   6.59722239E-02   83607695052904.625        142762661202897.25     
   6.94444478E-02   83607707198193.562        142763445912222.75     
   7.29166642E-02   83607716812036.844        142764247640458.44     
   7.63888881E-02   83607723375776.750        142765066602468.41     
   7.98611119E-02   83607728335842.422        142765906416271.84     
   8.33333358E-02   83607731886272.219        142766768999539.88     
   8.68055522E-02   83607733771832.828        142767655713023.38     
   9.02777761E-02   83607733660195.719        142768569035370.88     
   9.37500000E-02   83607731842206.625        142769515689271.06     
   9.72222239E-02   83607729099631.953        142770502136378.78     
  0.100694448       83607725877779.281        142771530432943.88     
  0.104166664       83607724244692.484        142772605410042.72     
  0.107638888       83607722333568.000        142773727762295.16     
  0.111111112       83607718725872.922        142774899715050.19     
  0.114583336       83607714593689.500        142776127405837.16     
  0.118055552       83607710446842.031        142777416455376.28     
  0.121527776       83607705589968.188        142778770905817.75     
  0.125000000       83607700676854.531        142780197899999.44     
  0.128472224       83607696229189.500        142781705193189.94     
  0.131944448       83607692475484.609        142783297271116.94     
  0.135416672       83607690522070.953        142784973564831.56     
  0.138888896       83607693027376.375        142786730868838.94     
  0.142361104       83607698775730.734        142788555102001.38     
  0.145833328       83607705199637.141        142790439683105.75     
  0.149305552       83607712172937.094        142792389852001.09     
  0.152777776       83607720716894.188        142794422071180.41     
  0.156250000       83607730274855.938        142796552467505.50     
  0.159722224       83607740461113.016        142798779118787.19     
  0.163194448       83607751067704.250        142801096162660.00     
  0.166666672       83607761953711.719        142803504362464.19     
  0.170138896       83607772729829.625        142806014620448.88     
  0.173611104       83607783650177.344        142808635655602.66     
  0.177083328       83607794926648.375        142811360764782.72     
  0.180555552       83607806311423.938        142814176199047.09     
  0.184027776       83607817456107.188        142817071647036.28     
  0.187500000       83607828173060.438        142820033872752.81     
  0.190972224       83607838507569.219        142823054235547.00     
  0.194444448       83607848351805.281        142826127288033.44     
  0.197916672       83607857055447.078        142829247298158.50     
  0.201388896       83607863988877.031        142832408907764.69     
  0.204861104       83607868830584.844        142835608564421.47     
  0.208333328       83607871612254.000        142838843898864.28     
  0.211805552       83607871887204.969        142842112954767.38     
  0.215277776       83607868668422.375        142845415823694.06     
  0.218750000       83607864265620.750        142848755245317.00     
  0.222222224       83607859462472.062        142852126328033.72     
  0.225694448       83607853859045.438        142855521582121.41     
  0.229166672       83607847120936.250        142858933635287.81     
  0.232638896       83607840196477.094        142862359706105.34     
  0.236111104       83607833605672.422        142865798553157.09     
  0.239583328       83607827525461.625        142869255841089.41     
  0.243055552       83607821847582.031        142872741125542.72     
  0.246527776       83607816981723.344        142876265963390.72     
  0.250000000       83607813091239.062        142879839627562.94     
  0.253472209       83607810537768.562        142883469226622.59     
  0.256944448       83607809437599.594        142887160087046.25     
  0.260416657       83607808333903.203        142890910421972.94     
  0.263888896       83607807618480.000        142894715827887.88     
  0.267361104       83607807801928.344        142898568722998.19     
  0.270833343       83607809186438.188        142902464819323.53     
  0.274305552       83607811586795.844        142906397258351.53     
  0.277777791       83607816789852.000        142910363736871.12     
  0.281250000       83607822315116.484        142914359631355.81     
  0.284722209       83607828934608.531        142918389289999.69     
  0.288194448       83607837376920.844        142922458724535.31     
  0.291666657       83607848109653.125        142926573868683.12     
  0.295138896       83607859926759.594        142930737808056.91     
  0.298611104       83607872540970.797        142934954433701.09     
  0.302083343       83607884985531.188        142939224975528.22     
  0.305555552       83607897042717.281        142943550699737.28     
  0.309027791       83607907750078.500        142947931791222.41     
  0.312500000       83607916754728.094        142952368847227.69     
  0.315972209       83607923939277.406        142956859853269.69     
  0.319444448       83607928471129.781        142961395169342.78     
  0.322916657       83607930201631.125        142965961398446.88     
  0.326388896       83607929254989.562        142970545876841.81     
  0.329861104       83607926210287.547        142975141560316.12     
  0.333333343       83607921291229.969        142979745599095.62     
  0.336805552       83607915219627.438        142984359112122.31     
  0.340277791       83607909564039.234        142988986182819.94     
  0.343750000       83607904300976.797        142993626453380.16     
  0.347222209       83607898607210.188        142998278433800.81     
  0.350694448       83607893251685.250        143002946305694.94     
  0.354166657       83607890154929.750        143007640753999.84     
  0.357638896       83607887372957.969        143012371295824.91     
  0.361111104       83607883985850.625        143017153529697.50     
  0.364583343       83607880454622.469        143022007691150.06     
  0.368055552       83607877005758.594        143026952239923.44     
  0.371527791       83607873633020.344        143032001280417.50     
  0.375000000       83607870494996.625        143037164004410.69     
  0.378472209       83607867777100.594        143042444849993.19     
  0.381944448       83607866470976.578        143047847424624.88     
  0.385416657       83607866985460.531        143053373763909.31     
  0.388888896       83607869409845.672        143059022908918.88     
  0.392361104       83607873320622.562        143064785968378.22     
  0.395833343       83607878839673.031        143070646448619.03     
  0.399305552       83607885822007.688        143076584092366.72     
  0.402777791       83607894139412.812        143082582541244.56     
  0.406250000       83607903219261.609        143088631728938.78     
  0.409722209       83607912813373.344        143094725834541.34     
  0.413194448       83607922541334.938        143100860672203.41     
  0.416666657       83607931462435.688        143107030595169.91     
  0.420138896       83607939144465.125        143113235556186.28     
  0.423611104       83607946424977.156        143119490762624.88     
  0.427083343       83607953114561.391        143125824404023.19     
  0.430555552       83607959126387.125        143132276557436.88     
  0.434027791       83607964437204.938        143138887917681.38     
  0.437500000       83607969122006.188        143145690642756.03     
  0.440972209       83607972657478.297        143152696063847.06     
  0.444444448       83607974790626.281        143159890251270.88     
  0.447916657       83607975096417.375        143167243006068.59     
  0.451388896       83607973903879.000        143174723870256.34     
  0.454861104       83607971302017.656        143182301112161.91     
  0.458333343       83607968368852.281        143189940372172.38     
  0.461805552       83607965226042.922        143197610483092.94     
  0.465277791       83607961309808.438        143205296377703.75     
  0.468750000       83607956513735.594        143213003040124.81     
  0.472222209       83607951626040.844        143220755022604.88     
  0.475694448       83607947409884.781        143228573099983.75     
  0.479166657       83607944304128.844        143236466370964.16     
  0.482638896       83607943587905.047        143244434703809.88     
  0.486111104       83607944840841.438        143252485758837.34     
  0.489583343       83607946695419.750        143260653903146.75     
  0.493055552       83607948320118.062        143269005350009.69     
  0.496527791       83607950349288.438        143277609925139.75     
  0.500000000       83607952736576.438        143286499832840.84     
